#
# There is insufficient memory for the Java Runtime Environment to continue.
# Native memory allocation (malloc) failed to allocate 1313056 bytes for Chunk::new
# Possible reasons:
#   The system is out of physical RAM or swap space
#   The process is running with CompressedOops enabled, and the Java Heap may be blocking the growth of the native heap
# Possible solutions:
#   Reduce memory load on the system
#   Increase physical memory or swap space
#   Check if swap backing store is full
#   Decrease Java heap size (-Xmx/-Xms)
#   Decrease number of Java threads
#   Decrease Java thread stack sizes (-Xss)
#   Set larger code cache with -XX:ReservedCodeCacheSize=
#   JVM is running with Zero Based Compressed Oops mode in which the Java heap is
#     placed in the first 32GB address space. The Java Heap base address is the
#     maximum limit for the native heap growth. Please use -XX:HeapBaseMinAddress
#     to set the Java Heap base and to place the Java Heap above 32GB virtual address.
# This output file may be truncated or incomplete.
#
#  Out of Memory Error (arena.cpp:189), pid=48548, tid=50056
#
# JRE version: Java(TM) SE Runtime Environment (17.0.12+8) (build 17.0.12+8-LTS-286)
# Java VM: Java HotSpot(TM) 64-Bit Server VM (17.0.12+8-LTS-286, mixed mode, sharing, tiered, compressed oops, compressed class ptrs, g1 gc, windows-amd64)
# No core dump will be written. Minidumps are not enabled by default on client versions of Windows
#

---------------  S U M M A R Y ------------

Command Line: --add-opens=java.base/java.lang=ALL-UNNAMED --add-opens=java.base/java.lang.invoke=ALL-UNNAMED --add-opens=java.base/java.util=ALL-UNNAMED --add-opens=java.prefs/java.util.prefs=ALL-UNNAMED --add-exports=jdk.compiler/com.sun.tools.javac.api=ALL-UNNAMED --add-exports=jdk.compiler/com.sun.tools.javac.util=ALL-UNNAMED --add-opens=java.base/java.util=ALL-UNNAMED --add-opens=java.prefs/java.util.prefs=ALL-UNNAMED --add-opens=java.base/java.nio.charset=ALL-UNNAMED --add-opens=java.base/java.net=ALL-UNNAMED --add-opens=java.base/java.util.concurrent=ALL-UNNAMED --add-opens=java.base/java.util.concurrent.atomic=ALL-UNNAMED --add-opens=java.xml/javax.xml.namespace=ALL-UNNAMED --add-opens=java.base/java.time=ALL-UNNAMED -Xmx4096m -Dfile.encoding=UTF-8 -Duser.country=KR -Duser.language=ko -Duser.variant -javaagent:C:\Users\rc\.gradle\wrapper\dists\gradle-9.1.0-bin\9agqghryom9wkf8r80qlhnts3\gradle-9.1.0\lib\agents\gradle-instrumentation-agent-9.1.0.jar org.gradle.launcher.daemon.bootstrap.GradleDaemon 9.1.0

Host: AMD Ryzen 9 9900X 12-Core Processor            , 24 cores, 31G,  Windows 10 , 64 bit Build 19041 (10.0.19041.5915)
Time: Mon Feb  2 05:05:59 2026  Windows 10 , 64 bit Build 19041 (10.0.19041.5915) elapsed time: 2.975839 seconds (0d 0h 0m 2s)

---------------  T H R E A D  ---------------

Current thread (0x00000257453773d0):  JavaThread "C2 CompilerThread4" daemon [_thread_in_native, id=50056, stack(0x00000068ab100000,0x00000068ab200000)]


Current CompileTask:
C2:   2975 5726       4       groovyjarjarantlr4.v4.runtime.atn.ParserATNSimulator::computeTargetState (583 bytes)

Stack: [0x00000068ab100000,0x00000068ab200000]
Native frames: (J=compiled Java code, j=interpreted, Vv=VM code, C=native code)
V  [jvm.dll+0x67a04a]
V  [jvm.dll+0x7da4ed]
V  [jvm.dll+0x7dbe33]
V  [jvm.dll+0x7dc4a3]
V  [jvm.dll+0x24508f]
V  [jvm.dll+0xab773]
V  [jvm.dll+0xabd3c]
V  [jvm.dll+0x2aa52f]
V  [jvm.dll+0x581eb9]
V  [jvm.dll+0x21f422]
V  [jvm.dll+0x21f81f]
V  [jvm.dll+0x218aa0]
V  [jvm.dll+0x215b65]
V  [jvm.dll+0x1a2960]
V  [jvm.dll+0x22610b]
V  [jvm.dll+0x2242ab]
V  [jvm.dll+0x79075c]
V  [jvm.dll+0x78abea]
V  [jvm.dll+0x678f35]
C  [ucrtbase.dll+0x21bb2]
C  [KERNEL32.DLL+0x17374]
C  [ntdll.dll+0x4cc91]


---------------  P R O C E S S  ---------------

Threads class SMR info:
_java_thread_list=0x0000025747e34730, length=46, elements={
0x000002575b4d14c0, 0x000002577f51e480, 0x000002577f51ef50, 0x000002577f52e770,
0x000002577fa6a7b0, 0x000002577fa6d090, 0x000002577fa6d960, 0x000002577fa6e560,
0x000002577fa6ee70, 0x000002577fa7cca0, 0x000002577fb7b7b0, 0x000002577fb80420,
0x000002577fb80940, 0x000002577fb91e40, 0x000002577fbec770, 0x000002577fb78000,
0x000002577fd5d0f0, 0x0000025745000490, 0x00000257453773d0, 0x000002577fb78f30,
0x000002577fb79e60, 0x000002577fb78510, 0x000002577fb78a20, 0x000002577fb7b2a0,
0x000002577fb7a880, 0x000002577fb79440, 0x000002577fb7ad90, 0x00000257474b8fa0,
0x00000257474bf4e0, 0x00000257474bb820, 0x00000257474beac0, 0x00000257474b8070,
0x00000257474b9ed0, 0x00000257474bf9f0, 0x00000257474ba3e0, 0x00000257474bb310,
0x00000257474bae00, 0x00000257474bbd30, 0x00000257474b8580, 0x00000257474bc750,
0x00000257474bd170, 0x00000257474bd680, 0x00000257474b94b0, 0x0000025747560800,
0x00000257474b99c0, 0x00000257474be5b0
}

Java Threads: ( => current thread )
  0x000002575b4d14c0 JavaThread "main" [_thread_blocked, id=51660, stack(0x00000068a9800000,0x00000068a9900000)]
  0x000002577f51e480 JavaThread "Reference Handler" daemon [_thread_blocked, id=66324, stack(0x00000068a9f00000,0x00000068aa000000)]
  0x000002577f51ef50 JavaThread "Finalizer" daemon [_thread_blocked, id=66296, stack(0x00000068aa000000,0x00000068aa100000)]
  0x000002577f52e770 JavaThread "Signal Dispatcher" daemon [_thread_blocked, id=66372, stack(0x00000068aa100000,0x00000068aa200000)]
  0x000002577fa6a7b0 JavaThread "Attach Listener" daemon [_thread_blocked, id=48604, stack(0x00000068aa200000,0x00000068aa300000)]
  0x000002577fa6d090 JavaThread "Service Thread" daemon [_thread_blocked, id=54552, stack(0x00000068aa300000,0x00000068aa400000)]
  0x000002577fa6d960 JavaThread "Monitor Deflation Thread" daemon [_thread_blocked, id=54108, stack(0x00000068aa400000,0x00000068aa500000)]
  0x000002577fa6e560 JavaThread "C2 CompilerThread0" daemon [_thread_in_native, id=8576, stack(0x00000068aa500000,0x00000068aa600000)]
  0x000002577fa6ee70 JavaThread "C1 CompilerThread0" daemon [_thread_blocked, id=43836, stack(0x00000068aa600000,0x00000068aa700000)]
  0x000002577fa7cca0 JavaThread "Sweeper thread" daemon [_thread_blocked, id=50500, stack(0x00000068aa700000,0x00000068aa800000)]
  0x000002577fb7b7b0 JavaThread "Common-Cleaner" daemon [_thread_blocked, id=55560, stack(0x00000068aa800000,0x00000068aa900000)]
  0x000002577fb80420 JavaThread "C1 CompilerThread1" daemon [_thread_blocked, id=15940, stack(0x00000068aa900000,0x00000068aaa00000)]
  0x000002577fb80940 JavaThread "C1 CompilerThread2" daemon [_thread_blocked, id=33432, stack(0x00000068aaa00000,0x00000068aab00000)]
  0x000002577fb91e40 JavaThread "C1 CompilerThread3" daemon [_thread_blocked, id=36128, stack(0x00000068aab00000,0x00000068aac00000)]
  0x000002577fbec770 JavaThread "C2 CompilerThread1" daemon [_thread_in_native, id=65788, stack(0x00000068aac00000,0x00000068aad00000)]
  0x000002577fb78000 JavaThread "Notification Thread" daemon [_thread_blocked, id=65716, stack(0x00000068aad00000,0x00000068aae00000)]
  0x000002577fd5d0f0 JavaThread "C2 CompilerThread2" daemon [_thread_in_native, id=65768, stack(0x00000068aaf00000,0x00000068ab000000)]
  0x0000025745000490 JavaThread "C2 CompilerThread3" daemon [_thread_in_native, id=24104, stack(0x00000068ab000000,0x00000068ab100000)]
=>0x00000257453773d0 JavaThread "C2 CompilerThread4" daemon [_thread_in_native, id=50056, stack(0x00000068ab100000,0x00000068ab200000)]
  0x000002577fb78f30 JavaThread "Daemon health stats" [_thread_blocked, id=52352, stack(0x00000068abc00000,0x00000068abd00000)]
  0x000002577fb79e60 JavaThread "Incoming local TCP Connector on port 1049" [_thread_in_native, id=64272, stack(0x00000068abd00000,0x00000068abe00000)]
  0x000002577fb78510 JavaThread "Daemon periodic checks" [_thread_blocked, id=65136, stack(0x00000068abe00000,0x00000068abf00000)]
  0x000002577fb78a20 JavaThread "Daemon" [_thread_blocked, id=51052, stack(0x00000068abf00000,0x00000068ac000000)]
  0x000002577fb7b2a0 JavaThread "Handler for socket connection from /127.0.0.1:1049 to /127.0.0.1:1051" [_thread_in_native, id=62720, stack(0x00000068ac000000,0x00000068ac100000)]
  0x000002577fb7a880 JavaThread "Cancel handler" [_thread_blocked, id=65664, stack(0x00000068ac100000,0x00000068ac200000)]
  0x000002577fb79440 JavaThread "Daemon worker" [_thread_in_Java, id=38272, stack(0x00000068ac200000,0x00000068ac300000)]
  0x000002577fb7ad90 JavaThread "Asynchronous log dispatcher for DefaultDaemonConnection: socket connection from /127.0.0.1:1049 to /127.0.0.1:1051" [_thread_blocked, id=63592, stack(0x00000068ac300000,0x00000068ac400000)]
  0x00000257474b8fa0 JavaThread "Stdin handler" [_thread_blocked, id=56012, stack(0x00000068ac400000,0x00000068ac500000)]
  0x00000257474bf4e0 JavaThread "Daemon client event forwarder" [_thread_blocked, id=3404, stack(0x00000068ac500000,0x00000068ac600000)]
  0x00000257474bb820 JavaThread "Cache worker for journal cache (C:\Users\rc\.gradle\caches\journal-1)" [_thread_blocked, id=61848, stack(0x00000068ac600000,0x00000068ac700000)]
  0x00000257474beac0 JavaThread "File lock request listener" [_thread_in_native, id=48008, stack(0x00000068ac700000,0x00000068ac800000)]
  0x00000257474b8070 JavaThread "Cache worker for file hash cache (C:\Users\rc\.gradle\caches\9.1.0\fileHashes)" [_thread_blocked, id=38112, stack(0x00000068ac800000,0x00000068ac900000)]
  0x00000257474b9ed0 JavaThread "Cache worker for file hash cache (C:\rc\_cube\empecs\empecs_cgms\docs\Android-nRF-Toolbox-main\.gradle\9.1.0\fileHashes)" [_thread_blocked, id=60648, stack(0x00000068ad400000,0x00000068ad500000)]
  0x00000257474bf9f0 JavaThread "Cache worker for Build Output Cleanup Cache (C:\rc\_cube\empecs\empecs_cgms\docs\Android-nRF-Toolbox-main\.gradle\buildOutputCleanup)" [_thread_blocked, id=55144, stack(0x00000068ad500000,0x00000068ad600000)]
  0x00000257474ba3e0 JavaThread "File watcher server" daemon [_thread_in_native, id=59600, stack(0x00000068ad600000,0x00000068ad700000)]
  0x00000257474bb310 JavaThread "File watcher consumer" daemon [_thread_blocked, id=60520, stack(0x00000068ad700000,0x00000068ad800000)]
  0x00000257474bae00 JavaThread "jar transforms" [_thread_blocked, id=60164, stack(0x00000068ad800000,0x00000068ad900000)]
  0x00000257474bbd30 JavaThread "jar transforms Thread 2" [_thread_blocked, id=60156, stack(0x00000068ad900000,0x00000068ada00000)]
  0x00000257474b8580 JavaThread "jar transforms Thread 3" [_thread_blocked, id=59452, stack(0x00000068ada00000,0x00000068adb00000)]
  0x00000257474bc750 JavaThread "Cache worker for checksums cache (C:\rc\_cube\empecs\empecs_cgms\docs\Android-nRF-Toolbox-main\.gradle\9.1.0\checksums)" [_thread_blocked, id=60024, stack(0x00000068adc00000,0x00000068add00000)]
  0x00000257474bd170 JavaThread "Cache worker for file content cache (C:\Users\rc\.gradle\caches\9.1.0\fileContent)" [_thread_blocked, id=24176, stack(0x00000068add00000,0x00000068ade00000)]
  0x00000257474bd680 JavaThread "Cache worker for cache directory md-supplier (C:\Users\rc\.gradle\caches\9.1.0\md-supplier)" [_thread_blocked, id=60332, stack(0x00000068ade00000,0x00000068adf00000)]
  0x00000257474b94b0 JavaThread "Cache worker for cache directory md-rule (C:\Users\rc\.gradle\caches\9.1.0\md-rule)" [_thread_blocked, id=61000, stack(0x00000068adf00000,0x00000068ae000000)]
  0x0000025747560800 JavaThread "C2 CompilerThread5" daemon [_thread_in_native, id=60508, stack(0x00000068ae000000,0x00000068ae100000)]
  0x00000257474b99c0 JavaThread "jar transforms Thread 4" [_thread_blocked, id=60184, stack(0x00000068ae100000,0x00000068ae200000)]
  0x00000257474be5b0 JavaThread "jar transforms Thread 5" [_thread_blocked, id=64832, stack(0x00000068ae200000,0x00000068ae300000)]

Other Threads:
  0x000002577f519bc0 VMThread "VM Thread" [stack: 0x00000068a9e00000,0x00000068a9f00000] [id=66376]
  0x000002575b54bd90 WatcherThread [stack: 0x00000068aae00000,0x00000068aaf00000] [id=53884]
  0x000002575b53d8a0 GCTaskThread "GC Thread#0" [stack: 0x00000068a9900000,0x00000068a9a00000] [id=34396]
  0x000002577fd21040 GCTaskThread "GC Thread#1" [stack: 0x00000068ab200000,0x00000068ab300000] [id=64188]
  0x000002577fd20d80 GCTaskThread "GC Thread#2" [stack: 0x00000068ab300000,0x00000068ab400000] [id=64416]
  0x000002577fd21300 GCTaskThread "GC Thread#3" [stack: 0x00000068ab400000,0x00000068ab500000] [id=64316]
  0x000002577fd20540 GCTaskThread "GC Thread#4" [stack: 0x00000068ab500000,0x00000068ab600000] [id=50824]
  0x000002577fd20800 GCTaskThread "GC Thread#5" [stack: 0x00000068ab600000,0x00000068ab700000] [id=61464]
  0x000002577fd215c0 GCTaskThread "GC Thread#6" [stack: 0x00000068ab700000,0x00000068ab800000] [id=66036]
  0x000002577fd1fa40 GCTaskThread "GC Thread#7" [stack: 0x00000068ab800000,0x00000068ab900000] [id=64404]
  0x000002577fd1fd00 GCTaskThread "GC Thread#8" [stack: 0x00000068ab900000,0x00000068aba00000] [id=65748]
  0x000002577fd1ffc0 GCTaskThread "GC Thread#9" [stack: 0x00000068aba00000,0x00000068abb00000] [id=64396]
  0x000002577fd20ac0 GCTaskThread "GC Thread#10" [stack: 0x00000068abb00000,0x00000068abc00000] [id=66024]
  0x00000257467eafa0 GCTaskThread "GC Thread#11" [stack: 0x00000068ac900000,0x00000068aca00000] [id=47520]
  0x00000257467eb520 GCTaskThread "GC Thread#12" [stack: 0x00000068aca00000,0x00000068acb00000] [id=36360]
  0x00000257467eb7e0 GCTaskThread "GC Thread#13" [stack: 0x00000068acb00000,0x00000068acc00000] [id=47908]
  0x00000257467eaa20 GCTaskThread "GC Thread#14" [stack: 0x00000068acc00000,0x00000068acd00000] [id=60868]
  0x00000257467ea760 GCTaskThread "GC Thread#15" [stack: 0x00000068acd00000,0x00000068ace00000] [id=60936]
  0x00000257467e8be0 GCTaskThread "GC Thread#16" [stack: 0x00000068ace00000,0x00000068acf00000] [id=41352]
  0x00000257467ea4a0 GCTaskThread "GC Thread#17" [stack: 0x00000068acf00000,0x00000068ad000000] [id=61228]
  0x000002575b4efdb0 ConcurrentGCThread "G1 Main Marker" [stack: 0x00000068a9a00000,0x00000068a9b00000] [id=66364]
  0x00000257593bb330 ConcurrentGCThread "G1 Conc#0" [stack: 0x00000068a9b00000,0x00000068a9c00000] [id=66288]
  0x0000025747e478b0 ConcurrentGCThread "G1 Conc#1" [stack: 0x00000068ad000000,0x00000068ad100000] [id=28208]
  0x0000025747e47b70 ConcurrentGCThread "G1 Conc#2" [stack: 0x00000068ad100000,0x00000068ad200000] [id=60300]
  0x0000025747e47e30 ConcurrentGCThread "G1 Conc#3" [stack: 0x00000068ad200000,0x00000068ad300000] [id=60296]
  0x0000025747e47330 ConcurrentGCThread "G1 Conc#4" [stack: 0x00000068ad300000,0x00000068ad400000] [id=54172]
  0x000002577f4a9880 ConcurrentGCThread "G1 Refine#0" [stack: 0x00000068a9c00000,0x00000068a9d00000] [id=49756]
  0x000002574a55edb0 ConcurrentGCThread "G1 Refine#1" [stack: 0x00000068adb00000,0x00000068adc00000] [id=59876]
  0x000002577f4aa060 ConcurrentGCThread "G1 Service" [stack: 0x00000068a9d00000,0x00000068a9e00000] [id=66404]

Threads with active compile tasks:
C2 CompilerThread0     2995 5651       4       groovyjarjarantlr4.v4.runtime.atn.ParserATNSimulator::closure (772 bytes)
C2 CompilerThread1     2995 5741       4       java.util.TimSort::gallopRight (335 bytes)
C2 CompilerThread2     2995 5744       4       java.util.TimSort::mergeLo (659 bytes)
C2 CompilerThread3     2995 5743       4       groovyjarjarantlr4.v4.runtime.atn.ParserATNSimulator::isConflicted (801 bytes)
C2 CompilerThread4     2995 5726       4       groovyjarjarantlr4.v4.runtime.atn.ParserATNSimulator::computeTargetState (583 bytes)
C2 CompilerThread5     2995 5667 %     4       groovyjarjarantlr4.v4.runtime.atn.LexerATNSimulator::getReachableConfigSet @ 9 (199 bytes)

VM state: not at safepoint (normal execution)

VM Mutex/Monitor currently owned by a thread: None

Heap address: 0x0000000700000000, size: 4096 MB, Compressed Oops mode: Zero based, Oop shift amount: 3

CDS archive(s) mapped at: [0x0000025700000000-0x0000025700bd0000-0x0000025700bd0000), size 12386304, SharedBaseAddress: 0x0000025700000000, ArchiveRelocationMode: 1.
Compressed class space mapped at: 0x0000025701000000-0x0000025741000000, reserved size: 1073741824
Narrow klass base: 0x0000025700000000, Narrow klass shift: 0, Narrow klass range: 0x100000000

GC Precious Log:
 CPUs: 24 total, 24 available
 Memory: 31830M
 Large Page Support: Disabled
 NUMA Support: Disabled
 Compressed Oops: Enabled (Zero based)
 Heap Region Size: 2M
 Heap Min Capacity: 8M
 Heap Initial Capacity: 498M
 Heap Max Capacity: 4G
 Pre-touch: Disabled
 Parallel Workers: 18
 Concurrent Workers: 5
 Concurrent Refinement Workers: 18
 Periodic GC: Disabled

Heap:
 garbage-first heap   total 301056K, used 205828K [0x0000000700000000, 0x0000000800000000)
  region size 2048K, 86 young (176128K), 1 survivors (2048K)
 Metaspace       used 44739K, committed 45248K, reserved 1114112K
  class space    used 6242K, committed 6464K, reserved 1048576K

Heap Regions: E=young(eden), S=young(survivor), O=old, HS=humongous(starts), HC=humongous(continues), CS=collection set, F=free, OA=open archive, CA=closed archive, TAMS=top-at-mark-start (previous, next)
|   0|0x0000000700000000, 0x0000000700200000, 0x0000000700200000|100%|HS|  |TAMS 0x0000000700200000, 0x0000000700000000| Complete 
|   1|0x0000000700200000, 0x0000000700400000, 0x0000000700400000|100%|HC|  |TAMS 0x0000000700400000, 0x0000000700200000| Complete 
|   2|0x0000000700400000, 0x0000000700600000, 0x0000000700600000|100%| O|  |TAMS 0x0000000700600000, 0x0000000700400000| Untracked 
|   3|0x0000000700600000, 0x0000000700800000, 0x0000000700800000|100%| O|  |TAMS 0x0000000700800000, 0x0000000700600000| Untracked 
|   4|0x0000000700800000, 0x0000000700a00000, 0x0000000700a00000|100%| O|  |TAMS 0x0000000700a00000, 0x0000000700800000| Untracked 
|   5|0x0000000700a00000, 0x0000000700c00000, 0x0000000700c00000|100%| O|  |TAMS 0x0000000700a00000, 0x0000000700a00000| Untracked 
|   6|0x0000000700c00000, 0x0000000700e00000, 0x0000000700e00000|100%| O|  |TAMS 0x0000000700e00000, 0x0000000700c00000| Untracked 
|   7|0x0000000700e00000, 0x0000000701000000, 0x0000000701000000|100%| O|  |TAMS 0x0000000701000000, 0x0000000700e00000| Untracked 
|   8|0x0000000701000000, 0x0000000701200000, 0x0000000701200000|100%| O|  |TAMS 0x0000000701200000, 0x0000000701000000| Untracked 
|   9|0x0000000701200000, 0x0000000701400000, 0x0000000701400000|100%| O|  |TAMS 0x0000000701400000, 0x0000000701200000| Untracked 
|  10|0x0000000701400000, 0x0000000701600000, 0x0000000701600000|100%| O|  |TAMS 0x0000000701600000, 0x0000000701400000| Untracked 
|  11|0x0000000701600000, 0x0000000701800000, 0x0000000701800000|100%| O|  |TAMS 0x0000000701800000, 0x0000000701600000| Untracked 
|  12|0x0000000701800000, 0x0000000701a00000, 0x0000000701a00000|100%| O|  |TAMS 0x0000000701800000, 0x0000000701800000| Untracked 
|  13|0x0000000701a00000, 0x0000000701c00000, 0x0000000701c00000|100%| O|  |TAMS 0x0000000701a00000, 0x0000000701a00000| Untracked 
|  14|0x0000000701c00000, 0x0000000701c1e200, 0x0000000701e00000|  5%| O|  |TAMS 0x0000000701c00000, 0x0000000701c00000| Untracked 
|  15|0x0000000701e00000, 0x0000000702000000, 0x0000000702000000|100%| O|  |TAMS 0x0000000702000000, 0x0000000701e00000| Untracked 
|  16|0x0000000702000000, 0x0000000702200000, 0x0000000702200000|100%| O|  |TAMS 0x0000000702200000, 0x0000000702000000| Untracked 
|  17|0x0000000702200000, 0x0000000702200000, 0x0000000702400000|  0%| F|  |TAMS 0x0000000702200000, 0x0000000702200000| Untracked 
|  18|0x0000000702400000, 0x0000000702400000, 0x0000000702600000|  0%| F|  |TAMS 0x0000000702400000, 0x0000000702400000| Untracked 
|  19|0x0000000702600000, 0x0000000702600000, 0x0000000702800000|  0%| F|  |TAMS 0x0000000702600000, 0x0000000702600000| Untracked 
|  20|0x0000000702800000, 0x0000000702800000, 0x0000000702a00000|  0%| F|  |TAMS 0x0000000702800000, 0x0000000702800000| Untracked 
|  21|0x0000000702a00000, 0x0000000702a00000, 0x0000000702c00000|  0%| F|  |TAMS 0x0000000702a00000, 0x0000000702a00000| Untracked 
|  22|0x0000000702c00000, 0x0000000702c00000, 0x0000000702e00000|  0%| F|  |TAMS 0x0000000702c00000, 0x0000000702c00000| Untracked 
|  23|0x0000000702e00000, 0x0000000702e00000, 0x0000000703000000|  0%| F|  |TAMS 0x0000000702e00000, 0x0000000702e00000| Untracked 
|  24|0x0000000703000000, 0x0000000703000000, 0x0000000703200000|  0%| F|  |TAMS 0x0000000703000000, 0x0000000703000000| Untracked 
|  25|0x0000000703200000, 0x0000000703200000, 0x0000000703400000|  0%| F|  |TAMS 0x0000000703200000, 0x0000000703200000| Untracked 
|  26|0x0000000703400000, 0x0000000703400000, 0x0000000703600000|  0%| F|  |TAMS 0x0000000703400000, 0x0000000703400000| Untracked 
|  27|0x0000000703600000, 0x0000000703600000, 0x0000000703800000|  0%| F|  |TAMS 0x0000000703600000, 0x0000000703600000| Untracked 
|  28|0x0000000703800000, 0x0000000703800000, 0x0000000703a00000|  0%| F|  |TAMS 0x0000000703800000, 0x0000000703800000| Untracked 
|  29|0x0000000703a00000, 0x0000000703a00000, 0x0000000703c00000|  0%| F|  |TAMS 0x0000000703a00000, 0x0000000703a00000| Untracked 
|  30|0x0000000703c00000, 0x0000000703c00000, 0x0000000703e00000|  0%| F|  |TAMS 0x0000000703c00000, 0x0000000703c00000| Untracked 
|  31|0x0000000703e00000, 0x0000000703e00000, 0x0000000704000000|  0%| F|  |TAMS 0x0000000703e00000, 0x0000000703e00000| Untracked 
|  32|0x0000000704000000, 0x0000000704000000, 0x0000000704200000|  0%| F|  |TAMS 0x0000000704000000, 0x0000000704000000| Untracked 
|  33|0x0000000704200000, 0x0000000704200000, 0x0000000704400000|  0%| F|  |TAMS 0x0000000704200000, 0x0000000704200000| Untracked 
|  34|0x0000000704400000, 0x0000000704400000, 0x0000000704600000|  0%| F|  |TAMS 0x0000000704400000, 0x0000000704400000| Untracked 
|  35|0x0000000704600000, 0x0000000704600000, 0x0000000704800000|  0%| F|  |TAMS 0x0000000704600000, 0x0000000704600000| Untracked 
|  36|0x0000000704800000, 0x0000000704800000, 0x0000000704a00000|  0%| F|  |TAMS 0x0000000704800000, 0x0000000704800000| Untracked 
|  37|0x0000000704a00000, 0x0000000704a00000, 0x0000000704c00000|  0%| F|  |TAMS 0x0000000704a00000, 0x0000000704a00000| Untracked 
|  38|0x0000000704c00000, 0x0000000704c00000, 0x0000000704e00000|  0%| F|  |TAMS 0x0000000704c00000, 0x0000000704c00000| Untracked 
|  39|0x0000000704e00000, 0x0000000704e00000, 0x0000000705000000|  0%| F|  |TAMS 0x0000000704e00000, 0x0000000704e00000| Untracked 
|  40|0x0000000705000000, 0x0000000705000000, 0x0000000705200000|  0%| F|  |TAMS 0x0000000705000000, 0x0000000705000000| Untracked 
|  41|0x0000000705200000, 0x0000000705200000, 0x0000000705400000|  0%| F|  |TAMS 0x0000000705200000, 0x0000000705200000| Untracked 
|  42|0x0000000705400000, 0x0000000705400000, 0x0000000705600000|  0%| F|  |TAMS 0x0000000705400000, 0x0000000705400000| Untracked 
|  43|0x0000000705600000, 0x0000000705600000, 0x0000000705800000|  0%| F|  |TAMS 0x0000000705600000, 0x0000000705600000| Untracked 
|  44|0x0000000705800000, 0x0000000705800000, 0x0000000705a00000|  0%| F|  |TAMS 0x0000000705800000, 0x0000000705800000| Untracked 
|  45|0x0000000705a00000, 0x0000000705a00000, 0x0000000705c00000|  0%| F|  |TAMS 0x0000000705a00000, 0x0000000705a00000| Untracked 
|  46|0x0000000705c00000, 0x0000000705c00000, 0x0000000705e00000|  0%| F|  |TAMS 0x0000000705c00000, 0x0000000705c00000| Untracked 
|  47|0x0000000705e00000, 0x0000000705e00000, 0x0000000706000000|  0%| F|  |TAMS 0x0000000705e00000, 0x0000000705e00000| Untracked 
|  48|0x0000000706000000, 0x0000000706000000, 0x0000000706200000|  0%| F|  |TAMS 0x0000000706000000, 0x0000000706000000| Untracked 
|  49|0x0000000706200000, 0x0000000706200000, 0x0000000706400000|  0%| F|  |TAMS 0x0000000706200000, 0x0000000706200000| Untracked 
|  50|0x0000000706400000, 0x0000000706400000, 0x0000000706600000|  0%| F|  |TAMS 0x0000000706400000, 0x0000000706400000| Untracked 
|  51|0x0000000706600000, 0x0000000706600000, 0x0000000706800000|  0%| F|  |TAMS 0x0000000706600000, 0x0000000706600000| Untracked 
|  52|0x0000000706800000, 0x0000000706800000, 0x0000000706a00000|  0%| F|  |TAMS 0x0000000706800000, 0x0000000706800000| Untracked 
|  53|0x0000000706a00000, 0x0000000706a00000, 0x0000000706c00000|  0%| F|  |TAMS 0x0000000706a00000, 0x0000000706a00000| Untracked 
|  54|0x0000000706c00000, 0x0000000706c00000, 0x0000000706e00000|  0%| F|  |TAMS 0x0000000706c00000, 0x0000000706c00000| Untracked 
|  55|0x0000000706e00000, 0x0000000706e00000, 0x0000000707000000|  0%| F|  |TAMS 0x0000000706e00000, 0x0000000706e00000| Untracked 
|  56|0x0000000707000000, 0x0000000707000000, 0x0000000707200000|  0%| F|  |TAMS 0x0000000707000000, 0x0000000707000000| Untracked 
|  57|0x0000000707200000, 0x0000000707200000, 0x0000000707400000|  0%| F|  |TAMS 0x0000000707200000, 0x0000000707200000| Untracked 
|  58|0x0000000707400000, 0x0000000707400000, 0x0000000707600000|  0%| F|  |TAMS 0x0000000707400000, 0x0000000707400000| Untracked 
|  59|0x0000000707600000, 0x0000000707600000, 0x0000000707800000|  0%| F|  |TAMS 0x0000000707600000, 0x0000000707600000| Untracked 
|  60|0x0000000707800000, 0x0000000707a00000, 0x0000000707a00000|100%| E|  |TAMS 0x0000000707800000, 0x0000000707800000| Complete 
|  61|0x0000000707a00000, 0x0000000707c00000, 0x0000000707c00000|100%| E|CS|TAMS 0x0000000707a00000, 0x0000000707a00000| Complete 
|  62|0x0000000707c00000, 0x0000000707e00000, 0x0000000707e00000|100%| E|CS|TAMS 0x0000000707c00000, 0x0000000707c00000| Complete 
|  63|0x0000000707e00000, 0x0000000708000000, 0x0000000708000000|100%| E|CS|TAMS 0x0000000707e00000, 0x0000000707e00000| Complete 
|  64|0x0000000708000000, 0x0000000708200000, 0x0000000708200000|100%| E|CS|TAMS 0x0000000708000000, 0x0000000708000000| Complete 
|  65|0x0000000708200000, 0x0000000708400000, 0x0000000708400000|100%| E|CS|TAMS 0x0000000708200000, 0x0000000708200000| Complete 
|  66|0x0000000708400000, 0x0000000708600000, 0x0000000708600000|100%| E|CS|TAMS 0x0000000708400000, 0x0000000708400000| Complete 
|  67|0x0000000708600000, 0x0000000708800000, 0x0000000708800000|100%| E|CS|TAMS 0x0000000708600000, 0x0000000708600000| Complete 
|  68|0x0000000708800000, 0x0000000708a00000, 0x0000000708a00000|100%| E|CS|TAMS 0x0000000708800000, 0x0000000708800000| Complete 
|  69|0x0000000708a00000, 0x0000000708c00000, 0x0000000708c00000|100%| E|CS|TAMS 0x0000000708a00000, 0x0000000708a00000| Complete 
|  70|0x0000000708c00000, 0x0000000708e00000, 0x0000000708e00000|100%| E|CS|TAMS 0x0000000708c00000, 0x0000000708c00000| Complete 
|  71|0x0000000708e00000, 0x0000000709000000, 0x0000000709000000|100%| E|CS|TAMS 0x0000000708e00000, 0x0000000708e00000| Complete 
|  72|0x0000000709000000, 0x0000000709200000, 0x0000000709200000|100%| E|CS|TAMS 0x0000000709000000, 0x0000000709000000| Complete 
|  73|0x0000000709200000, 0x0000000709400000, 0x0000000709400000|100%| E|CS|TAMS 0x0000000709200000, 0x0000000709200000| Complete 
|  74|0x0000000709400000, 0x0000000709600000, 0x0000000709600000|100%| E|CS|TAMS 0x0000000709400000, 0x0000000709400000| Complete 
|  75|0x0000000709600000, 0x0000000709800000, 0x0000000709800000|100%| E|CS|TAMS 0x0000000709600000, 0x0000000709600000| Complete 
|  76|0x0000000709800000, 0x0000000709a00000, 0x0000000709a00000|100%| E|CS|TAMS 0x0000000709800000, 0x0000000709800000| Complete 
|  77|0x0000000709a00000, 0x0000000709c00000, 0x0000000709c00000|100%| E|CS|TAMS 0x0000000709a00000, 0x0000000709a00000| Complete 
|  78|0x0000000709c00000, 0x0000000709e00000, 0x0000000709e00000|100%| E|CS|TAMS 0x0000000709c00000, 0x0000000709c00000| Complete 
|  79|0x0000000709e00000, 0x000000070a000000, 0x000000070a000000|100%| E|CS|TAMS 0x0000000709e00000, 0x0000000709e00000| Complete 
|  80|0x000000070a000000, 0x000000070a200000, 0x000000070a200000|100%| E|CS|TAMS 0x000000070a000000, 0x000000070a000000| Complete 
|  81|0x000000070a200000, 0x000000070a400000, 0x000000070a400000|100%| E|CS|TAMS 0x000000070a200000, 0x000000070a200000| Complete 
|  82|0x000000070a400000, 0x000000070a600000, 0x000000070a600000|100%| E|CS|TAMS 0x000000070a400000, 0x000000070a400000| Complete 
|  83|0x000000070a600000, 0x000000070a800000, 0x000000070a800000|100%| E|CS|TAMS 0x000000070a600000, 0x000000070a600000| Complete 
|  84|0x000000070a800000, 0x000000070aa00000, 0x000000070aa00000|100%| E|CS|TAMS 0x000000070a800000, 0x000000070a800000| Complete 
|  85|0x000000070aa00000, 0x000000070ac00000, 0x000000070ac00000|100%| E|CS|TAMS 0x000000070aa00000, 0x000000070aa00000| Complete 
|  86|0x000000070ac00000, 0x000000070ae00000, 0x000000070ae00000|100%| E|CS|TAMS 0x000000070ac00000, 0x000000070ac00000| Complete 
|  87|0x000000070ae00000, 0x000000070b000000, 0x000000070b000000|100%| E|CS|TAMS 0x000000070ae00000, 0x000000070ae00000| Complete 
|  88|0x000000070b000000, 0x000000070b200000, 0x000000070b200000|100%| E|CS|TAMS 0x000000070b000000, 0x000000070b000000| Complete 
|  89|0x000000070b200000, 0x000000070b400000, 0x000000070b400000|100%| E|CS|TAMS 0x000000070b200000, 0x000000070b200000| Complete 
|  90|0x000000070b400000, 0x000000070b600000, 0x000000070b600000|100%| E|CS|TAMS 0x000000070b400000, 0x000000070b400000| Complete 
|  91|0x000000070b600000, 0x000000070b800000, 0x000000070b800000|100%| E|CS|TAMS 0x000000070b600000, 0x000000070b600000| Complete 
|  92|0x000000070b800000, 0x000000070ba00000, 0x000000070ba00000|100%| E|CS|TAMS 0x000000070b800000, 0x000000070b800000| Complete 
|  93|0x000000070ba00000, 0x000000070bc00000, 0x000000070bc00000|100%| E|CS|TAMS 0x000000070ba00000, 0x000000070ba00000| Complete 
|  94|0x000000070bc00000, 0x000000070be00000, 0x000000070be00000|100%| E|CS|TAMS 0x000000070bc00000, 0x000000070bc00000| Complete 
|  95|0x000000070be00000, 0x000000070c000000, 0x000000070c000000|100%| E|CS|TAMS 0x000000070be00000, 0x000000070be00000| Complete 
|  96|0x000000070c000000, 0x000000070c200000, 0x000000070c200000|100%| E|CS|TAMS 0x000000070c000000, 0x000000070c000000| Complete 
|  97|0x000000070c200000, 0x000000070c400000, 0x000000070c400000|100%| E|CS|TAMS 0x000000070c200000, 0x000000070c200000| Complete 
|  98|0x000000070c400000, 0x000000070c600000, 0x000000070c600000|100%| E|CS|TAMS 0x000000070c400000, 0x000000070c400000| Complete 
|  99|0x000000070c600000, 0x000000070c800000, 0x000000070c800000|100%| E|CS|TAMS 0x000000070c600000, 0x000000070c600000| Complete 
| 100|0x000000070c800000, 0x000000070ca00000, 0x000000070ca00000|100%| E|CS|TAMS 0x000000070c800000, 0x000000070c800000| Complete 
| 101|0x000000070ca00000, 0x000000070cc00000, 0x000000070cc00000|100%| E|CS|TAMS 0x000000070ca00000, 0x000000070ca00000| Complete 
| 102|0x000000070cc00000, 0x000000070ce00000, 0x000000070ce00000|100%| E|CS|TAMS 0x000000070cc00000, 0x000000070cc00000| Complete 
| 103|0x000000070ce00000, 0x000000070d000000, 0x000000070d000000|100%| E|CS|TAMS 0x000000070ce00000, 0x000000070ce00000| Complete 
| 104|0x000000070d000000, 0x000000070d200000, 0x000000070d200000|100%| E|CS|TAMS 0x000000070d000000, 0x000000070d000000| Complete 
| 105|0x000000070d200000, 0x000000070d400000, 0x000000070d400000|100%| E|CS|TAMS 0x000000070d200000, 0x000000070d200000| Complete 
| 106|0x000000070d400000, 0x000000070d600000, 0x000000070d600000|100%| E|CS|TAMS 0x000000070d400000, 0x000000070d400000| Complete 
| 107|0x000000070d600000, 0x000000070d800000, 0x000000070d800000|100%| E|CS|TAMS 0x000000070d600000, 0x000000070d600000| Complete 
| 108|0x000000070d800000, 0x000000070da00000, 0x000000070da00000|100%| E|CS|TAMS 0x000000070d800000, 0x000000070d800000| Complete 
| 109|0x000000070da00000, 0x000000070dc00000, 0x000000070dc00000|100%| E|CS|TAMS 0x000000070da00000, 0x000000070da00000| Complete 
| 110|0x000000070dc00000, 0x000000070de00000, 0x000000070de00000|100%| E|CS|TAMS 0x000000070dc00000, 0x000000070dc00000| Complete 
| 111|0x000000070de00000, 0x000000070e000000, 0x000000070e000000|100%| E|CS|TAMS 0x000000070de00000, 0x000000070de00000| Complete 
| 112|0x000000070e000000, 0x000000070e200000, 0x000000070e200000|100%| E|CS|TAMS 0x000000070e000000, 0x000000070e000000| Complete 
| 113|0x000000070e200000, 0x000000070e400000, 0x000000070e400000|100%| E|CS|TAMS 0x000000070e200000, 0x000000070e200000| Complete 
| 114|0x000000070e400000, 0x000000070e600000, 0x000000070e600000|100%| E|CS|TAMS 0x000000070e400000, 0x000000070e400000| Complete 
| 115|0x000000070e600000, 0x000000070e800000, 0x000000070e800000|100%| E|CS|TAMS 0x000000070e600000, 0x000000070e600000| Complete 
| 116|0x000000070e800000, 0x000000070ea00000, 0x000000070ea00000|100%| E|CS|TAMS 0x000000070e800000, 0x000000070e800000| Complete 
| 117|0x000000070ea00000, 0x000000070ec00000, 0x000000070ec00000|100%| E|CS|TAMS 0x000000070ea00000, 0x000000070ea00000| Complete 
| 118|0x000000070ec00000, 0x000000070ee00000, 0x000000070ee00000|100%| E|CS|TAMS 0x000000070ec00000, 0x000000070ec00000| Complete 
| 119|0x000000070ee00000, 0x000000070f000000, 0x000000070f000000|100%| E|CS|TAMS 0x000000070ee00000, 0x000000070ee00000| Complete 
| 120|0x000000070f000000, 0x000000070f200000, 0x000000070f200000|100%| E|CS|TAMS 0x000000070f000000, 0x000000070f000000| Complete 
| 121|0x000000070f200000, 0x000000070f400000, 0x000000070f400000|100%| E|CS|TAMS 0x000000070f200000, 0x000000070f200000| Complete 
| 122|0x000000070f400000, 0x000000070f600000, 0x000000070f600000|100%| E|CS|TAMS 0x000000070f400000, 0x000000070f400000| Complete 
| 123|0x000000070f600000, 0x000000070f800000, 0x000000070f800000|100%| E|CS|TAMS 0x000000070f600000, 0x000000070f600000| Complete 
| 124|0x000000070f800000, 0x000000070fa00000, 0x000000070fa00000|100%| E|CS|TAMS 0x000000070f800000, 0x000000070f800000| Complete 
| 125|0x000000070fa00000, 0x000000070fc00000, 0x000000070fc00000|100%| E|CS|TAMS 0x000000070fa00000, 0x000000070fa00000| Complete 
| 126|0x000000070fc00000, 0x000000070fe00000, 0x000000070fe00000|100%| E|CS|TAMS 0x000000070fc00000, 0x000000070fc00000| Complete 
| 127|0x000000070fe00000, 0x0000000710000000, 0x0000000710000000|100%| E|CS|TAMS 0x000000070fe00000, 0x000000070fe00000| Complete 
| 128|0x0000000710000000, 0x0000000710200000, 0x0000000710200000|100%| E|CS|TAMS 0x0000000710000000, 0x0000000710000000| Complete 
| 129|0x0000000710200000, 0x0000000710400000, 0x0000000710400000|100%| E|CS|TAMS 0x0000000710200000, 0x0000000710200000| Complete 
| 130|0x0000000710400000, 0x0000000710600000, 0x0000000710600000|100%| E|CS|TAMS 0x0000000710400000, 0x0000000710400000| Complete 
| 131|0x0000000710600000, 0x0000000710800000, 0x0000000710800000|100%| E|CS|TAMS 0x0000000710600000, 0x0000000710600000| Complete 
| 132|0x0000000710800000, 0x0000000710a00000, 0x0000000710a00000|100%| E|CS|TAMS 0x0000000710800000, 0x0000000710800000| Complete 
| 133|0x0000000710a00000, 0x0000000710c00000, 0x0000000710c00000|100%| E|CS|TAMS 0x0000000710a00000, 0x0000000710a00000| Complete 
| 134|0x0000000710c00000, 0x0000000710e00000, 0x0000000710e00000|100%| E|CS|TAMS 0x0000000710c00000, 0x0000000710c00000| Complete 
| 135|0x0000000710e00000, 0x0000000711000000, 0x0000000711000000|100%| E|CS|TAMS 0x0000000710e00000, 0x0000000710e00000| Complete 
| 136|0x0000000711000000, 0x0000000711200000, 0x0000000711200000|100%| E|CS|TAMS 0x0000000711000000, 0x0000000711000000| Complete 
| 137|0x0000000711200000, 0x0000000711400000, 0x0000000711400000|100%| E|CS|TAMS 0x0000000711200000, 0x0000000711200000| Complete 
| 138|0x0000000711400000, 0x0000000711600000, 0x0000000711600000|100%| E|CS|TAMS 0x0000000711400000, 0x0000000711400000| Complete 
| 139|0x0000000711600000, 0x0000000711800000, 0x0000000711800000|100%| E|CS|TAMS 0x0000000711600000, 0x0000000711600000| Complete 
| 189|0x0000000717a00000, 0x0000000717c00000, 0x0000000717c00000|100%| E|CS|TAMS 0x0000000717a00000, 0x0000000717a00000| Complete 
| 190|0x0000000717c00000, 0x0000000717e00000, 0x0000000717e00000|100%| E|CS|TAMS 0x0000000717c00000, 0x0000000717c00000| Complete 
| 191|0x0000000717e00000, 0x0000000717ee3030, 0x0000000718000000| 44%| E|CS|TAMS 0x0000000717e00000, 0x0000000717e00000| Complete 
| 192|0x0000000718000000, 0x0000000718200000, 0x0000000718200000|100%| E|CS|TAMS 0x0000000718000000, 0x0000000718000000| Complete 
| 193|0x0000000718200000, 0x0000000718400000, 0x0000000718400000|100%| E|CS|TAMS 0x0000000718200000, 0x0000000718200000| Complete 
| 194|0x0000000718400000, 0x0000000718600000, 0x0000000718600000|100%| E|CS|TAMS 0x0000000718400000, 0x0000000718400000| Complete 
| 248|0x000000071f000000, 0x000000071f200000, 0x000000071f200000|100%| E|CS|TAMS 0x000000071f000000, 0x000000071f000000| Complete 

Card table byte_map: [0x0000025773320000,0x0000025773b20000] _byte_map_base: 0x000002576fb20000

Marking Bits (Prev, Next): (CMBitMap*) 0x00000257593b9fe0, (CMBitMap*) 0x00000257593ba020
 Prev Bits: [0x0000025774320000, 0x0000025778320000)
 Next Bits: [0x0000025778320000, 0x000002577c320000)

Polling page: 0x00000257593d0000

Metaspace:

Usage:
  Non-class:     37.59 MB used.
      Class:      6.10 MB used.
       Both:     43.69 MB used.

Virtual space:
  Non-class space:       64.00 MB reserved,      37.88 MB ( 59%) committed,  1 nodes.
      Class space:        1.00 GB reserved,       6.31 MB ( <1%) committed,  1 nodes.
             Both:        1.06 GB reserved,      44.19 MB (  4%) committed. 

Chunk freelists:
   Non-Class:  9.83 MB
       Class:  9.50 MB
        Both:  19.33 MB

MaxMetaspaceSize: unlimited
CompressedClassSpaceSize: 1.00 GB
Initial GC threshold: 21.00 MB
Current GC threshold: 59.06 MB
CDS: on
MetaspaceReclaimPolicy: balanced
 - commit_granule_bytes: 65536.
 - commit_granule_words: 8192.
 - virtual_space_node_default_size: 8388608.
 - enlarge_chunks_in_place: 1.
 - new_chunks_are_fully_committed: 0.
 - uncommit_free_chunks: 1.
 - use_allocation_guard: 0.
 - handle_deallocations: 1.


Internal statistics:

num_allocs_failed_limit: 6.
num_arena_births: 662.
num_arena_deaths: 0.
num_vsnodes_births: 2.
num_vsnodes_deaths: 0.
num_space_committed: 707.
num_space_uncommitted: 0.
num_chunks_returned_to_freelist: 6.
num_chunks_taken_from_freelist: 2399.
num_chunk_merges: 6.
num_chunk_splits: 1590.
num_chunks_enlarged: 1101.
num_inconsistent_stats: 0.

CodeHeap 'non-profiled nmethods': size=119168Kb used=3328Kb max_used=3328Kb free=115839Kb
 bounds [0x000002576a8f0000, 0x000002576ac40000, 0x0000025771d50000]
CodeHeap 'profiled nmethods': size=119104Kb used=9746Kb max_used=9746Kb free=109357Kb
 bounds [0x0000025762d50000, 0x00000257636e0000, 0x000002576a1a0000]
CodeHeap 'non-nmethods': size=7488Kb used=3384Kb max_used=3386Kb free=4104Kb
 bounds [0x000002576a1a0000, 0x000002576a510000, 0x000002576a8f0000]
 total_blobs=5672 nmethods=4955 adapters=624
 compilation: enabled
              stopped_count=0, restarted_count=0
 full_count=0

Compilation events (20 events):
Event: 2.906 Thread 0x000002577fd5d0f0 nmethod 5708 0x000002576ac08590 code [0x000002576ac088c0, 0x000002576ac0bc70]
Event: 2.906 Thread 0x000002577fd5d0f0 5734 %     4       groovyjarjarantlr4.v4.runtime.atn.ParserATNSimulator::isConflicted @ 106 (801 bytes)
Event: 2.912 Thread 0x0000025745000490 nmethod 5727% 0x000002576ac0e390 code [0x000002576ac0e580, 0x000002576ac0f198]
Event: 2.912 Thread 0x0000025745000490 5729       4       java.util.TimSort::mergeHi (732 bytes)
Event: 2.924 Thread 0x000002577fbec770 nmethod 5656 0x000002576ac0f710 code [0x000002576ac0fa80, 0x000002576ac117f8]
Event: 2.924 Thread 0x000002577fbec770 5735       4       groovyjarjarantlr4.v4.runtime.atn.ParserATNSimulator::closure (98 bytes)
Event: 2.929 Thread 0x000002577fb80420 5737       3       java.util.HashMap$TreeNode::find (172 bytes)
Event: 2.929 Thread 0x000002577fa6ee70 5738       3       groovyjarjarantlr4.v4.runtime.atn.SemanticContext::<init> (5 bytes)
Event: 2.929 Thread 0x000002577fb80940 5739       3       groovyjarjarantlr4.v4.runtime.atn.SemanticContext::or (58 bytes)
Event: 2.929 Thread 0x000002577fa6ee70 nmethod 5738 0x00000257633e6c10 code [0x00000257633e6da0, 0x00000257633e6ef8]
Event: 2.929 Thread 0x000002577fb80940 nmethod 5739 0x00000257633e6590 code [0x00000257633e6760, 0x00000257633e6b08]
Event: 2.929 Thread 0x000002577fb80420 nmethod 5737 0x00000257636cb190 code [0x00000257636cb3c0, 0x00000257636cbe38]
Event: 2.930 Thread 0x000002577fd5d0f0 nmethod 5734% 0x000002576ac13390 code [0x000002576ac13660, 0x000002576ac15300]
Event: 2.930 Thread 0x000002577fd5d0f0 5736       4       java.util.TimSort::gallopLeft (335 bytes)
Event: 2.931 Thread 0x000002577fbec770 nmethod 5735 0x000002576ac17210 code [0x000002576ac17400, 0x000002576ac17f58]
Event: 2.931 Thread 0x000002577fbec770 5741       4       java.util.TimSort::gallopRight (335 bytes)
Event: 2.939 Thread 0x0000025745000490 nmethod 5729 0x000002576ac18710 code [0x000002576ac18a20, 0x000002576ac1bcf0]
Event: 2.939 Thread 0x0000025745000490 5743       4       groovyjarjarantlr4.v4.runtime.atn.ParserATNSimulator::isConflicted (801 bytes)
Event: 2.955 Thread 0x000002577fb91e40 5746       3       java.util.HashMap::treeifyBin (110 bytes)
Event: 2.955 Thread 0x000002577fb91e40 nmethod 5746 0x00000257636cc110 code [0x00000257636cc320, 0x00000257636ccaa8]

GC Heap History (20 events):
Event: 0.431 GC heap before
{Heap before GC invocations=1 (full 0):
 garbage-first heap   total 509952K, used 47596K [0x0000000700000000, 0x0000000800000000)
  region size 2048K, 22 young (45056K), 2 survivors (4096K)
 Metaspace       used 4627K, committed 4800K, reserved 1114112K
  class space    used 576K, committed 640K, reserved 1048576K
}
Event: 0.433 GC heap after
{Heap after GC invocations=2 (full 0):
 garbage-first heap   total 509952K, used 11741K [0x0000000700000000, 0x0000000800000000)
  region size 2048K, 3 young (6144K), 3 survivors (6144K)
 Metaspace       used 4627K, committed 4800K, reserved 1114112K
  class space    used 576K, committed 640K, reserved 1048576K
}
Event: 0.633 GC heap before
{Heap before GC invocations=2 (full 0):
 garbage-first heap   total 509952K, used 60893K [0x0000000700000000, 0x0000000800000000)
  region size 2048K, 28 young (57344K), 3 survivors (6144K)
 Metaspace       used 5823K, committed 6080K, reserved 1114112K
  class space    used 769K, committed 896K, reserved 1048576K
}
Event: 0.635 GC heap after
{Heap after GC invocations=3 (full 0):
 garbage-first heap   total 509952K, used 17855K [0x0000000700000000, 0x0000000800000000)
  region size 2048K, 3 young (6144K), 3 survivors (6144K)
 Metaspace       used 5823K, committed 6080K, reserved 1114112K
  class space    used 769K, committed 896K, reserved 1048576K
}
Event: 1.320 GC heap before
{Heap before GC invocations=3 (full 0):
 garbage-first heap   total 509952K, used 118207K [0x0000000700000000, 0x0000000800000000)
  region size 2048K, 54 young (110592K), 3 survivors (6144K)
 Metaspace       used 21216K, committed 21504K, reserved 1114112K
  class space    used 2951K, committed 3072K, reserved 1048576K
}
Event: 1.324 GC heap after
{Heap after GC invocations=4 (full 0):
 garbage-first heap   total 509952K, used 23525K [0x0000000700000000, 0x0000000800000000)
  region size 2048K, 6 young (12288K), 6 survivors (12288K)
 Metaspace       used 21216K, committed 21504K, reserved 1114112K
  class space    used 2951K, committed 3072K, reserved 1048576K
}
Event: 1.644 GC heap before
{Heap before GC invocations=5 (full 0):
 garbage-first heap   total 90112K, used 70629K [0x0000000700000000, 0x0000000800000000)
  region size 2048K, 29 young (59392K), 6 survivors (12288K)
 Metaspace       used 26457K, committed 26880K, reserved 1114112K
  class space    used 3714K, committed 3904K, reserved 1048576K
}
Event: 1.648 GC heap after
{Heap after GC invocations=6 (full 0):
 garbage-first heap   total 90112K, used 27769K [0x0000000700000000, 0x0000000800000000)
  region size 2048K, 3 young (6144K), 3 survivors (6144K)
 Metaspace       used 26457K, committed 26880K, reserved 1114112K
  class space    used 3714K, committed 3904K, reserved 1048576K
}
Event: 1.663 GC heap before
{Heap before GC invocations=6 (full 0):
 garbage-first heap   total 90112K, used 29817K [0x0000000700000000, 0x0000000800000000)
  region size 2048K, 4 young (8192K), 3 survivors (6144K)
 Metaspace       used 26755K, committed 27200K, reserved 1114112K
  class space    used 3767K, committed 3968K, reserved 1048576K
}
Event: 1.665 GC heap after
{Heap after GC invocations=7 (full 0):
 garbage-first heap   total 90112K, used 28600K [0x0000000700000000, 0x0000000800000000)
  region size 2048K, 1 young (2048K), 1 survivors (2048K)
 Metaspace       used 26755K, committed 27200K, reserved 1114112K
  class space    used 3767K, committed 3968K, reserved 1048576K
}
Event: 1.871 GC heap before
{Heap before GC invocations=7 (full 0):
 garbage-first heap   total 90112K, used 63416K [0x0000000700000000, 0x0000000800000000)
  region size 2048K, 18 young (36864K), 1 survivors (2048K)
 Metaspace       used 30749K, committed 31168K, reserved 1114112K
  class space    used 4360K, committed 4544K, reserved 1048576K
}
Event: 1.872 GC heap after
{Heap after GC invocations=8 (full 0):
 garbage-first heap   total 90112K, used 29231K [0x0000000700000000, 0x0000000800000000)
  region size 2048K, 1 young (2048K), 1 survivors (2048K)
 Metaspace       used 30749K, committed 31168K, reserved 1114112K
  class space    used 4360K, committed 4544K, reserved 1048576K
}
Event: 2.095 GC heap before
{Heap before GC invocations=8 (full 0):
 garbage-first heap   total 90112K, used 64047K [0x0000000700000000, 0x0000000800000000)
  region size 2048K, 19 young (38912K), 1 survivors (2048K)
 Metaspace       used 34995K, committed 35392K, reserved 1114112K
  class space    used 4886K, committed 5056K, reserved 1048576K
}
Event: 2.097 GC heap after
{Heap after GC invocations=9 (full 0):
 garbage-first heap   total 90112K, used 31925K [0x0000000700000000, 0x0000000800000000)
  region size 2048K, 2 young (4096K), 2 survivors (4096K)
 Metaspace       used 34995K, committed 35392K, reserved 1114112K
  class space    used 4886K, committed 5056K, reserved 1048576K
}
Event: 2.144 GC heap before
{Heap before GC invocations=9 (full 0):
 garbage-first heap   total 90112K, used 40117K [0x0000000700000000, 0x0000000800000000)
  region size 2048K, 8 young (16384K), 2 survivors (4096K)
 Metaspace       used 35731K, committed 36096K, reserved 1114112K
  class space    used 5003K, committed 5184K, reserved 1048576K
}
Event: 2.146 GC heap after
{Heap after GC invocations=10 (full 0):
 garbage-first heap   total 90112K, used 32001K [0x0000000700000000, 0x0000000800000000)
  region size 2048K, 2 young (4096K), 2 survivors (4096K)
 Metaspace       used 35731K, committed 36096K, reserved 1114112K
  class space    used 5003K, committed 5184K, reserved 1048576K
}
Event: 2.318 GC heap before
{Heap before GC invocations=11 (full 0):
 garbage-first heap   total 90112K, used 66817K [0x0000000700000000, 0x0000000800000000)
  region size 2048K, 19 young (38912K), 2 survivors (4096K)
 Metaspace       used 38112K, committed 38528K, reserved 1114112K
  class space    used 5391K, committed 5568K, reserved 1048576K
}
Event: 2.320 GC heap after
{Heap after GC invocations=12 (full 0):
 garbage-first heap   total 301056K, used 33742K [0x0000000700000000, 0x0000000800000000)
  region size 2048K, 3 young (6144K), 3 survivors (6144K)
 Metaspace       used 38112K, committed 38528K, reserved 1114112K
  class space    used 5391K, committed 5568K, reserved 1048576K
}
Event: 2.391 GC heap before
{Heap before GC invocations=12 (full 0):
 garbage-first heap   total 301056K, used 41934K [0x0000000700000000, 0x0000000800000000)
  region size 2048K, 7 young (14336K), 3 survivors (6144K)
 Metaspace       used 39006K, committed 39488K, reserved 1114112K
  class space    used 5540K, committed 5760K, reserved 1048576K
}
Event: 2.393 GC heap after
{Heap after GC invocations=13 (full 0):
 garbage-first heap   total 301056K, used 33796K [0x0000000700000000, 0x0000000800000000)
  region size 2048K, 1 young (2048K), 1 survivors (2048K)
 Metaspace       used 39006K, committed 39488K, reserved 1114112K
  class space    used 5540K, committed 5760K, reserved 1048576K
}

Deoptimization events (20 events):
Event: 2.924 Thread 0x000002577fb79440 DEOPT PACKING pc=0x000002576366dc94 sp=0x00000068ac2f5170
Event: 2.924 Thread 0x000002577fb79440 DEOPT UNPACKING pc=0x000002576a1f66e3 sp=0x00000068ac2f4688 mode 0
Event: 2.928 Thread 0x000002577fb79440 Uncommon trap: trap_request=0xffffff45 fr.pc=0x000002576aa46fe4 relative=0x0000000000000304
Event: 2.928 Thread 0x000002577fb79440 Uncommon trap: reason=unstable_if action=reinterpret pc=0x000002576aa46fe4 method=groovyjarjarantlr4.v4.runtime.atn.PredictionContextCache$IdentityCommutativePredictionContextOperands.equals(Ljava/lang/Object;)Z @ 40 c2
Event: 2.928 Thread 0x000002577fb79440 DEOPT PACKING pc=0x000002576aa46fe4 sp=0x00000068ac2f49f0
Event: 2.928 Thread 0x000002577fb79440 DEOPT UNPACKING pc=0x000002576a1f5ba3 sp=0x00000068ac2f4900 mode 2
Event: 2.930 Thread 0x000002577fb79440 DEOPT PACKING pc=0x000002576366af9c sp=0x00000068ac2f4a20
Event: 2.930 Thread 0x000002577fb79440 DEOPT UNPACKING pc=0x000002576a1f66e3 sp=0x00000068ac2f3f58 mode 0
Event: 2.936 Thread 0x000002577fb79440 DEOPT PACKING pc=0x0000025763674bb9 sp=0x00000068ac2f48d0
Event: 2.936 Thread 0x000002577fb79440 DEOPT UNPACKING pc=0x000002576a1f66e3 sp=0x00000068ac2f3e30 mode 0
Event: 2.950 Thread 0x000002577fb79440 DEOPT PACKING pc=0x0000025763674bb9 sp=0x00000068ac2f48d0
Event: 2.950 Thread 0x000002577fb79440 DEOPT UNPACKING pc=0x000002576a1f66e3 sp=0x00000068ac2f3e30 mode 0
Event: 2.956 Thread 0x000002577fb79440 DEOPT PACKING pc=0x000002576366af9c sp=0x00000068ac2f4840
Event: 2.956 Thread 0x000002577fb79440 DEOPT UNPACKING pc=0x000002576a1f66e3 sp=0x00000068ac2f3d78 mode 0
Event: 2.962 Thread 0x000002577fb79440 DEOPT PACKING pc=0x0000025763674bb9 sp=0x00000068ac2f4480
Event: 2.962 Thread 0x000002577fb79440 DEOPT UNPACKING pc=0x000002576a1f66e3 sp=0x00000068ac2f39e0 mode 0
Event: 2.966 Thread 0x000002577fb79440 DEOPT PACKING pc=0x0000025763674bb9 sp=0x00000068ac2f4480
Event: 2.966 Thread 0x000002577fb79440 DEOPT UNPACKING pc=0x000002576a1f66e3 sp=0x00000068ac2f39e0 mode 0
Event: 2.972 Thread 0x000002577fb79440 DEOPT PACKING pc=0x0000025763674bb9 sp=0x00000068ac2f42a0
Event: 2.972 Thread 0x000002577fb79440 DEOPT UNPACKING pc=0x000002576a1f66e3 sp=0x00000068ac2f3800 mode 0

Classes unloaded (0 events):
No events

Classes redefined (0 events):
No events

Internal exceptions (20 events):
Event: 2.677 Thread 0x000002577fb79440 Exception <a 'java/lang/NoSuchMethodError'{0x000000070ffc9048}: 'java.lang.Object java.lang.invoke.DirectMethodHandle$Holder.invokeStaticInit(java.lang.Object, java.lang.Object, java.lang.Object, java.lang.Object, int, java.lang.Object, java.lang.Object, java.lang.Object, java.lang.Object, java.lang.Object)'> (0x000000070ffc9048) 
thrown [s\open\src\hotspot\share\interpreter\linkResolver.cpp, line 759]
Event: 2.678 Thread 0x000002577fb79440 Exception <a 'java/lang/NoSuchMethodError'{0x000000070ffd4038}: 'int java.lang.invoke.Invokers$Holder.exactInvoker(java.lang.Object, java.lang.Object)'> (0x000000070ffd4038) 
thrown [s\open\src\hotspot\share\interpreter\linkResolver.cpp, line 759]
Event: 2.680 Thread 0x000002577fb79440 Exception <a 'java/lang/NoSuchMethodError'{0x000000070ffee8e0}: 'java.lang.Object java.lang.invoke.DelegatingMethodHandle$Holder.reinvoke_L(java.lang.Object, java.lang.Object, java.lang.Object, java.lang.Object, int, java.lang.Object, java.lang.Object, java.lang.Object, java.lang.Object, java.lang.Object)'> (0x000000070ffee8e0) 
thrown [s\open\src\hotspot\share\interpreter\linkResolver.cpp, line 759]
Event: 2.681 Thread 0x000002577fb79440 Exception <a 'java/lang/NoSuchMethodError'{0x000000070fc5a0d8}: 'java.lang.Object java.lang.invoke.DirectMethodHandle$Holder.invokeStatic(java.lang.Object, java.lang.Object, java.lang.Object, java.lang.Object, java.lang.Object, java.lang.Object, java.lang.Object, int)'> (0x000000070fc5a0d8) 
thrown [s\open\src\hotspot\share\interpreter\linkResolver.cpp, line 759]
Event: 2.686 Thread 0x000002577fb79440 Exception <a 'java/lang/NoSuchMethodError'{0x000000070fd4bd58}: 'java.lang.Object java.lang.invoke.DirectMethodHandle$Holder.invokeStaticInit(java.lang.Object, java.lang.Object, java.lang.Object, java.lang.Object, java.lang.Object)'> (0x000000070fd4bd58) 
thrown [s\open\src\hotspot\share\interpreter\linkResolver.cpp, line 759]
Event: 2.686 Thread 0x000002577fb79440 Exception <a 'java/lang/IncompatibleClassChangeError'{0x000000070fd50910}: Found class java.lang.Object, but interface was expected> (0x000000070fd50910) 
thrown [s\open\src\hotspot\share\interpreter\linkResolver.cpp, line 826]
Event: 2.686 Thread 0x000002577fb79440 Exception <a 'java/lang/NoSuchMethodError'{0x000000070fd52028}: 'java.lang.Object java.lang.invoke.DirectMethodHandle$Holder.invokeInterface(java.lang.Object, java.lang.Object, java.lang.Object, java.lang.Object, java.lang.Object)'> (0x000000070fd52028) 
thrown [s\open\src\hotspot\share\interpreter\linkResolver.cpp, line 759]
Event: 2.686 Thread 0x000002577fb79440 Exception <a 'java/lang/NoSuchMethodError'{0x000000070fd57100}: 'java.lang.Object java.lang.invoke.DirectMethodHandle$Holder.invokeInterface(java.lang.Object, java.lang.Object, java.lang.Object, java.lang.Object)'> (0x000000070fd57100) 
thrown [s\open\src\hotspot\share\interpreter\linkResolver.cpp, line 759]
Event: 2.687 Thread 0x000002577fb79440 Exception <a 'java/lang/IncompatibleClassChangeError'{0x000000070fd5bc08}: Found class java.lang.Object, but interface was expected> (0x000000070fd5bc08) 
thrown [s\open\src\hotspot\share\interpreter\linkResolver.cpp, line 826]
Event: 2.690 Thread 0x000002577fb79440 Exception <a 'java/lang/NoSuchMethodError'{0x000000070fda3b10}: 'java.lang.Object java.lang.invoke.DirectMethodHandle$Holder.invokeStatic(java.lang.Object, int, java.lang.Object, java.lang.Object)'> (0x000000070fda3b10) 
thrown [s\open\src\hotspot\share\interpreter\linkResolver.cpp, line 759]
Event: 2.690 Thread 0x000002577fb79440 Exception <a 'java/lang/NoSuchMethodError'{0x000000070fda8958}: 'java.lang.Object java.lang.invoke.DirectMethodHandle$Holder.invokeSpecial(java.lang.Object, java.lang.Object, int, java.lang.Object, java.lang.Object)'> (0x000000070fda8958) 
thrown [s\open\src\hotspot\share\interpreter\linkResolver.cpp, line 759]
Event: 2.690 Thread 0x000002577fb79440 Exception <a 'java/lang/NoSuchMethodError'{0x000000070fdad058}: 'java.lang.Object java.lang.invoke.DelegatingMethodHandle$Holder.delegate(java.lang.Object, int, java.lang.Object, java.lang.Object)'> (0x000000070fdad058) 
thrown [s\open\src\hotspot\share\interpreter\linkResolver.cpp, line 759]
Event: 2.695 Thread 0x000002577fb79440 Exception <a 'java/lang/NoSuchMethodError'{0x000000070fdf8558}: 'java.lang.Object java.lang.invoke.DirectMethodHandle$Holder.newInvokeSpecial(java.lang.Object, int, java.lang.Object, java.lang.Object)'> (0x000000070fdf8558) 
thrown [s\open\src\hotspot\share\interpreter\linkResolver.cpp, line 759]
Event: 2.695 Thread 0x000002577fb79440 Exception <a 'java/lang/NoSuchMethodError'{0x000000070fa05290}: 'void java.lang.invoke.Invokers$Holder.invoke_MT(java.lang.Object, java.lang.Object, java.lang.Object, java.lang.Object)'> (0x000000070fa05290) 
thrown [s\open\src\hotspot\share\interpreter\linkResolver.cpp, line 759]
Event: 2.708 Thread 0x000002577fb79440 Exception <a 'java/lang/ClassNotFoundException'{0x000000070fb37af0}: org/gradle/invocation/DefaultGradle_DecoratedBeanInfo> (0x000000070fb37af0) 
thrown [s\open\src\hotspot\share\classfile\systemDictionary.cpp, line 256]
Event: 2.709 Thread 0x000002577fb79440 Exception <a 'java/lang/ClassNotFoundException'{0x000000070fb48550}: org/gradle/invocation/DefaultGradleBeanInfo> (0x000000070fb48550) 
thrown [s\open\src\hotspot\share\classfile\systemDictionary.cpp, line 256]
Event: 2.710 Thread 0x000002577fb79440 Exception <a 'java/lang/ClassNotFoundException'{0x000000070fb59928}: org/gradle/api/internal/project/AbstractPluginAwareBeanInfo> (0x000000070fb59928) 
thrown [s\open\src\hotspot\share\classfile\systemDictionary.cpp, line 256]
Event: 2.710 Thread 0x000002577fb79440 Exception <a 'java/lang/ClassNotFoundException'{0x000000070fb6aa38}: org/gradle/api/internal/project/AbstractPluginAwareCustomizer> (0x000000070fb6aa38) 
thrown [s\open\src\hotspot\share\classfile\systemDictionary.cpp, line 256]
Event: 2.711 Thread 0x000002577fb79440 Exception <a 'java/lang/ClassNotFoundException'{0x000000070fb81130}: org/gradle/invocation/DefaultGradleCustomizer> (0x000000070fb81130) 
thrown [s\open\src\hotspot\share\classfile\systemDictionary.cpp, line 256]
Event: 2.713 Thread 0x000002577fb79440 Exception <a 'java/lang/ClassNotFoundException'{0x000000070fbc3660}: org/gradle/invocation/DefaultGradle_DecoratedCustomizer> (0x000000070fbc3660) 
thrown [s\open\src\hotspot\share\classfile\systemDictionary.cpp, line 256]

VM Operations (20 events):
Event: 2.476 Executing VM operation: HandshakeAllThreads
Event: 2.476 Executing VM operation: HandshakeAllThreads done
Event: 2.481 Executing VM operation: HandshakeAllThreads
Event: 2.481 Executing VM operation: HandshakeAllThreads done
Event: 2.499 Executing VM operation: HandshakeAllThreads
Event: 2.499 Executing VM operation: HandshakeAllThreads done
Event: 2.543 Executing VM operation: HandshakeAllThreads
Event: 2.543 Executing VM operation: HandshakeAllThreads done
Event: 2.545 Executing VM operation: ICBufferFull
Event: 2.545 Executing VM operation: ICBufferFull done
Event: 2.574 Executing VM operation: HandshakeAllThreads
Event: 2.574 Executing VM operation: HandshakeAllThreads done
Event: 2.678 Executing VM operation: HandshakeAllThreads
Event: 2.678 Executing VM operation: HandshakeAllThreads done
Event: 2.679 Executing VM operation: HandshakeAllThreads
Event: 2.680 Executing VM operation: HandshakeAllThreads done
Event: 2.680 Executing VM operation: HandshakeAllThreads
Event: 2.680 Executing VM operation: HandshakeAllThreads done
Event: 2.715 Executing VM operation: ICBufferFull
Event: 2.715 Executing VM operation: ICBufferFull done

Events (20 events):
Event: 2.741 loading class java/util/stream/ReferencePipeline$4
Event: 2.741 loading class java/util/stream/ReferencePipeline$4 done
Event: 2.741 loading class java/util/stream/SortedOps
Event: 2.741 loading class java/util/stream/SortedOps done
Event: 2.741 loading class java/util/stream/SortedOps$OfInt
Event: 2.741 loading class java/util/stream/IntPipeline$StatefulOp
Event: 2.742 loading class java/util/stream/IntPipeline$StatefulOp done
Event: 2.742 loading class java/util/stream/SortedOps$OfInt done
Event: 2.742 loading class java/util/stream/Nodes$IntFixedNodeBuilder
Event: 2.742 loading class java/util/stream/Node$Builder$OfInt
Event: 2.742 loading class java/util/stream/Node$Builder$OfInt done
Event: 2.742 loading class java/util/stream/Nodes$IntArrayNode
Event: 2.742 loading class java/util/stream/Nodes$IntArrayNode done
Event: 2.742 loading class java/util/stream/Nodes$IntFixedNodeBuilder done
Event: 2.742 loading class java/util/stream/SortedOps$SizedIntSortingSink
Event: 2.742 loading class java/util/stream/SortedOps$AbstractIntSortingSink
Event: 2.742 loading class java/util/stream/SortedOps$AbstractIntSortingSink done
Event: 2.742 loading class java/util/stream/SortedOps$SizedIntSortingSink done
Event: 2.742 loading class java/util/stream/ReferencePipeline$4$1
Event: 2.742 loading class java/util/stream/ReferencePipeline$4$1 done


Dynamic libraries:
0x00007ff61da50000 - 0x00007ff61da60000 	C:\Program Files\Java\jdk-17\bin\java.exe
0x00007ffbc4e70000 - 0x00007ffbc5068000 	C:\Windows\SYSTEM32\ntdll.dll
0x00007ffbc4140000 - 0x00007ffbc4202000 	C:\Windows\System32\KERNEL32.DLL
0x00007ffbc25f0000 - 0x00007ffbc28e6000 	C:\Windows\System32\KERNELBASE.dll
0x00007ffbc2990000 - 0x00007ffbc2a90000 	C:\Windows\System32\ucrtbase.dll
0x00007ffb52850000 - 0x00007ffb52869000 	C:\Program Files\Java\jdk-17\bin\jli.dll
0x00007ffb9dd80000 - 0x00007ffb9dd9b000 	C:\Program Files\Java\jdk-17\bin\VCRUNTIME140.dll
0x00007ffbc3cc0000 - 0x00007ffbc3d71000 	C:\Windows\System32\ADVAPI32.dll
0x00007ffbc3410000 - 0x00007ffbc34ae000 	C:\Windows\System32\msvcrt.dll
0x00007ffbc2e90000 - 0x00007ffbc2f2f000 	C:\Windows\System32\sechost.dll
0x00007ffbc4210000 - 0x00007ffbc4330000 	C:\Windows\System32\RPCRT4.dll
0x00007ffbc2530000 - 0x00007ffbc2557000 	C:\Windows\System32\bcrypt.dll
0x00007ffbc3160000 - 0x00007ffbc3301000 	C:\Windows\System32\USER32.dll
0x00007ffbc2500000 - 0x00007ffbc2522000 	C:\Windows\System32\win32u.dll
0x00007ffba67c0000 - 0x00007ffba6a5b000 	C:\Windows\WinSxS\amd64_microsoft.windows.common-controls_6595b64144ccf1df_6.0.19041.6456_none_60b8a6cb71f64256\COMCTL32.dll
0x00007ffbc4b90000 - 0x00007ffbc4bbb000 	C:\Windows\System32\GDI32.dll
0x00007ffbc2b60000 - 0x00007ffbc2c79000 	C:\Windows\System32\gdi32full.dll
0x00007ffbc28f0000 - 0x00007ffbc298d000 	C:\Windows\System32\msvcp_win.dll
0x00007ffbbc530000 - 0x00007ffbbc53a000 	C:\Windows\SYSTEM32\VERSION.dll
0x00007ffbc3310000 - 0x00007ffbc333f000 	C:\Windows\System32\IMM32.DLL
0x00007ffbb74d0000 - 0x00007ffbb74dc000 	C:\Program Files\Java\jdk-17\bin\vcruntime140_1.dll
0x00007ffaf7e40000 - 0x00007ffaf7ece000 	C:\Program Files\Java\jdk-17\bin\msvcp140.dll
0x00007ffa67fa0000 - 0x00007ffa68b80000 	C:\Program Files\Java\jdk-17\bin\server\jvm.dll
0x00007ffbc3340000 - 0x00007ffbc3348000 	C:\Windows\System32\PSAPI.DLL
0x00007ffbbd400000 - 0x00007ffbbd409000 	C:\Windows\SYSTEM32\WSOCK32.dll
0x00007ffbb9fe0000 - 0x00007ffbba007000 	C:\Windows\SYSTEM32\WINMM.dll
0x00007ffbc3af0000 - 0x00007ffbc3b5b000 	C:\Windows\System32\WS2_32.dll
0x00007ffbc0390000 - 0x00007ffbc03a2000 	C:\Windows\SYSTEM32\kernel.appcore.dll
0x00007ffb6aa90000 - 0x00007ffb6aa9a000 	C:\Program Files\Java\jdk-17\bin\jimage.dll
0x00007ffbbb3c0000 - 0x00007ffbbb5c1000 	C:\Windows\SYSTEM32\DBGHELP.DLL
0x00007ffba25c0000 - 0x00007ffba25f4000 	C:\Windows\SYSTEM32\dbgcore.DLL
0x00007ffbc2560000 - 0x00007ffbc25e2000 	C:\Windows\System32\bcryptPrimitives.dll
0x00007ffb6a0b0000 - 0x00007ffb6a0be000 	C:\Program Files\Java\jdk-17\bin\instrument.dll
0x00007ffaf85d0000 - 0x00007ffaf85f5000 	C:\Program Files\Java\jdk-17\bin\java.dll
0x00007ffaf7d60000 - 0x00007ffaf7e37000 	C:\Program Files\Java\jdk-17\bin\jsvml.dll
0x00007ffbc4350000 - 0x00007ffbc4ac0000 	C:\Windows\System32\SHELL32.dll
0x00007ffbc0590000 - 0x00007ffbc0d35000 	C:\Windows\SYSTEM32\windows.storage.dll
0x00007ffbc3de0000 - 0x00007ffbc4134000 	C:\Windows\System32\combase.dll
0x00007ffbc1f30000 - 0x00007ffbc1f5b000 	C:\Windows\SYSTEM32\Wldp.dll
0x00007ffbc4ac0000 - 0x00007ffbc4b8d000 	C:\Windows\System32\OLEAUT32.dll
0x00007ffbc4d80000 - 0x00007ffbc4e2d000 	C:\Windows\System32\SHCORE.dll
0x00007ffbc3d80000 - 0x00007ffbc3ddb000 	C:\Windows\System32\shlwapi.dll
0x00007ffbc2430000 - 0x00007ffbc2454000 	C:\Windows\SYSTEM32\profapi.dll
0x00007ffb33600000 - 0x00007ffb33618000 	C:\Program Files\Java\jdk-17\bin\zip.dll
0x00007ffaf85b0000 - 0x00007ffaf85c9000 	C:\Program Files\Java\jdk-17\bin\net.dll
0x00007ffbbd2d0000 - 0x00007ffbbd3da000 	C:\Windows\SYSTEM32\WINHTTP.dll
0x00007ffbc1c90000 - 0x00007ffbc1cfa000 	C:\Windows\system32\mswsock.dll
0x00007ffaf8590000 - 0x00007ffaf85a6000 	C:\Program Files\Java\jdk-17\bin\nio.dll
0x00007ffb31bd0000 - 0x00007ffb31be0000 	C:\Program Files\Java\jdk-17\bin\verify.dll
0x00007ffb1a690000 - 0x00007ffb1a6b7000 	C:\Users\rc\.gradle\native\1def1411415f61bf3af743bc5b6707747c0891f09f0c88961ee8f79bc544acac\windows-amd64\native-platform.dll
0x00007ffaf8090000 - 0x00007ffaf8107000 	C:\Users\rc\.gradle\native\0.2.8\x86_64-windows-gnu\gradle-fileevents.dll
0x00007ffb2dd40000 - 0x00007ffb2dd4a000 	C:\Program Files\Java\jdk-17\bin\management.dll
0x00007ffb2d680000 - 0x00007ffb2d68b000 	C:\Program Files\Java\jdk-17\bin\management_ext.dll
0x00007ffbc1920000 - 0x00007ffbc195b000 	C:\Windows\SYSTEM32\IPHLPAPI.DLL
0x00007ffbc3ae0000 - 0x00007ffbc3ae8000 	C:\Windows\System32\NSI.dll
0x00007ffbbcaf0000 - 0x00007ffbbcb07000 	C:\Windows\SYSTEM32\dhcpcsvc6.DLL
0x00007ffbbcad0000 - 0x00007ffbbcaed000 	C:\Windows\SYSTEM32\dhcpcsvc.DLL
0x00007ffbc1970000 - 0x00007ffbc1a3a000 	C:\Windows\SYSTEM32\DNSAPI.dll
0x00007ffbc1e80000 - 0x00007ffbc1e98000 	C:\Windows\SYSTEM32\CRYPTSP.dll
0x00007ffbc1540000 - 0x00007ffbc1578000 	C:\Windows\system32\rsaenh.dll
0x00007ffbc23f0000 - 0x00007ffbc241e000 	C:\Windows\SYSTEM32\USERENV.dll
0x00007ffbc1ea0000 - 0x00007ffbc1eac000 	C:\Windows\SYSTEM32\CRYPTBASE.dll
0x00007ffb27460000 - 0x00007ffb2746e000 	C:\Program Files\Java\jdk-17\bin\sunmscapi.dll
0x00007ffbc2d30000 - 0x00007ffbc2e8d000 	C:\Windows\System32\CRYPT32.dll
0x00007ffbc1fa0000 - 0x00007ffbc1fc7000 	C:\Windows\SYSTEM32\ncrypt.dll
0x00007ffbc1f60000 - 0x00007ffbc1f9b000 	C:\Windows\SYSTEM32\NTASN1.dll
0x00007ffb94390000 - 0x00007ffb94397000 	C:\Windows\system32\wshunix.dll

dbghelp: loaded successfully - version: 4.0.5 - missing functions: none
symbol engine: initialized successfully - sym options: 0x614 - pdb path: .;C:\Program Files\Java\jdk-17\bin;C:\Windows\SYSTEM32;C:\Windows\WinSxS\amd64_microsoft.windows.common-controls_6595b64144ccf1df_6.0.19041.6456_none_60b8a6cb71f64256;C:\Program Files\Java\jdk-17\bin\server;C:\Users\rc\.gradle\native\1def1411415f61bf3af743bc5b6707747c0891f09f0c88961ee8f79bc544acac\windows-amd64;C:\Users\rc\.gradle\native\0.2.8\x86_64-windows-gnu

VM Arguments:
jvm_args: --add-opens=java.base/java.lang=ALL-UNNAMED --add-opens=java.base/java.lang.invoke=ALL-UNNAMED --add-opens=java.base/java.util=ALL-UNNAMED --add-opens=java.prefs/java.util.prefs=ALL-UNNAMED --add-exports=jdk.compiler/com.sun.tools.javac.api=ALL-UNNAMED --add-exports=jdk.compiler/com.sun.tools.javac.util=ALL-UNNAMED --add-opens=java.base/java.util=ALL-UNNAMED --add-opens=java.prefs/java.util.prefs=ALL-UNNAMED --add-opens=java.base/java.nio.charset=ALL-UNNAMED --add-opens=java.base/java.net=ALL-UNNAMED --add-opens=java.base/java.util.concurrent=ALL-UNNAMED --add-opens=java.base/java.util.concurrent.atomic=ALL-UNNAMED --add-opens=java.xml/javax.xml.namespace=ALL-UNNAMED --add-opens=java.base/java.time=ALL-UNNAMED -Xmx4096m -Dfile.encoding=UTF-8 -Duser.country=KR -Duser.language=ko -Duser.variant -javaagent:C:\Users\rc\.gradle\wrapper\dists\gradle-9.1.0-bin\9agqghryom9wkf8r80qlhnts3\gradle-9.1.0\lib\agents\gradle-instrumentation-agent-9.1.0.jar 
java_command: org.gradle.launcher.daemon.bootstrap.GradleDaemon 9.1.0
java_class_path (initial): C:\Users\rc\.gradle\wrapper\dists\gradle-9.1.0-bin\9agqghryom9wkf8r80qlhnts3\gradle-9.1.0\lib\gradle-daemon-main-9.1.0.jar
Launcher Type: SUN_STANDARD

[Global flags]
     intx CICompilerCount                          = 12                                        {product} {ergonomic}
     uint ConcGCThreads                            = 5                                         {product} {ergonomic}
     uint G1ConcRefinementThreads                  = 18                                        {product} {ergonomic}
   size_t G1HeapRegionSize                         = 2097152                                   {product} {ergonomic}
    uintx GCDrainStackTargetSize                   = 64                                        {product} {ergonomic}
   size_t InitialHeapSize                          = 522190848                                 {product} {ergonomic}
   size_t MarkStackSize                            = 4194304                                   {product} {ergonomic}
   size_t MaxHeapSize                              = 4294967296                                {product} {command line}
   size_t MaxNewSize                               = 2575302656                                {product} {ergonomic}
   size_t MinHeapDeltaBytes                        = 2097152                                   {product} {ergonomic}
   size_t MinHeapSize                              = 8388608                                   {product} {ergonomic}
    uintx NonNMethodCodeHeapSize                   = 7602480                                {pd product} {ergonomic}
    uintx NonProfiledCodeHeapSize                  = 122027880                              {pd product} {ergonomic}
    uintx ProfiledCodeHeapSize                     = 122027880                              {pd product} {ergonomic}
    uintx ReservedCodeCacheSize                    = 251658240                              {pd product} {ergonomic}
     bool SegmentedCodeCache                       = true                                      {product} {ergonomic}
   size_t SoftMaxHeapSize                          = 4294967296                             {manageable} {ergonomic}
     bool UseCompressedClassPointers               = true                           {product lp64_product} {ergonomic}
     bool UseCompressedOops                        = true                           {product lp64_product} {ergonomic}
     bool UseG1GC                                  = true                                      {product} {ergonomic}
     bool UseLargePagesIndividualAllocation        = false                                  {pd product} {ergonomic}

Logging:
Log output configuration:
 #0: stdout all=warning uptime,level,tags
 #1: stderr all=off uptime,level,tags

Environment Variables:
PATH=C:\Program Files\Common Files\Oracle\Java\javapath;C:\Windows\system32;C:\Windows;C:\Windows\System32\Wbem;C:\Windows\System32\WindowsPowerShell\v1.0\;C:\Windows\System32\OpenSSH\;C:\Program Files\NVIDIA Corporation\NVIDIA App\NvDLISR;C:\Program Files (x86)\NVIDIA Corporation\PhysX\Common;C:\Program Files\cursor\resources\app\bin;C:\Program Files\Microsoft SQL Server\150\Tools\Binn\;C:\Program Files\Microsoft SQL Server\Client SDK\ODBC\170\Tools\Binn\;C:\Program Files\dotnet\;C:\Program Files\Bandizip\;C:\Program Files\Git\cmd;C:\Program Files\nodejs\;C:\ProgramData\chocolatey\bin;C:\Program Files\PuTTY\;C:\Users\rc\AppData\Local\Programs\Python\Python310\Scripts\;C:\Users\rc\AppData\Local\Programs\Python\Python310\;C:\rc\flutter\flutter\bin\;C:\Windows\system32;C:\Windows;C:\Windows\System32\Wbem;C:\Windows\System32\WindowsPowerShell\v1.0\;C:\Windows\System32\OpenSSH\;C:\Program Files\NVIDIA Corporation\NVIDIA App\NvDLISR;C:\Program Files (x86)\NVIDIA Corporation\PhysX\Common;C:\Program Files\cursor\resources\app\bin;C:\Program Files\Microsoft SQL Server\150\Tools\Binn\;C:\Program Files\Microsoft SQL Server\Client SDK\ODBC\170\Tools\Binn\;C:\Program Files\dotnet\;C:\Program Files\Bandizip\;C:\Program Files\Git\cmd;C:\Users\rc\AppData\Local\Programs\Python\Python313\Scripts\;C:\Users\rc\AppData\Local\Programs\Python\Python313\;C:\Users\rc\AppData\Local\Microsoft\WindowsApps;C:\Users\rc\.dotnet\tools;C:\Users\rc\AppData\Local\GitHubDesktop\bin;C:\rc\flutter\flutter\bin;C:\Program Files\Git\cmd;C:\Android\cmdline-tools\latest\bin;C:\Android\platform-tools;C:\Users\rc\AppData\Roaming\npm;C:\Users\rc\AppData\Local\Android\Sdk\platform-tools
USERNAME=rc
OS=Windows_NT
PROCESSOR_IDENTIFIER=AMD64 Family 26 Model 68 Stepping 0, AuthenticAMD



---------------  S Y S T E M  ---------------

OS:
 Windows 10 , 64 bit Build 19041 (10.0.19041.5915)
OS uptime: 4 days 6:30 hours

CPU: total 24 (initial active 24) (24 cores per cpu, 2 threads per core) family 26 model 68 stepping 0 microcode 0x0, cx8, cmov, fxsr, ht, mmx, 3dnowpref, sse, sse2, sse3, ssse3, sse4a, sse4.1, sse4.2, popcnt, lzcnt, tsc, tscinvbit, avx, avx2, aes, erms, clmul, bmi1, bmi2, adx, avx512f, avx512dq, avx512cd, avx512bw, avx512vl, sha, fma, vzeroupper, avx512_vpopcntdq, avx512_vpclmulqdq, avx512_vaes, avx512_vnni, clflush, clflushopt, avx512_vbmi2, avx512_vbmi

Memory: 4k page, system-wide physical 31830M (1174M free)
TotalPageFile size 62268M (AvailPageFile size 104M)
current process WorkingSet (physical memory assigned to process): 481M, peak: 481M
current process commit charge ("private bytes"): 586M, peak: 744M

vm_info: Java HotSpot(TM) 64-Bit Server VM (17.0.12+8-LTS-286) for windows-amd64 JRE (17.0.12+8-LTS-286), built on Jun  5 2024 06:46:59 by "mach5one" with MS VC++ 17.6 (VS2022)

END.
