#
# There is insufficient memory for the Java Runtime Environment to continue.
# Native memory allocation (mmap) failed to map 524288000 bytes for G1 virtual space
# Possible reasons:
#   The system is out of physical RAM or swap space
#   The process is running with CompressedOops enabled, and the Java Heap may be blocking the growth of the native heap
# Possible solutions:
#   Reduce memory load on the system
#   Increase physical memory or swap space
#   Check if swap backing store is full
#   Decrease Java heap size (-Xmx/-Xms)
#   Decrease number of Java threads
#   Decrease Java thread stack sizes (-Xss)
#   Set larger code cache with -XX:ReservedCodeCacheSize=
#   JVM is running with Zero Based Compressed Oops mode in which the Java heap is
#     placed in the first 32GB address space. The Java Heap base address is the
#     maximum limit for the native heap growth. Please use -XX:HeapBaseMinAddress
#     to set the Java Heap base and to place the Java Heap above 32GB virtual address.
# This output file may be truncated or incomplete.
#
#  Out of Memory Error (os_windows.cpp:3548), pid=54412, tid=35040
#
# JRE version:  (17.0.12+8) (build )
# Java VM: Java HotSpot(TM) 64-Bit Server VM (17.0.12+8-LTS-286, mixed mode, sharing, tiered, compressed oops, compressed class ptrs, g1 gc, windows-amd64)
# No core dump will be written. Minidumps are not enabled by default on client versions of Windows
#

---------------  S U M M A R Y ------------

Command Line: org.jetbrains.kotlin.cli.jvm.K2JVMCompiler @C:\rc\flutter\flutter\packages\flutter_tools\gradle\build\20260202_9824592889917924988.compiler.options

Host: AMD Ryzen 9 9900X 12-Core Processor            , 24 cores, 31G,  Windows 10 , 64 bit Build 19041 (10.0.19041.5915)
Time: Mon Feb  2 05:05:12 2026  Windows 10 , 64 bit Build 19041 (10.0.19041.5915) elapsed time: 0.009345 seconds (0d 0h 0m 0s)

---------------  T H R E A D  ---------------

Current thread (0x00000131c2e68210):  JavaThread "Unknown thread" [_thread_in_vm, id=35040, stack(0x0000000c01e00000,0x0000000c01f00000)]

Stack: [0x0000000c01e00000,0x0000000c01f00000]
Native frames: (J=compiled Java code, j=interpreted, Vv=VM code, C=native code)
V  [jvm.dll+0x67a04a]
V  [jvm.dll+0x7da4ed]
V  [jvm.dll+0x7dbe33]
V  [jvm.dll+0x7dc4a3]
V  [jvm.dll+0x24508f]
V  [jvm.dll+0x677089]
V  [jvm.dll+0x66bd32]
V  [jvm.dll+0x301fa6]
V  [jvm.dll+0x309546]
V  [jvm.dll+0x359d2e]
V  [jvm.dll+0x359f5f]
V  [jvm.dll+0x2d9078]
V  [jvm.dll+0x2d9fe4]
V  [jvm.dll+0x7aca21]
V  [jvm.dll+0x367591]
V  [jvm.dll+0x78b999]
V  [jvm.dll+0x3ec83f]
V  [jvm.dll+0x3ee471]
C  [jli.dll+0x5297]
C  [ucrtbase.dll+0x21bb2]
C  [KERNEL32.DLL+0x17374]
C  [ntdll.dll+0x4cc91]


---------------  P R O C E S S  ---------------

Threads class SMR info:
_java_thread_list=0x00007ffa68a57a18, length=0, elements={
}

Java Threads: ( => current thread )

Other Threads:
  0x00000131c2f162b0 GCTaskThread "GC Thread#0" [stack: 0x0000000c01f00000,0x0000000c02000000] [id=65252]
  0x00000131c2e85c60 ConcurrentGCThread "G1 Main Marker" [stack: 0x0000000c02000000,0x0000000c02100000] [id=65436]
  0x00000131c2f297e0 ConcurrentGCThread "G1 Conc#0" [stack: 0x0000000c02100000,0x0000000c02200000] [id=54140]

[error occurred during error reporting (printing all threads), id 0xc0000005, EXCEPTION_ACCESS_VIOLATION (0xc0000005) at pc=0x00007ffa68289b67]

VM state: not at safepoint (not fully initialized)

VM Mutex/Monitor currently owned by a thread:  ([mutex/lock_event])
[0x00000131c2e64190] Heap_lock - owner thread: 0x00000131c2e68210

Heap address: 0x000000060e800000, size: 7960 MB, Compressed Oops mode: Zero based, Oop shift amount: 3

CDS archive(s) mapped at: [0x0000000000000000-0x0000000000000000-0x0000000000000000), size 0, SharedBaseAddress: 0x0000000800000000, ArchiveRelocationMode: 1.
Narrow klass base: 0x0000000000000000, Narrow klass shift: 0, Narrow klass range: 0x0

GC Precious Log:
<Empty>

Heap:
 garbage-first heap   total 0K, used 0K [0x000000060e800000, 0x0000000800000000)
  region size 4096K, 0 young (0K), 0 survivors (0K)

[error occurred during error reporting (printing heap information), id 0xc0000005, EXCEPTION_ACCESS_VIOLATION (0xc0000005) at pc=0x00007ffa68673859]

GC Heap History (0 events):
No events

Deoptimization events (0 events):
No events

Classes unloaded (0 events):
No events

Classes redefined (0 events):
No events

Internal exceptions (0 events):
No events

VM Operations (0 events):
No events

Events (1 events):
Event: 0.005 Loaded shared library C:\Program Files\Java\jdk-17\bin\java.dll


Dynamic libraries:
0x00007ff61da50000 - 0x00007ff61da60000 	C:\Program Files\Java\jdk-17\bin\java.exe
0x00007ffbc4e70000 - 0x00007ffbc5068000 	C:\Windows\SYSTEM32\ntdll.dll
0x00007ffbc4140000 - 0x00007ffbc4202000 	C:\Windows\System32\KERNEL32.DLL
0x00007ffbc25f0000 - 0x00007ffbc28e6000 	C:\Windows\System32\KERNELBASE.dll
0x00007ffbc2990000 - 0x00007ffbc2a90000 	C:\Windows\System32\ucrtbase.dll
0x00007ffb9dd80000 - 0x00007ffb9dd9b000 	C:\Program Files\Java\jdk-17\bin\VCRUNTIME140.dll
0x00007ffb52850000 - 0x00007ffb52869000 	C:\Program Files\Java\jdk-17\bin\jli.dll
0x00007ffbc3cc0000 - 0x00007ffbc3d71000 	C:\Windows\System32\ADVAPI32.dll
0x00007ffbc3410000 - 0x00007ffbc34ae000 	C:\Windows\System32\msvcrt.dll
0x00007ffbc2e90000 - 0x00007ffbc2f2f000 	C:\Windows\System32\sechost.dll
0x00007ffbc4210000 - 0x00007ffbc4330000 	C:\Windows\System32\RPCRT4.dll
0x00007ffbc2530000 - 0x00007ffbc2557000 	C:\Windows\System32\bcrypt.dll
0x00007ffbc3160000 - 0x00007ffbc3301000 	C:\Windows\System32\USER32.dll
0x00007ffbc2500000 - 0x00007ffbc2522000 	C:\Windows\System32\win32u.dll
0x00007ffba67c0000 - 0x00007ffba6a5b000 	C:\Windows\WinSxS\amd64_microsoft.windows.common-controls_6595b64144ccf1df_6.0.19041.6456_none_60b8a6cb71f64256\COMCTL32.dll
0x00007ffbc4b90000 - 0x00007ffbc4bbb000 	C:\Windows\System32\GDI32.dll
0x00007ffbc2b60000 - 0x00007ffbc2c79000 	C:\Windows\System32\gdi32full.dll
0x00007ffbc28f0000 - 0x00007ffbc298d000 	C:\Windows\System32\msvcp_win.dll
0x00007ffbbc530000 - 0x00007ffbbc53a000 	C:\Windows\SYSTEM32\VERSION.dll
0x00007ffbc3310000 - 0x00007ffbc333f000 	C:\Windows\System32\IMM32.DLL
0x00007ffbb74d0000 - 0x00007ffbb74dc000 	C:\Program Files\Java\jdk-17\bin\vcruntime140_1.dll
0x00007ffaf7e40000 - 0x00007ffaf7ece000 	C:\Program Files\Java\jdk-17\bin\msvcp140.dll
0x00007ffa67fa0000 - 0x00007ffa68b80000 	C:\Program Files\Java\jdk-17\bin\server\jvm.dll
0x00007ffbc3340000 - 0x00007ffbc3348000 	C:\Windows\System32\PSAPI.DLL
0x00007ffbb9fe0000 - 0x00007ffbba007000 	C:\Windows\SYSTEM32\WINMM.dll
0x00007ffbbd400000 - 0x00007ffbbd409000 	C:\Windows\SYSTEM32\WSOCK32.dll
0x00007ffbc3af0000 - 0x00007ffbc3b5b000 	C:\Windows\System32\WS2_32.dll
0x00007ffbc0390000 - 0x00007ffbc03a2000 	C:\Windows\SYSTEM32\kernel.appcore.dll
0x00007ffb6aa90000 - 0x00007ffb6aa9a000 	C:\Program Files\Java\jdk-17\bin\jimage.dll
0x00007ffbbb3c0000 - 0x00007ffbbb5c1000 	C:\Windows\SYSTEM32\DBGHELP.DLL
0x00007ffba25c0000 - 0x00007ffba25f4000 	C:\Windows\SYSTEM32\dbgcore.DLL
0x00007ffbc2560000 - 0x00007ffbc25e2000 	C:\Windows\System32\bcryptPrimitives.dll
0x00007ffaf85d0000 - 0x00007ffaf85f5000 	C:\Program Files\Java\jdk-17\bin\java.dll

dbghelp: loaded successfully - version: 4.0.5 - missing functions: none
symbol engine: initialized successfully - sym options: 0x614 - pdb path: .;C:\Program Files\Java\jdk-17\bin;C:\Windows\SYSTEM32;C:\Windows\WinSxS\amd64_microsoft.windows.common-controls_6595b64144ccf1df_6.0.19041.6456_none_60b8a6cb71f64256;C:\Program Files\Java\jdk-17\bin\server

VM Arguments:
java_command: org.jetbrains.kotlin.cli.jvm.K2JVMCompiler @C:\rc\flutter\flutter\packages\flutter_tools\gradle\build\20260202_9824592889917924988.compiler.options
java_class_path (initial): C:\Users\rc\.gradle\caches\modules-2\files-2.1\org.jetbrains.kotlin\kotlin-compiler-embeddable\1.9.22\9cd4dc7773cf2a99ecd961a88fbbc9a2da3fb5e1\kotlin-compiler-embeddable-1.9.22.jar;C:\Users\rc\.gradle\caches\modules-2\files-2.1\org.jetbrains.kotlin\kotlin-stdlib\1.9.22\d6c44cd08d8f3f9bece8101216dbe6553365c6e3\kotlin-stdlib-1.9.22.jar;C:\Users\rc\.gradle\caches\modules-2\files-2.1\org.jetbrains.kotlin\kotlin-script-runtime\1.9.22\f8139a46fc677ec9badc49ae954392f4f5e7e7c7\kotlin-script-runtime-1.9.22.jar;C:\Users\rc\.gradle\caches\modules-2\files-2.1\org.jetbrains.kotlin\kotlin-reflect\1.6.10\1cbe9c92c12a94eea200d23c2bbaedaf3daf5132\kotlin-reflect-1.6.10.jar;C:\Users\rc\.gradle\caches\modules-2\files-2.1\org.jetbrains.kotlin\kotlin-daemon-embeddable\1.9.22\20e2c5df715f3240c765cfc222530e2796542021\kotlin-daemon-embeddable-1.9.22.jar;C:\Users\rc\.gradle\caches\modules-2\files-2.1\org.jetbrains.intellij.deps\trove4j\1.0.20200330\3afb14d5f9ceb459d724e907a21145e8ff394f02\trove4j-1.0.20200330.jar;C:\Users\rc\.gradle\caches\modules-2\files-2.1\org.jetbrains\annotations\13.0\919f0dfe192fb4e063e7dacadee7f8bb9a2672a9\annotations-13.0.jar
Launcher Type: SUN_STANDARD

[Global flags]
     intx CICompilerCount                          = 12                                        {product} {ergonomic}
     uint ConcGCThreads                            = 5                                         {product} {ergonomic}
     uint G1ConcRefinementThreads                  = 18                                        {product} {ergonomic}
   size_t G1HeapRegionSize                         = 4194304                                   {product} {ergonomic}
    uintx GCDrainStackTargetSize                   = 64                                        {product} {ergonomic}
   size_t InitialHeapSize                          = 524288000                                 {product} {ergonomic}
   size_t MarkStackSize                            = 4194304                                   {product} {ergonomic}
   size_t MaxHeapSize                              = 8346664960                                {product} {ergonomic}
   size_t MinHeapDeltaBytes                        = 4194304                                   {product} {ergonomic}
   size_t MinHeapSize                              = 8388608                                   {product} {ergonomic}
    uintx NonNMethodCodeHeapSize                   = 7602480                                {pd product} {ergonomic}
    uintx NonProfiledCodeHeapSize                  = 122027880                              {pd product} {ergonomic}
    uintx ProfiledCodeHeapSize                     = 122027880                              {pd product} {ergonomic}
    uintx ReservedCodeCacheSize                    = 251658240                              {pd product} {ergonomic}
     bool SegmentedCodeCache                       = true                                      {product} {ergonomic}
   size_t SoftMaxHeapSize                          = 8346664960                             {manageable} {ergonomic}
     bool UseCompressedClassPointers               = true                           {product lp64_product} {ergonomic}
     bool UseCompressedOops                        = true                           {product lp64_product} {ergonomic}
     bool UseG1GC                                  = true                                      {product} {ergonomic}
     bool UseLargePagesIndividualAllocation        = false                                  {pd product} {ergonomic}

Logging:
Log output configuration:
 #0: stdout all=warning uptime,level,tags
 #1: stderr all=off uptime,level,tags

Environment Variables:
PATH=C:\Program Files\Common Files\Oracle\Java\javapath;C:\Windows\system32;C:\Windows;C:\Windows\System32\Wbem;C:\Windows\System32\WindowsPowerShell\v1.0\;C:\Windows\System32\OpenSSH\;C:\Program Files\NVIDIA Corporation\NVIDIA App\NvDLISR;C:\Program Files (x86)\NVIDIA Corporation\PhysX\Common;C:\Program Files\cursor\resources\app\bin;C:\Program Files\Microsoft SQL Server\150\Tools\Binn\;C:\Program Files\Microsoft SQL Server\Client SDK\ODBC\170\Tools\Binn\;C:\Program Files\dotnet\;C:\Program Files\Bandizip\;C:\Program Files\Git\cmd;C:\Program Files\nodejs\;C:\ProgramData\chocolatey\bin;C:\Program Files\PuTTY\;C:\Users\rc\AppData\Local\Programs\Python\Python310\Scripts\;C:\Users\rc\AppData\Local\Programs\Python\Python310\;C:\rc\flutter\flutter\bin\;C:\Windows\system32;C:\Windows;C:\Windows\System32\Wbem;C:\Windows\System32\WindowsPowerShell\v1.0\;C:\Windows\System32\OpenSSH\;C:\Program Files\NVIDIA Corporation\NVIDIA App\NvDLISR;C:\Program Files (x86)\NVIDIA Corporation\PhysX\Common;C:\Program Files\cursor\resources\app\bin;C:\Program Files\Microsoft SQL Server\150\Tools\Binn\;C:\Program Files\Microsoft SQL Server\Client SDK\ODBC\170\Tools\Binn\;C:\Program Files\dotnet\;C:\Program Files\Bandizip\;C:\Program Files\Git\cmd;C:\Users\rc\AppData\Local\Programs\Python\Python313\Scripts\;C:\Users\rc\AppData\Local\Programs\Python\Python313\;C:\Users\rc\AppData\Local\Microsoft\WindowsApps;C:\Users\rc\.dotnet\tools;C:\Users\rc\AppData\Local\GitHubDesktop\bin;C:\rc\flutter\flutter\bin;C:\Program Files\Git\cmd;C:\Android\cmdline-tools\latest\bin;C:\Android\platform-tools;C:\Users\rc\AppData\Roaming\npm;C:\Users\rc\AppData\Local\Android\Sdk\platform-tools
USERNAME=rc
OS=Windows_NT
PROCESSOR_IDENTIFIER=AMD64 Family 26 Model 68 Stepping 0, AuthenticAMD



---------------  S Y S T E M  ---------------

OS:
 Windows 10 , 64 bit Build 19041 (10.0.19041.5915)
OS uptime: 4 days 6:29 hours

CPU: total 24 (initial active 24) (24 cores per cpu, 2 threads per core) family 26 model 68 stepping 0 microcode 0x0, cx8, cmov, fxsr, ht, mmx, 3dnowpref, sse, sse2, sse3, ssse3, sse4a, sse4.1, sse4.2, popcnt, lzcnt, tsc, tscinvbit, avx, avx2, aes, erms, clmul, bmi1, bmi2, adx, avx512f, avx512dq, avx512cd, avx512bw, avx512vl, sha, fma, vzeroupper, avx512_vpopcntdq, avx512_vpclmulqdq, avx512_vaes, avx512_vnni, clflush, clflushopt, avx512_vbmi2, avx512_vbmi

Memory: 4k page, system-wide physical 31830M (1175M free)
TotalPageFile size 62250M (AvailPageFile size 121M)
current process WorkingSet (physical memory assigned to process): 10M, peak: 10M
current process commit charge ("private bytes"): 81M, peak: 581M

vm_info: Java HotSpot(TM) 64-Bit Server VM (17.0.12+8-LTS-286) for windows-amd64 JRE (17.0.12+8-LTS-286), built on Jun  5 2024 06:46:59 by "mach5one" with MS VC++ 17.6 (VS2022)

END.
