#
# There is insufficient memory for the Java Runtime Environment to continue.
# Native memory allocation (mmap) failed to map 75497472 bytes for G1 virtual space
# Possible reasons:
#   The system is out of physical RAM or swap space
#   The process is running with CompressedOops enabled, and the Java Heap may be blocking the growth of the native heap
# Possible solutions:
#   Reduce memory load on the system
#   Increase physical memory or swap space
#   Check if swap backing store is full
#   Decrease Java heap size (-Xmx/-Xms)
#   Decrease number of Java threads
#   Decrease Java thread stack sizes (-Xss)
#   Set larger code cache with -XX:ReservedCodeCacheSize=
#   JVM is running with Zero Based Compressed Oops mode in which the Java heap is
#     placed in the first 32GB address space. The Java Heap base address is the
#     maximum limit for the native heap growth. Please use -XX:HeapBaseMinAddress
#     to set the Java Heap base and to place the Java Heap above 32GB virtual address.
# This output file may be truncated or incomplete.
#
#  Out of Memory Error (os_windows.cpp:3548), pid=61604, tid=24416
#
# JRE version: Java(TM) SE Runtime Environment (17.0.12+8) (build 17.0.12+8-LTS-286)
# Java VM: Java HotSpot(TM) 64-Bit Server VM (17.0.12+8-LTS-286, mixed mode, sharing, tiered, compressed oops, compressed class ptrs, g1 gc, windows-amd64)
# No core dump will be written. Minidumps are not enabled by default on client versions of Windows
#

---------------  S U M M A R Y ------------

Command Line: --add-opens=java.base/java.lang=ALL-UNNAMED --add-opens=java.base/java.lang.invoke=ALL-UNNAMED --add-opens=java.base/java.util=ALL-UNNAMED --add-opens=java.prefs/java.util.prefs=ALL-UNNAMED --add-exports=jdk.compiler/com.sun.tools.javac.api=ALL-UNNAMED --add-exports=jdk.compiler/com.sun.tools.javac.util=ALL-UNNAMED --add-opens=java.base/java.util=ALL-UNNAMED --add-opens=java.prefs/java.util.prefs=ALL-UNNAMED --add-opens=java.base/java.nio.charset=ALL-UNNAMED --add-opens=java.base/java.net=ALL-UNNAMED --add-opens=java.base/java.util.concurrent=ALL-UNNAMED --add-opens=java.base/java.util.concurrent.atomic=ALL-UNNAMED --add-opens=java.xml/javax.xml.namespace=ALL-UNNAMED --add-opens=java.base/java.time=ALL-UNNAMED -Xmx4096m -Dfile.encoding=UTF-8 -Duser.country=KR -Duser.language=ko -Duser.variant -javaagent:C:\Users\rc\.gradle\wrapper\dists\gradle-9.1.0-bin\9agqghryom9wkf8r80qlhnts3\gradle-9.1.0\lib\agents\gradle-instrumentation-agent-9.1.0.jar org.gradle.launcher.daemon.bootstrap.GradleDaemon 9.1.0

Host: AMD Ryzen 9 9900X 12-Core Processor            , 24 cores, 31G,  Windows 10 , 64 bit Build 19041 (10.0.19041.5915)
Time: Mon Feb  2 05:06:05 2026  Windows 10 , 64 bit Build 19041 (10.0.19041.5915) elapsed time: 4.955409 seconds (0d 0h 0m 4s)

---------------  T H R E A D  ---------------

Current thread (0x000001ce7c6a7b80):  VMThread "VM Thread" [stack: 0x000000a851600000,0x000000a851700000] [id=24416]

Stack: [0x000000a851600000,0x000000a851700000]
Native frames: (J=compiled Java code, j=interpreted, Vv=VM code, C=native code)
V  [jvm.dll+0x67a04a]
V  [jvm.dll+0x7da4ed]
V  [jvm.dll+0x7dbe33]
V  [jvm.dll+0x7dc4a3]
V  [jvm.dll+0x24508f]
V  [jvm.dll+0x677089]
V  [jvm.dll+0x66bd32]
V  [jvm.dll+0x301fa6]
V  [jvm.dll+0x309546]
V  [jvm.dll+0x359d2e]
V  [jvm.dll+0x359f5f]
V  [jvm.dll+0x2d9078]
V  [jvm.dll+0x2d74ad]
V  [jvm.dll+0x2d6afc]
V  [jvm.dll+0x31a65b]
V  [jvm.dll+0x7e0d9b]
V  [jvm.dll+0x7e1ad4]
V  [jvm.dll+0x7e1fed]
V  [jvm.dll+0x7e23c4]
V  [jvm.dll+0x7e2490]
V  [jvm.dll+0x78abea]
V  [jvm.dll+0x678f35]
C  [ucrtbase.dll+0x21bb2]
C  [KERNEL32.DLL+0x17374]
C  [ntdll.dll+0x4cc91]

VM_Operation (0x000000a853af79f0): G1CollectForAllocation, mode: safepoint, requested by thread 0x000001ce450b1ab0


---------------  P R O C E S S  ---------------

Threads class SMR info:
_java_thread_list=0x000001ce456508e0, length=38, elements={
0x000001ce58513970, 0x000001ce7c6ac440, 0x000001ce7c6acd10, 0x000001ce7cae9790,
0x000001ce7caea060, 0x000001ce7caea930, 0x000001ce7caeb200, 0x000001ce7caebeb0,
0x000001ce7caee880, 0x000001ce7caf11a0, 0x000001ce7cbaace0, 0x000001ce7c698e30,
0x000001ce7cc1c630, 0x000001ce7cc1d010, 0x000001ce7cda7140, 0x000001ce7e85aa60,
0x000001ce7e85b480, 0x000001ce7e85bea0, 0x000001ce7e85a550, 0x000001ce450abf90,
0x000001ce450aed20, 0x000001ce450b1ab0, 0x000001ce450b1090, 0x000001ce450ab570,
0x000001ce450aba80, 0x000001ce450ac4a0, 0x000001ce450ac9b0, 0x000001ce450ad8e0,
0x000001ce450acec0, 0x000001ce450b0160, 0x000001ce450b0670, 0x000001ce450ad3d0,
0x000001ce450af230, 0x000001ce450af740, 0x000001ce450addf0, 0x000001ce450ab060,
0x000001ce450b0b80, 0x000001ce450ae300
}

Java Threads: ( => current thread )
  0x000001ce58513970 JavaThread "main" [_thread_blocked, id=39748, stack(0x000000a851000000,0x000000a851100000)]
  0x000001ce7c6ac440 JavaThread "Reference Handler" daemon [_thread_blocked, id=45940, stack(0x000000a851700000,0x000000a851800000)]
  0x000001ce7c6acd10 JavaThread "Finalizer" daemon [_thread_blocked, id=49700, stack(0x000000a851800000,0x000000a851900000)]
  0x000001ce7cae9790 JavaThread "Signal Dispatcher" daemon [_thread_blocked, id=39372, stack(0x000000a851900000,0x000000a851a00000)]
  0x000001ce7caea060 JavaThread "Attach Listener" daemon [_thread_blocked, id=59776, stack(0x000000a851a00000,0x000000a851b00000)]
  0x000001ce7caea930 JavaThread "Service Thread" daemon [_thread_blocked, id=59688, stack(0x000000a851b00000,0x000000a851c00000)]
  0x000001ce7caeb200 JavaThread "Monitor Deflation Thread" daemon [_thread_blocked, id=59272, stack(0x000000a851c00000,0x000000a851d00000)]
  0x000001ce7caebeb0 JavaThread "C2 CompilerThread0" daemon [_thread_blocked, id=52500, stack(0x000000a851d00000,0x000000a851e00000)]
  0x000001ce7caee880 JavaThread "C1 CompilerThread0" daemon [_thread_blocked, id=46168, stack(0x000000a851e00000,0x000000a851f00000)]
  0x000001ce7caf11a0 JavaThread "Sweeper thread" daemon [_thread_blocked, id=59712, stack(0x000000a851f00000,0x000000a852000000)]
  0x000001ce7cbaace0 JavaThread "C1 CompilerThread1" daemon [_thread_blocked, id=32664, stack(0x000000a852000000,0x000000a852100000)]
  0x000001ce7c698e30 JavaThread "Common-Cleaner" daemon [_thread_blocked, id=48236, stack(0x000000a852100000,0x000000a852200000)]
  0x000001ce7cc1c630 JavaThread "C1 CompilerThread2" daemon [_thread_blocked, id=21376, stack(0x000000a852200000,0x000000a852300000)]
  0x000001ce7cc1d010 JavaThread "C1 CompilerThread3" daemon [_thread_blocked, id=46624, stack(0x000000a852300000,0x000000a852400000)]
  0x000001ce7cda7140 JavaThread "Notification Thread" daemon [_thread_blocked, id=52880, stack(0x000000a852500000,0x000000a852600000)]
  0x000001ce7e85aa60 JavaThread "Daemon health stats" [_thread_blocked, id=59192, stack(0x000000a853400000,0x000000a853500000)]
  0x000001ce7e85b480 JavaThread "Incoming local TCP Connector on port 1107" [_thread_in_native, id=58952, stack(0x000000a853500000,0x000000a853600000)]
  0x000001ce7e85bea0 JavaThread "Daemon periodic checks" [_thread_blocked, id=62844, stack(0x000000a853600000,0x000000a853700000)]
  0x000001ce7e85a550 JavaThread "Daemon" [_thread_blocked, id=60124, stack(0x000000a853700000,0x000000a853800000)]
  0x000001ce450abf90 JavaThread "Handler for socket connection from /127.0.0.1:1107 to /127.0.0.1:1109" [_thread_in_native, id=62856, stack(0x000000a853800000,0x000000a853900000)]
  0x000001ce450aed20 JavaThread "Cancel handler" [_thread_blocked, id=59140, stack(0x000000a853900000,0x000000a853a00000)]
  0x000001ce450b1ab0 JavaThread "Daemon worker" [_thread_blocked, id=29164, stack(0x000000a853a00000,0x000000a853b00000)]
  0x000001ce450b1090 JavaThread "Asynchronous log dispatcher for DefaultDaemonConnection: socket connection from /127.0.0.1:1107 to /127.0.0.1:1109" [_thread_blocked, id=10128, stack(0x000000a853b00000,0x000000a853c00000)]
  0x000001ce450ab570 JavaThread "Stdin handler" [_thread_blocked, id=60008, stack(0x000000a853c00000,0x000000a853d00000)]
  0x000001ce450aba80 JavaThread "Daemon client event forwarder" [_thread_blocked, id=59516, stack(0x000000a853d00000,0x000000a853e00000)]
  0x000001ce450ac4a0 JavaThread "Cache worker for journal cache (C:\Users\rc\.gradle\caches\journal-1)" [_thread_blocked, id=58508, stack(0x000000a853e00000,0x000000a853f00000)]
  0x000001ce450ac9b0 JavaThread "File lock request listener" [_thread_in_native, id=59324, stack(0x000000a853f00000,0x000000a854000000)]
  0x000001ce450ad8e0 JavaThread "Cache worker for file hash cache (C:\Users\rc\.gradle\caches\9.1.0\fileHashes)" [_thread_blocked, id=58800, stack(0x000000a854000000,0x000000a854100000)]
  0x000001ce450acec0 JavaThread "Cache worker for file hash cache (C:\rc\_cube\empecs\empecs_cgms\docs\Android-nRF-Toolbox-main\.gradle\9.1.0\fileHashes)" [_thread_blocked, id=58648, stack(0x000000a854c00000,0x000000a854d00000)]
  0x000001ce450b0160 JavaThread "Cache worker for Build Output Cleanup Cache (C:\rc\_cube\empecs\empecs_cgms\docs\Android-nRF-Toolbox-main\.gradle\buildOutputCleanup)" [_thread_blocked, id=59240, stack(0x000000a854d00000,0x000000a854e00000)]
  0x000001ce450b0670 JavaThread "File watcher server" daemon [_thread_in_native, id=58724, stack(0x000000a854e00000,0x000000a854f00000)]
  0x000001ce450ad3d0 JavaThread "File watcher consumer" daemon [_thread_blocked, id=58984, stack(0x000000a854f00000,0x000000a855000000)]
  0x000001ce450af230 JavaThread "Cache worker for checksums cache (C:\rc\_cube\empecs\empecs_cgms\docs\Android-nRF-Toolbox-main\.gradle\9.1.0\checksums)" [_thread_blocked, id=57656, stack(0x000000a855000000,0x000000a855100000)]
  0x000001ce450af740 JavaThread "Cache worker for file content cache (C:\Users\rc\.gradle\caches\9.1.0\fileContent)" [_thread_blocked, id=58772, stack(0x000000a855100000,0x000000a855200000)]
  0x000001ce450addf0 JavaThread "Cache worker for cache directory md-supplier (C:\Users\rc\.gradle\caches\9.1.0\md-supplier)" [_thread_blocked, id=59048, stack(0x000000a852900000,0x000000a852a00000)]
  0x000001ce450ab060 JavaThread "Cache worker for cache directory md-rule (C:\Users\rc\.gradle\caches\9.1.0\md-rule)" [_thread_blocked, id=58888, stack(0x000000a855200000,0x000000a855300000)]
  0x000001ce450b0b80 JavaThread "jar transforms" [_thread_blocked, id=59024, stack(0x000000a855600000,0x000000a855700000)]
  0x000001ce450ae300 JavaThread "jar transforms Thread 2" [_thread_blocked, id=59848, stack(0x000000a855700000,0x000000a855800000)]

Other Threads:
=>0x000001ce7c6a7b80 VMThread "VM Thread" [stack: 0x000000a851600000,0x000000a851700000] [id=24416]
  0x000001ce563cc400 WatcherThread [stack: 0x000000a852600000,0x000000a852700000] [id=60092]
  0x000001ce58583860 GCTaskThread "GC Thread#0" [stack: 0x000000a851100000,0x000000a851200000] [id=60492]
  0x000001ce7cf21c00 GCTaskThread "GC Thread#1" [stack: 0x000000a852a00000,0x000000a852b00000] [id=60112]
  0x000001ce7d196c70 GCTaskThread "GC Thread#2" [stack: 0x000000a852b00000,0x000000a852c00000] [id=27272]
  0x000001ce7d6bbae0 GCTaskThread "GC Thread#3" [stack: 0x000000a852c00000,0x000000a852d00000] [id=55408]
  0x000001ce7d6c0190 GCTaskThread "GC Thread#4" [stack: 0x000000a852d00000,0x000000a852e00000] [id=59612]
  0x000001ce7d6d48d0 GCTaskThread "GC Thread#5" [stack: 0x000000a852e00000,0x000000a852f00000] [id=55516]
  0x000001ce7d458830 GCTaskThread "GC Thread#6" [stack: 0x000000a852f00000,0x000000a853000000] [id=58596]
  0x000001ce7d6710e0 GCTaskThread "GC Thread#7" [stack: 0x000000a853000000,0x000000a853100000] [id=58052]
  0x000001ce7d670060 GCTaskThread "GC Thread#8" [stack: 0x000000a853100000,0x000000a853200000] [id=49464]
  0x000001ce7d6713a0 GCTaskThread "GC Thread#9" [stack: 0x000000a853200000,0x000000a853300000] [id=9120]
  0x000001ce7d671660 GCTaskThread "GC Thread#10" [stack: 0x000000a853300000,0x000000a853400000] [id=58664]
  0x000001ce7d670b60 GCTaskThread "GC Thread#11" [stack: 0x000000a854100000,0x000000a854200000] [id=58844]
  0x000001ce7d670e20 GCTaskThread "GC Thread#12" [stack: 0x000000a854200000,0x000000a854300000] [id=61548]
  0x000001ce46673160 GCTaskThread "GC Thread#13" [stack: 0x000000a854300000,0x000000a854400000] [id=59072]
  0x000001ce46673420 GCTaskThread "GC Thread#14" [stack: 0x000000a854400000,0x000000a854500000] [id=58492]
  0x000001ce46673f20 GCTaskThread "GC Thread#15" [stack: 0x000000a854500000,0x000000a854600000] [id=59352]
  0x000001ce466736e0 GCTaskThread "GC Thread#16" [stack: 0x000000a854600000,0x000000a854700000] [id=59136]
  0x000001ce466739a0 GCTaskThread "GC Thread#17" [stack: 0x000000a854700000,0x000000a854800000] [id=24212]
  0x000001ce58532d30 ConcurrentGCThread "G1 Main Marker" [stack: 0x000000a851200000,0x000000a851300000] [id=33812]
  0x000001ce58594920 ConcurrentGCThread "G1 Conc#0" [stack: 0x000000a851300000,0x000000a851400000] [id=17152]
  0x000001ce467a5fa0 ConcurrentGCThread "G1 Conc#1" [stack: 0x000000a854800000,0x000000a854900000] [id=58460]
  0x000001ce467a5a20 ConcurrentGCThread "G1 Conc#2" [stack: 0x000000a854900000,0x000000a854a00000] [id=58880]
  0x000001ce467a6520 ConcurrentGCThread "G1 Conc#3" [stack: 0x000000a854a00000,0x000000a854b00000] [id=60712]
  0x000001ce467a5ce0 ConcurrentGCThread "G1 Conc#4" [stack: 0x000000a854b00000,0x000000a854c00000] [id=58776]
  0x000001ce585de460 ConcurrentGCThread "G1 Refine#0" [stack: 0x000000a851400000,0x000000a851500000] [id=9808]
  0x000001ce585deb40 ConcurrentGCThread "G1 Service" [stack: 0x000000a851500000,0x000000a851600000] [id=23976]

Threads with active compile tasks:

VM state: at safepoint (normal execution)

VM Mutex/Monitor currently owned by a thread:  ([mutex/lock_event])
[0x000001ce5850ee70] Threads_lock - owner thread: 0x000001ce7c6a7b80
[0x000001ce5850da30] Heap_lock - owner thread: 0x000001ce450b1ab0

Heap address: 0x0000000700000000, size: 4096 MB, Compressed Oops mode: Zero based, Oop shift amount: 3

CDS archive(s) mapped at: [0x000001ce00000000-0x000001ce00bd0000-0x000001ce00bd0000), size 12386304, SharedBaseAddress: 0x000001ce00000000, ArchiveRelocationMode: 1.
Compressed class space mapped at: 0x000001ce01000000-0x000001ce41000000, reserved size: 1073741824
Narrow klass base: 0x000001ce00000000, Narrow klass shift: 0, Narrow klass range: 0x100000000

GC Precious Log:
 CPUs: 24 total, 24 available
 Memory: 31830M
 Large Page Support: Disabled
 NUMA Support: Disabled
 Compressed Oops: Enabled (Zero based)
 Heap Region Size: 2M
 Heap Min Capacity: 8M
 Heap Initial Capacity: 498M
 Heap Max Capacity: 4G
 Pre-touch: Disabled
 Parallel Workers: 18
 Concurrent Workers: 5
 Concurrent Refinement Workers: 18
 Periodic GC: Disabled

Heap:
 garbage-first heap   total 436224K, used 54172K [0x0000000700000000, 0x0000000800000000)
  region size 2048K, 8 young (16384K), 8 survivors (16384K)
 Metaspace       used 45455K, committed 45952K, reserved 1114112K
  class space    used 6290K, committed 6528K, reserved 1048576K

Heap Regions: E=young(eden), S=young(survivor), O=old, HS=humongous(starts), HC=humongous(continues), CS=collection set, F=free, OA=open archive, CA=closed archive, TAMS=top-at-mark-start (previous, next)
|   0|0x0000000700000000, 0x0000000700200000, 0x0000000700200000|100%|HS|  |TAMS 0x0000000700200000, 0x0000000700000000| Complete 
|   1|0x0000000700200000, 0x0000000700400000, 0x0000000700400000|100%|HC|  |TAMS 0x0000000700400000, 0x0000000700200000| Complete 
|   2|0x0000000700400000, 0x0000000700600000, 0x0000000700600000|100%| O|  |TAMS 0x0000000700600000, 0x0000000700400000| Untracked 
|   3|0x0000000700600000, 0x0000000700800000, 0x0000000700800000|100%| O|  |TAMS 0x0000000700800000, 0x0000000700600000| Untracked 
|   4|0x0000000700800000, 0x0000000700a00000, 0x0000000700a00000|100%| O|  |TAMS 0x0000000700a00000, 0x0000000700800000| Untracked 
|   5|0x0000000700a00000, 0x0000000700c00000, 0x0000000700c00000|100%| O|  |TAMS 0x0000000700a00000, 0x0000000700a00000| Untracked 
|   6|0x0000000700c00000, 0x0000000700e00000, 0x0000000700e00000|100%| O|  |TAMS 0x0000000700e00000, 0x0000000700c00000| Untracked 
|   7|0x0000000700e00000, 0x0000000701000000, 0x0000000701000000|100%| O|  |TAMS 0x0000000701000000, 0x0000000700e00000| Untracked 
|   8|0x0000000701000000, 0x0000000701200000, 0x0000000701200000|100%| O|  |TAMS 0x0000000701200000, 0x0000000701000000| Untracked 
|   9|0x0000000701200000, 0x0000000701400000, 0x0000000701400000|100%| O|  |TAMS 0x0000000701400000, 0x0000000701200000| Untracked 
|  10|0x0000000701400000, 0x0000000701600000, 0x0000000701600000|100%| O|  |TAMS 0x0000000701400000, 0x0000000701400000| Untracked 
|  11|0x0000000701600000, 0x0000000701800000, 0x0000000701800000|100%| O|  |TAMS 0x0000000701600000, 0x0000000701600000| Untracked 
|  12|0x0000000701800000, 0x0000000701a00000, 0x0000000701a00000|100%| O|  |TAMS 0x0000000701800000, 0x0000000701800000| Untracked 
|  13|0x0000000701a00000, 0x0000000701c00000, 0x0000000701c00000|100%| O|  |TAMS 0x0000000701a00000, 0x0000000701a00000| Untracked 
|  14|0x0000000701c00000, 0x0000000701d41600, 0x0000000701e00000| 62%| O|  |TAMS 0x0000000701c00000, 0x0000000701c00000| Untracked 
|  15|0x0000000701e00000, 0x0000000702000000, 0x0000000702000000|100%| O|  |TAMS 0x0000000702000000, 0x0000000701e00000| Untracked 
|  16|0x0000000702000000, 0x0000000702200000, 0x0000000702200000|100%| O|  |TAMS 0x0000000702200000, 0x0000000702000000| Untracked 
|  17|0x0000000702200000, 0x0000000702400000, 0x0000000702400000|100%| O|  |TAMS 0x0000000702400000, 0x0000000702200000| Untracked 
|  18|0x0000000702400000, 0x0000000702600000, 0x0000000702600000|100%| O|  |TAMS 0x00000007024d2200, 0x0000000702400000| Untracked 
|  19|0x0000000702600000, 0x0000000702600000, 0x0000000702800000|  0%| F|  |TAMS 0x0000000702600000, 0x0000000702600000| Untracked 
|  20|0x0000000702800000, 0x0000000702800000, 0x0000000702a00000|  0%| F|  |TAMS 0x0000000702800000, 0x0000000702800000| Untracked 
|  21|0x0000000702a00000, 0x0000000702a00000, 0x0000000702c00000|  0%| F|  |TAMS 0x0000000702a00000, 0x0000000702a00000| Untracked 
|  22|0x0000000702c00000, 0x0000000702c00000, 0x0000000702e00000|  0%| F|  |TAMS 0x0000000702c00000, 0x0000000702c00000| Untracked 
|  23|0x0000000702e00000, 0x0000000702e00000, 0x0000000703000000|  0%| F|  |TAMS 0x0000000702e00000, 0x0000000702e00000| Untracked 
|  24|0x0000000703000000, 0x0000000703000000, 0x0000000703200000|  0%| F|  |TAMS 0x0000000703000000, 0x0000000703000000| Untracked 
|  25|0x0000000703200000, 0x0000000703200000, 0x0000000703400000|  0%| F|  |TAMS 0x0000000703200000, 0x0000000703200000| Untracked 
|  26|0x0000000703400000, 0x0000000703400000, 0x0000000703600000|  0%| F|  |TAMS 0x0000000703400000, 0x0000000703400000| Untracked 
|  27|0x0000000703600000, 0x0000000703600000, 0x0000000703800000|  0%| F|  |TAMS 0x0000000703600000, 0x0000000703600000| Untracked 
|  28|0x0000000703800000, 0x0000000703800000, 0x0000000703a00000|  0%| F|  |TAMS 0x0000000703800000, 0x0000000703800000| Untracked 
|  29|0x0000000703a00000, 0x0000000703a00000, 0x0000000703c00000|  0%| F|  |TAMS 0x0000000703a00000, 0x0000000703a00000| Untracked 
|  30|0x0000000703c00000, 0x0000000703c00000, 0x0000000703e00000|  0%| F|  |TAMS 0x0000000703c00000, 0x0000000703c00000| Untracked 
|  31|0x0000000703e00000, 0x0000000703e00000, 0x0000000704000000|  0%| F|  |TAMS 0x0000000703e00000, 0x0000000703e00000| Untracked 
|  32|0x0000000704000000, 0x0000000704000000, 0x0000000704200000|  0%| F|  |TAMS 0x0000000704000000, 0x0000000704000000| Untracked 
|  33|0x0000000704200000, 0x0000000704200000, 0x0000000704400000|  0%| F|  |TAMS 0x0000000704200000, 0x0000000704200000| Untracked 
|  34|0x0000000704400000, 0x0000000704400000, 0x0000000704600000|  0%| F|  |TAMS 0x0000000704400000, 0x0000000704400000| Untracked 
|  35|0x0000000704600000, 0x0000000704600000, 0x0000000704800000|  0%| F|  |TAMS 0x0000000704600000, 0x0000000704600000| Untracked 
|  36|0x0000000704800000, 0x0000000704800000, 0x0000000704a00000|  0%| F|  |TAMS 0x0000000704800000, 0x0000000704800000| Untracked 
|  37|0x0000000704a00000, 0x0000000704a00000, 0x0000000704c00000|  0%| F|  |TAMS 0x0000000704a00000, 0x0000000704a00000| Untracked 
|  38|0x0000000704c00000, 0x0000000704c00000, 0x0000000704e00000|  0%| F|  |TAMS 0x0000000704c00000, 0x0000000704c00000| Untracked 
|  39|0x0000000704e00000, 0x0000000704e00000, 0x0000000705000000|  0%| F|  |TAMS 0x0000000704e00000, 0x0000000704e00000| Untracked 
|  40|0x0000000705000000, 0x0000000705000000, 0x0000000705200000|  0%| F|  |TAMS 0x0000000705000000, 0x0000000705000000| Untracked 
|  41|0x0000000705200000, 0x0000000705200000, 0x0000000705400000|  0%| F|  |TAMS 0x0000000705200000, 0x0000000705200000| Untracked 
|  42|0x0000000705400000, 0x0000000705400000, 0x0000000705600000|  0%| F|  |TAMS 0x0000000705400000, 0x0000000705400000| Untracked 
|  43|0x0000000705600000, 0x0000000705600000, 0x0000000705800000|  0%| F|  |TAMS 0x0000000705600000, 0x0000000705600000| Untracked 
|  44|0x0000000705800000, 0x0000000705800000, 0x0000000705a00000|  0%| F|  |TAMS 0x0000000705800000, 0x0000000705800000| Untracked 
|  45|0x0000000705a00000, 0x0000000705a00000, 0x0000000705c00000|  0%| F|  |TAMS 0x0000000705a00000, 0x0000000705a00000| Untracked 
|  46|0x0000000705c00000, 0x0000000705c00000, 0x0000000705e00000|  0%| F|  |TAMS 0x0000000705c00000, 0x0000000705c00000| Untracked 
|  47|0x0000000705e00000, 0x0000000705e00000, 0x0000000706000000|  0%| F|  |TAMS 0x0000000705e00000, 0x0000000705e00000| Untracked 
|  48|0x0000000706000000, 0x0000000706000000, 0x0000000706200000|  0%| F|  |TAMS 0x0000000706000000, 0x0000000706000000| Untracked 
|  49|0x0000000706200000, 0x0000000706200000, 0x0000000706400000|  0%| F|  |TAMS 0x0000000706200000, 0x0000000706200000| Untracked 
|  50|0x0000000706400000, 0x0000000706400000, 0x0000000706600000|  0%| F|  |TAMS 0x0000000706400000, 0x0000000706400000| Untracked 
|  51|0x0000000706600000, 0x0000000706600000, 0x0000000706800000|  0%| F|  |TAMS 0x0000000706600000, 0x0000000706600000| Untracked 
|  52|0x0000000706800000, 0x0000000706800000, 0x0000000706a00000|  0%| F|  |TAMS 0x0000000706800000, 0x0000000706800000| Untracked 
|  53|0x0000000706a00000, 0x0000000706a00000, 0x0000000706c00000|  0%| F|  |TAMS 0x0000000706a00000, 0x0000000706a00000| Untracked 
|  54|0x0000000706c00000, 0x0000000706c00000, 0x0000000706e00000|  0%| F|  |TAMS 0x0000000706c00000, 0x0000000706c00000| Untracked 
|  55|0x0000000706e00000, 0x0000000706e00000, 0x0000000707000000|  0%| F|  |TAMS 0x0000000706e00000, 0x0000000706e00000| Untracked 
|  56|0x0000000707000000, 0x0000000707000000, 0x0000000707200000|  0%| F|  |TAMS 0x0000000707000000, 0x0000000707000000| Untracked 
|  57|0x0000000707200000, 0x0000000707200000, 0x0000000707400000|  0%| F|  |TAMS 0x0000000707200000, 0x0000000707200000| Untracked 
|  58|0x0000000707400000, 0x0000000707400000, 0x0000000707600000|  0%| F|  |TAMS 0x0000000707400000, 0x0000000707400000| Untracked 
|  59|0x0000000707600000, 0x0000000707600000, 0x0000000707800000|  0%| F|  |TAMS 0x0000000707600000, 0x0000000707600000| Untracked 
|  60|0x0000000707800000, 0x0000000707800000, 0x0000000707a00000|  0%| F|  |TAMS 0x0000000707800000, 0x0000000707800000| Untracked 
|  61|0x0000000707a00000, 0x0000000707a00000, 0x0000000707c00000|  0%| F|  |TAMS 0x0000000707a00000, 0x0000000707a00000| Untracked 
|  62|0x0000000707c00000, 0x0000000707c00000, 0x0000000707e00000|  0%| F|  |TAMS 0x0000000707c00000, 0x0000000707c00000| Untracked 
|  63|0x0000000707e00000, 0x0000000707e00000, 0x0000000708000000|  0%| F|  |TAMS 0x0000000707e00000, 0x0000000707e00000| Untracked 
|  64|0x0000000708000000, 0x0000000708000000, 0x0000000708200000|  0%| F|  |TAMS 0x0000000708000000, 0x0000000708000000| Untracked 
|  65|0x0000000708200000, 0x0000000708200000, 0x0000000708400000|  0%| F|  |TAMS 0x0000000708200000, 0x0000000708200000| Untracked 
|  66|0x0000000708400000, 0x0000000708400000, 0x0000000708600000|  0%| F|  |TAMS 0x0000000708400000, 0x0000000708400000| Untracked 
|  67|0x0000000708600000, 0x0000000708600000, 0x0000000708800000|  0%| F|  |TAMS 0x0000000708600000, 0x0000000708600000| Untracked 
|  68|0x0000000708800000, 0x0000000708800000, 0x0000000708a00000|  0%| F|  |TAMS 0x0000000708800000, 0x0000000708800000| Untracked 
|  69|0x0000000708a00000, 0x0000000708a00000, 0x0000000708c00000|  0%| F|  |TAMS 0x0000000708a00000, 0x0000000708a00000| Untracked 
|  70|0x0000000708c00000, 0x0000000708c00000, 0x0000000708e00000|  0%| F|  |TAMS 0x0000000708c00000, 0x0000000708c00000| Untracked 
|  71|0x0000000708e00000, 0x0000000708e00000, 0x0000000709000000|  0%| F|  |TAMS 0x0000000708e00000, 0x0000000708e00000| Untracked 
|  72|0x0000000709000000, 0x0000000709000000, 0x0000000709200000|  0%| F|  |TAMS 0x0000000709000000, 0x0000000709000000| Untracked 
|  73|0x0000000709200000, 0x0000000709200000, 0x0000000709400000|  0%| F|  |TAMS 0x0000000709200000, 0x0000000709200000| Untracked 
|  74|0x0000000709400000, 0x0000000709400000, 0x0000000709600000|  0%| F|  |TAMS 0x0000000709400000, 0x0000000709400000| Untracked 
|  75|0x0000000709600000, 0x0000000709600000, 0x0000000709800000|  0%| F|  |TAMS 0x0000000709600000, 0x0000000709600000| Untracked 
|  76|0x0000000709800000, 0x0000000709800000, 0x0000000709a00000|  0%| F|  |TAMS 0x0000000709800000, 0x0000000709800000| Untracked 
|  77|0x0000000709a00000, 0x0000000709a00000, 0x0000000709c00000|  0%| F|  |TAMS 0x0000000709a00000, 0x0000000709a00000| Untracked 
|  78|0x0000000709c00000, 0x0000000709da5aa0, 0x0000000709e00000| 82%| S|CS|TAMS 0x0000000709c00000, 0x0000000709c00000| Complete 
|  79|0x0000000709e00000, 0x000000070a000000, 0x000000070a000000|100%| S|CS|TAMS 0x0000000709e00000, 0x0000000709e00000| Complete 
|  80|0x000000070a000000, 0x000000070a200000, 0x000000070a200000|100%| S|CS|TAMS 0x000000070a000000, 0x000000070a000000| Complete 
|  81|0x000000070a200000, 0x000000070a400000, 0x000000070a400000|100%| S|CS|TAMS 0x000000070a200000, 0x000000070a200000| Complete 
|  82|0x000000070a400000, 0x000000070a600000, 0x000000070a600000|100%| S|CS|TAMS 0x000000070a400000, 0x000000070a400000| Complete 
|  83|0x000000070a600000, 0x000000070a800000, 0x000000070a800000|100%| S|CS|TAMS 0x000000070a600000, 0x000000070a600000| Complete 
|  84|0x000000070a800000, 0x000000070aa00000, 0x000000070aa00000|100%| S|CS|TAMS 0x000000070a800000, 0x000000070a800000| Complete 
|  85|0x000000070aa00000, 0x000000070aa00000, 0x000000070ac00000|  0%| F|  |TAMS 0x000000070aa00000, 0x000000070aa00000| Untracked 
|  86|0x000000070ac00000, 0x000000070ac00000, 0x000000070ae00000|  0%| F|  |TAMS 0x000000070ac00000, 0x000000070ac00000| Untracked 
|  87|0x000000070ae00000, 0x000000070ae00000, 0x000000070b000000|  0%| F|  |TAMS 0x000000070ae00000, 0x000000070ae00000| Untracked 
|  88|0x000000070b000000, 0x000000070b000000, 0x000000070b200000|  0%| F|  |TAMS 0x000000070b000000, 0x000000070b000000| Untracked 
|  89|0x000000070b200000, 0x000000070b200000, 0x000000070b400000|  0%| F|  |TAMS 0x000000070b200000, 0x000000070b200000| Untracked 
|  90|0x000000070b400000, 0x000000070b400000, 0x000000070b600000|  0%| F|  |TAMS 0x000000070b400000, 0x000000070b400000| Untracked 
|  91|0x000000070b600000, 0x000000070b600000, 0x000000070b800000|  0%| F|  |TAMS 0x000000070b600000, 0x000000070b600000| Untracked 
|  92|0x000000070b800000, 0x000000070b800000, 0x000000070ba00000|  0%| F|  |TAMS 0x000000070b800000, 0x000000070b800000| Untracked 
|  93|0x000000070ba00000, 0x000000070ba00000, 0x000000070bc00000|  0%| F|  |TAMS 0x000000070ba00000, 0x000000070ba00000| Untracked 
|  94|0x000000070bc00000, 0x000000070be00000, 0x000000070be00000|100%| S|CS|TAMS 0x000000070bc00000, 0x000000070bc00000| Complete 
|  95|0x000000070be00000, 0x000000070be00000, 0x000000070c000000|  0%| F|  |TAMS 0x000000070be00000, 0x000000070be00000| Untracked 
|  96|0x000000070c000000, 0x000000070c000000, 0x000000070c200000|  0%| F|  |TAMS 0x000000070c000000, 0x000000070c000000| Untracked 
|  97|0x000000070c200000, 0x000000070c200000, 0x000000070c400000|  0%| F|  |TAMS 0x000000070c200000, 0x000000070c200000| Untracked 
|  98|0x000000070c400000, 0x000000070c400000, 0x000000070c600000|  0%| F|  |TAMS 0x000000070c400000, 0x000000070c400000| Untracked 
|  99|0x000000070c600000, 0x000000070c600000, 0x000000070c800000|  0%| F|  |TAMS 0x000000070c600000, 0x000000070c600000| Untracked 
| 100|0x000000070c800000, 0x000000070c800000, 0x000000070ca00000|  0%| F|  |TAMS 0x000000070c800000, 0x000000070c800000| Untracked 
| 101|0x000000070ca00000, 0x000000070ca00000, 0x000000070cc00000|  0%| F|  |TAMS 0x000000070ca00000, 0x000000070ca00000| Untracked 
| 102|0x000000070cc00000, 0x000000070cc00000, 0x000000070ce00000|  0%| F|  |TAMS 0x000000070cc00000, 0x000000070cc00000| Untracked 
| 103|0x000000070ce00000, 0x000000070ce00000, 0x000000070d000000|  0%| F|  |TAMS 0x000000070ce00000, 0x000000070ce00000| Untracked 
| 104|0x000000070d000000, 0x000000070d000000, 0x000000070d200000|  0%| F|  |TAMS 0x000000070d000000, 0x000000070d000000| Untracked 
| 105|0x000000070d200000, 0x000000070d200000, 0x000000070d400000|  0%| F|  |TAMS 0x000000070d200000, 0x000000070d200000| Untracked 
| 106|0x000000070d400000, 0x000000070d400000, 0x000000070d600000|  0%| F|  |TAMS 0x000000070d400000, 0x000000070d400000| Untracked 
| 107|0x000000070d600000, 0x000000070d600000, 0x000000070d800000|  0%| F|  |TAMS 0x000000070d600000, 0x000000070d600000| Untracked 
| 108|0x000000070d800000, 0x000000070d800000, 0x000000070da00000|  0%| F|  |TAMS 0x000000070d800000, 0x000000070d800000| Untracked 
| 109|0x000000070da00000, 0x000000070da00000, 0x000000070dc00000|  0%| F|  |TAMS 0x000000070da00000, 0x000000070da00000| Untracked 
| 110|0x000000070dc00000, 0x000000070dc00000, 0x000000070de00000|  0%| F|  |TAMS 0x000000070dc00000, 0x000000070dc00000| Untracked 
| 111|0x000000070de00000, 0x000000070de00000, 0x000000070e000000|  0%| F|  |TAMS 0x000000070de00000, 0x000000070de00000| Untracked 
| 112|0x000000070e000000, 0x000000070e000000, 0x000000070e200000|  0%| F|  |TAMS 0x000000070e000000, 0x000000070e000000| Untracked 
| 113|0x000000070e200000, 0x000000070e200000, 0x000000070e400000|  0%| F|  |TAMS 0x000000070e200000, 0x000000070e200000| Untracked 
| 114|0x000000070e400000, 0x000000070e400000, 0x000000070e600000|  0%| F|  |TAMS 0x000000070e400000, 0x000000070e400000| Untracked 
| 115|0x000000070e600000, 0x000000070e600000, 0x000000070e800000|  0%| F|  |TAMS 0x000000070e600000, 0x000000070e600000| Untracked 
| 116|0x000000070e800000, 0x000000070e800000, 0x000000070ea00000|  0%| F|  |TAMS 0x000000070e800000, 0x000000070e800000| Untracked 
| 117|0x000000070ea00000, 0x000000070ea00000, 0x000000070ec00000|  0%| F|  |TAMS 0x000000070ea00000, 0x000000070ea00000| Untracked 
| 118|0x000000070ec00000, 0x000000070ec00000, 0x000000070ee00000|  0%| F|  |TAMS 0x000000070ec00000, 0x000000070ec00000| Untracked 
| 119|0x000000070ee00000, 0x000000070ee00000, 0x000000070f000000|  0%| F|  |TAMS 0x000000070ee00000, 0x000000070ee00000| Untracked 
| 120|0x000000070f000000, 0x000000070f000000, 0x000000070f200000|  0%| F|  |TAMS 0x000000070f000000, 0x000000070f000000| Untracked 
| 121|0x000000070f200000, 0x000000070f200000, 0x000000070f400000|  0%| F|  |TAMS 0x000000070f200000, 0x000000070f200000| Untracked 
| 122|0x000000070f400000, 0x000000070f400000, 0x000000070f600000|  0%| F|  |TAMS 0x000000070f400000, 0x000000070f400000| Untracked 
| 123|0x000000070f600000, 0x000000070f600000, 0x000000070f800000|  0%| F|  |TAMS 0x000000070f600000, 0x000000070f600000| Untracked 
| 124|0x000000070f800000, 0x000000070f800000, 0x000000070fa00000|  0%| F|  |TAMS 0x000000070f800000, 0x000000070f800000| Untracked 
| 125|0x000000070fa00000, 0x000000070fa00000, 0x000000070fc00000|  0%| F|  |TAMS 0x000000070fa00000, 0x000000070fa00000| Untracked 
| 126|0x000000070fc00000, 0x000000070fc00000, 0x000000070fe00000|  0%| F|  |TAMS 0x000000070fc00000, 0x000000070fc00000| Untracked 
| 127|0x000000070fe00000, 0x000000070fe00000, 0x0000000710000000|  0%| F|  |TAMS 0x000000070fe00000, 0x000000070fe00000| Untracked 
| 128|0x0000000710000000, 0x0000000710000000, 0x0000000710200000|  0%| F|  |TAMS 0x0000000710000000, 0x0000000710000000| Untracked 
| 129|0x0000000710200000, 0x0000000710200000, 0x0000000710400000|  0%| F|  |TAMS 0x0000000710200000, 0x0000000710200000| Untracked 
| 130|0x0000000710400000, 0x0000000710400000, 0x0000000710600000|  0%| F|  |TAMS 0x0000000710400000, 0x0000000710400000| Untracked 
| 131|0x0000000710600000, 0x0000000710600000, 0x0000000710800000|  0%| F|  |TAMS 0x0000000710600000, 0x0000000710600000| Untracked 
| 132|0x0000000710800000, 0x0000000710800000, 0x0000000710a00000|  0%| F|  |TAMS 0x0000000710800000, 0x0000000710800000| Untracked 
| 133|0x0000000710a00000, 0x0000000710a00000, 0x0000000710c00000|  0%| F|  |TAMS 0x0000000710a00000, 0x0000000710a00000| Untracked 
| 134|0x0000000710c00000, 0x0000000710c00000, 0x0000000710e00000|  0%| F|  |TAMS 0x0000000710c00000, 0x0000000710c00000| Untracked 
| 135|0x0000000710e00000, 0x0000000710e00000, 0x0000000711000000|  0%| F|  |TAMS 0x0000000710e00000, 0x0000000710e00000| Untracked 
| 136|0x0000000711000000, 0x0000000711000000, 0x0000000711200000|  0%| F|  |TAMS 0x0000000711000000, 0x0000000711000000| Untracked 
| 137|0x0000000711200000, 0x0000000711200000, 0x0000000711400000|  0%| F|  |TAMS 0x0000000711200000, 0x0000000711200000| Untracked 
| 138|0x0000000711400000, 0x0000000711400000, 0x0000000711600000|  0%| F|  |TAMS 0x0000000711400000, 0x0000000711400000| Untracked 
| 139|0x0000000711600000, 0x0000000711600000, 0x0000000711800000|  0%| F|  |TAMS 0x0000000711600000, 0x0000000711600000| Untracked 
| 140|0x0000000711800000, 0x0000000711800000, 0x0000000711a00000|  0%| F|  |TAMS 0x0000000711800000, 0x0000000711800000| Untracked 
| 141|0x0000000711a00000, 0x0000000711a00000, 0x0000000711c00000|  0%| F|  |TAMS 0x0000000711a00000, 0x0000000711a00000| Untracked 
| 142|0x0000000711c00000, 0x0000000711c00000, 0x0000000711e00000|  0%| F|  |TAMS 0x0000000711c00000, 0x0000000711c00000| Untracked 
| 143|0x0000000711e00000, 0x0000000711e00000, 0x0000000712000000|  0%| F|  |TAMS 0x0000000711e00000, 0x0000000711e00000| Untracked 
| 144|0x0000000712000000, 0x0000000712000000, 0x0000000712200000|  0%| F|  |TAMS 0x0000000712000000, 0x0000000712000000| Untracked 
| 145|0x0000000712200000, 0x0000000712200000, 0x0000000712400000|  0%| F|  |TAMS 0x0000000712200000, 0x0000000712200000| Untracked 
| 146|0x0000000712400000, 0x0000000712400000, 0x0000000712600000|  0%| F|  |TAMS 0x0000000712400000, 0x0000000712400000| Untracked 
| 147|0x0000000712600000, 0x0000000712600000, 0x0000000712800000|  0%| F|  |TAMS 0x0000000712600000, 0x0000000712600000| Untracked 
| 148|0x0000000712800000, 0x0000000712800000, 0x0000000712a00000|  0%| F|  |TAMS 0x0000000712800000, 0x0000000712800000| Untracked 
| 149|0x0000000712a00000, 0x0000000712a00000, 0x0000000712c00000|  0%| F|  |TAMS 0x0000000712a00000, 0x0000000712a00000| Untracked 
| 150|0x0000000712c00000, 0x0000000712c00000, 0x0000000712e00000|  0%| F|  |TAMS 0x0000000712c00000, 0x0000000712c00000| Untracked 
| 151|0x0000000712e00000, 0x0000000712e00000, 0x0000000713000000|  0%| F|  |TAMS 0x0000000712e00000, 0x0000000712e00000| Untracked 
| 152|0x0000000713000000, 0x0000000713000000, 0x0000000713200000|  0%| F|  |TAMS 0x0000000713000000, 0x0000000713000000| Untracked 
| 153|0x0000000713200000, 0x0000000713200000, 0x0000000713400000|  0%| F|  |TAMS 0x0000000713200000, 0x0000000713200000| Untracked 
| 154|0x0000000713400000, 0x0000000713400000, 0x0000000713600000|  0%| F|  |TAMS 0x0000000713400000, 0x0000000713400000| Untracked 
| 155|0x0000000713600000, 0x0000000713600000, 0x0000000713800000|  0%| F|  |TAMS 0x0000000713600000, 0x0000000713600000| Untracked 
| 156|0x0000000713800000, 0x0000000713800000, 0x0000000713a00000|  0%| F|  |TAMS 0x0000000713800000, 0x0000000713800000| Untracked 
| 157|0x0000000713a00000, 0x0000000713a00000, 0x0000000713c00000|  0%| F|  |TAMS 0x0000000713a00000, 0x0000000713a00000| Untracked 
| 158|0x0000000713c00000, 0x0000000713c00000, 0x0000000713e00000|  0%| F|  |TAMS 0x0000000713c00000, 0x0000000713c00000| Untracked 
| 159|0x0000000713e00000, 0x0000000713e00000, 0x0000000714000000|  0%| F|  |TAMS 0x0000000713e00000, 0x0000000713e00000| Untracked 
| 160|0x0000000714000000, 0x0000000714000000, 0x0000000714200000|  0%| F|  |TAMS 0x0000000714000000, 0x0000000714000000| Untracked 
| 161|0x0000000714200000, 0x0000000714200000, 0x0000000714400000|  0%| F|  |TAMS 0x0000000714200000, 0x0000000714200000| Untracked 
| 162|0x0000000714400000, 0x0000000714400000, 0x0000000714600000|  0%| F|  |TAMS 0x0000000714400000, 0x0000000714400000| Untracked 
| 163|0x0000000714600000, 0x0000000714600000, 0x0000000714800000|  0%| F|  |TAMS 0x0000000714600000, 0x0000000714600000| Untracked 
| 164|0x0000000714800000, 0x0000000714800000, 0x0000000714a00000|  0%| F|  |TAMS 0x0000000714800000, 0x0000000714800000| Untracked 
| 165|0x0000000714a00000, 0x0000000714a00000, 0x0000000714c00000|  0%| F|  |TAMS 0x0000000714a00000, 0x0000000714a00000| Untracked 
| 166|0x0000000714c00000, 0x0000000714c00000, 0x0000000714e00000|  0%| F|  |TAMS 0x0000000714c00000, 0x0000000714c00000| Untracked 
| 167|0x0000000714e00000, 0x0000000714e00000, 0x0000000715000000|  0%| F|  |TAMS 0x0000000714e00000, 0x0000000714e00000| Untracked 
| 168|0x0000000715000000, 0x0000000715000000, 0x0000000715200000|  0%| F|  |TAMS 0x0000000715000000, 0x0000000715000000| Untracked 
| 169|0x0000000715200000, 0x0000000715200000, 0x0000000715400000|  0%| F|  |TAMS 0x0000000715200000, 0x0000000715200000| Untracked 
| 170|0x0000000715400000, 0x0000000715400000, 0x0000000715600000|  0%| F|  |TAMS 0x0000000715400000, 0x0000000715400000| Untracked 
| 171|0x0000000715600000, 0x0000000715600000, 0x0000000715800000|  0%| F|  |TAMS 0x0000000715600000, 0x0000000715600000| Untracked 
| 172|0x0000000715800000, 0x0000000715800000, 0x0000000715a00000|  0%| F|  |TAMS 0x0000000715800000, 0x0000000715800000| Untracked 
| 173|0x0000000715a00000, 0x0000000715a00000, 0x0000000715c00000|  0%| F|  |TAMS 0x0000000715a00000, 0x0000000715a00000| Untracked 
| 174|0x0000000715c00000, 0x0000000715c00000, 0x0000000715e00000|  0%| F|  |TAMS 0x0000000715c00000, 0x0000000715c00000| Untracked 
| 175|0x0000000715e00000, 0x0000000715e00000, 0x0000000716000000|  0%| F|  |TAMS 0x0000000715e00000, 0x0000000715e00000| Untracked 
| 176|0x0000000716000000, 0x0000000716000000, 0x0000000716200000|  0%| F|  |TAMS 0x0000000716000000, 0x0000000716000000| Untracked 
| 177|0x0000000716200000, 0x0000000716200000, 0x0000000716400000|  0%| F|  |TAMS 0x0000000716200000, 0x0000000716200000| Untracked 
| 178|0x0000000716400000, 0x0000000716400000, 0x0000000716600000|  0%| F|  |TAMS 0x0000000716400000, 0x0000000716400000| Untracked 
| 179|0x0000000716600000, 0x0000000716600000, 0x0000000716800000|  0%| F|  |TAMS 0x0000000716600000, 0x0000000716600000| Untracked 
| 180|0x0000000716800000, 0x0000000716800000, 0x0000000716a00000|  0%| F|  |TAMS 0x0000000716800000, 0x0000000716800000| Untracked 
| 181|0x0000000716a00000, 0x0000000716a00000, 0x0000000716c00000|  0%| F|  |TAMS 0x0000000716a00000, 0x0000000716a00000| Untracked 
| 182|0x0000000716c00000, 0x0000000716c00000, 0x0000000716e00000|  0%| F|  |TAMS 0x0000000716c00000, 0x0000000716c00000| Untracked 
| 183|0x0000000716e00000, 0x0000000716e00000, 0x0000000717000000|  0%| F|  |TAMS 0x0000000716e00000, 0x0000000716e00000| Untracked 
| 184|0x0000000717000000, 0x0000000717000000, 0x0000000717200000|  0%| F|  |TAMS 0x0000000717000000, 0x0000000717000000| Untracked 
| 185|0x0000000717200000, 0x0000000717200000, 0x0000000717400000|  0%| F|  |TAMS 0x0000000717200000, 0x0000000717200000| Untracked 
| 186|0x0000000717400000, 0x0000000717400000, 0x0000000717600000|  0%| F|  |TAMS 0x0000000717400000, 0x0000000717400000| Untracked 
| 187|0x0000000717600000, 0x0000000717600000, 0x0000000717800000|  0%| F|  |TAMS 0x0000000717600000, 0x0000000717600000| Untracked 
| 188|0x0000000717800000, 0x0000000717800000, 0x0000000717a00000|  0%| F|  |TAMS 0x0000000717800000, 0x0000000717800000| Untracked 
| 189|0x0000000717a00000, 0x0000000717a00000, 0x0000000717c00000|  0%| F|  |TAMS 0x0000000717a00000, 0x0000000717a00000| Untracked 
| 190|0x0000000717c00000, 0x0000000717c00000, 0x0000000717e00000|  0%| F|  |TAMS 0x0000000717c00000, 0x0000000717c00000| Untracked 
| 191|0x0000000717e00000, 0x0000000717e00000, 0x0000000718000000|  0%| F|  |TAMS 0x0000000717e00000, 0x0000000717e00000| Untracked 
| 192|0x0000000718000000, 0x0000000718000000, 0x0000000718200000|  0%| F|  |TAMS 0x0000000718000000, 0x0000000718000000| Untracked 
| 193|0x0000000718200000, 0x0000000718200000, 0x0000000718400000|  0%| F|  |TAMS 0x0000000718200000, 0x0000000718200000| Untracked 
| 194|0x0000000718400000, 0x0000000718400000, 0x0000000718600000|  0%| F|  |TAMS 0x0000000718400000, 0x0000000718400000| Untracked 
| 195|0x0000000718600000, 0x0000000718600000, 0x0000000718800000|  0%| F|  |TAMS 0x0000000718600000, 0x0000000718600000| Untracked 
| 196|0x0000000718800000, 0x0000000718800000, 0x0000000718a00000|  0%| F|  |TAMS 0x0000000718800000, 0x0000000718800000| Untracked 
| 197|0x0000000718a00000, 0x0000000718a00000, 0x0000000718c00000|  0%| F|  |TAMS 0x0000000718a00000, 0x0000000718a00000| Untracked 
| 198|0x0000000718c00000, 0x0000000718c00000, 0x0000000718e00000|  0%| F|  |TAMS 0x0000000718c00000, 0x0000000718c00000| Untracked 
| 199|0x0000000718e00000, 0x0000000718e00000, 0x0000000719000000|  0%| F|  |TAMS 0x0000000718e00000, 0x0000000718e00000| Untracked 
| 200|0x0000000719000000, 0x0000000719000000, 0x0000000719200000|  0%| F|  |TAMS 0x0000000719000000, 0x0000000719000000| Untracked 
| 201|0x0000000719200000, 0x0000000719200000, 0x0000000719400000|  0%| F|  |TAMS 0x0000000719200000, 0x0000000719200000| Untracked 
| 202|0x0000000719400000, 0x0000000719400000, 0x0000000719600000|  0%| F|  |TAMS 0x0000000719400000, 0x0000000719400000| Untracked 
| 203|0x0000000719600000, 0x0000000719600000, 0x0000000719800000|  0%| F|  |TAMS 0x0000000719600000, 0x0000000719600000| Untracked 
| 204|0x0000000719800000, 0x0000000719800000, 0x0000000719a00000|  0%| F|  |TAMS 0x0000000719800000, 0x0000000719800000| Untracked 
| 205|0x0000000719a00000, 0x0000000719a00000, 0x0000000719c00000|  0%| F|  |TAMS 0x0000000719a00000, 0x0000000719a00000| Untracked 
| 206|0x0000000719c00000, 0x0000000719c00000, 0x0000000719e00000|  0%| F|  |TAMS 0x0000000719c00000, 0x0000000719c00000| Untracked 
| 207|0x0000000719e00000, 0x0000000719e00000, 0x000000071a000000|  0%| F|  |TAMS 0x0000000719e00000, 0x0000000719e00000| Untracked 
| 208|0x000000071a000000, 0x000000071a000000, 0x000000071a200000|  0%| F|  |TAMS 0x000000071a000000, 0x000000071a000000| Untracked 
| 209|0x000000071a200000, 0x000000071a200000, 0x000000071a400000|  0%| F|  |TAMS 0x000000071a200000, 0x000000071a200000| Untracked 
| 210|0x000000071a400000, 0x000000071a400000, 0x000000071a600000|  0%| F|  |TAMS 0x000000071a400000, 0x000000071a400000| Untracked 
| 211|0x000000071a600000, 0x000000071a600000, 0x000000071a800000|  0%| F|  |TAMS 0x000000071a600000, 0x000000071a600000| Untracked 
| 248|0x000000071f000000, 0x000000071f000000, 0x000000071f200000|  0%| F|  |TAMS 0x000000071f000000, 0x000000071f000000| Untracked 

Card table byte_map: [0x000001ce703c0000,0x000001ce70bc0000] _byte_map_base: 0x000001ce6cbc0000

Marking Bits (Prev, Next): (CMBitMap*) 0x000001ce563cb020, (CMBitMap*) 0x000001ce563cb060
 Prev Bits: [0x000001ce713c0000, 0x000001ce753c0000)
 Next Bits: [0x000001ce753c0000, 0x000001ce793c0000)

Polling page: 0x000001ce563e0000

Metaspace:

Usage:
  Non-class:     38.25 MB used.
      Class:      6.14 MB used.
       Both:     44.39 MB used.

Virtual space:
  Non-class space:       64.00 MB reserved,      38.50 MB ( 60%) committed,  1 nodes.
      Class space:        1.00 GB reserved,       6.38 MB ( <1%) committed,  1 nodes.
             Both:        1.06 GB reserved,      44.88 MB (  4%) committed. 

Chunk freelists:
   Non-Class:  9.19 MB
       Class:  9.56 MB
        Both:  18.75 MB

MaxMetaspaceSize: unlimited
CompressedClassSpaceSize: 1.00 GB
Initial GC threshold: 21.00 MB
Current GC threshold: 58.88 MB
CDS: on
MetaspaceReclaimPolicy: balanced
 - commit_granule_bytes: 65536.
 - commit_granule_words: 8192.
 - virtual_space_node_default_size: 8388608.
 - enlarge_chunks_in_place: 1.
 - new_chunks_are_fully_committed: 0.
 - uncommit_free_chunks: 1.
 - use_allocation_guard: 0.
 - handle_deallocations: 1.


Internal statistics:

num_allocs_failed_limit: 6.
num_arena_births: 710.
num_arena_deaths: 0.
num_vsnodes_births: 2.
num_vsnodes_deaths: 0.
num_space_committed: 718.
num_space_uncommitted: 0.
num_chunks_returned_to_freelist: 6.
num_chunks_taken_from_freelist: 2508.
num_chunk_merges: 3.
num_chunk_splits: 1689.
num_chunks_enlarged: 1182.
num_inconsistent_stats: 0.

CodeHeap 'non-profiled nmethods': size=119168Kb used=5360Kb max_used=5360Kb free=113807Kb
 bounds [0x000001ce67970000, 0x000001ce67eb0000, 0x000001ce6edd0000]
CodeHeap 'profiled nmethods': size=119104Kb used=10300Kb max_used=11921Kb free=108803Kb
 bounds [0x000001ce5fdd0000, 0x000001ce60980000, 0x000001ce67220000]
CodeHeap 'non-nmethods': size=7488Kb used=3347Kb max_used=3453Kb free=4140Kb
 bounds [0x000001ce67220000, 0x000001ce67590000, 0x000001ce67970000]
 total_blobs=6344 nmethods=5619 adapters=634
 compilation: enabled
              stopped_count=0, restarted_count=0
 full_count=0

Compilation events (20 events):
Event: 4.698 Thread 0x000001ce7caee880 nmethod 6979 0x000001ce5ffa9d90 code [0x000001ce5ffa9fe0, 0x000001ce5ffaa8e8]
Event: 4.709 Thread 0x000001ce7caebeb0 nmethod 6978 0x000001ce67e3c910 code [0x000001ce67e3cbe0, 0x000001ce67e3de18]
Event: 4.721 Thread 0x000001ce7caee880 6983       3       org.objectweb.asm.SymbolTable$Entry::<init> (18 bytes)
Event: 4.721 Thread 0x000001ce7caee880 nmethod 6983 0x000001ce60089f90 code [0x000001ce6008a140, 0x000001ce6008a2c8]
Event: 4.763 Thread 0x000001ce7caebeb0 6984       4       java.util.Objects::checkFromIndexSize (8 bytes)
Event: 4.764 Thread 0x000001ce7caebeb0 nmethod 6984 0x000001ce67db1490 code [0x000001ce67db1600, 0x000001ce67db16b8]
Event: 4.785 Thread 0x000001ce7cbaace0 6985       3       java.util.stream.SpinedBuffer::ensureCapacity (138 bytes)
Event: 4.786 Thread 0x000001ce7cbaace0 nmethod 6985 0x000001ce6016a890 code [0x000001ce6016aae0, 0x000001ce6016ba88]
Event: 4.787 Thread 0x000001ce7caebeb0 6986       4       org.objectweb.asm.commons.ClassRemapper::createAnnotationRemapper (26 bytes)
Event: 4.789 Thread 0x000001ce7caebeb0 nmethod 6986 0x000001ce67db0c90 code [0x000001ce67db0e20, 0x000001ce67db1238]
Event: 4.899 Thread 0x000001ce7caee880 6988       3       java.util.stream.AbstractPipeline::evaluateToArrayNode (78 bytes)
Event: 4.899 Thread 0x000001ce7cbaace0 6987       3       java.util.stream.ReferencePipeline::toArray (18 bytes)
Event: 4.899 Thread 0x000001ce7cc1d010 6989       3       java.util.stream.Nodes::flatten (70 bytes)
Event: 4.899 Thread 0x000001ce7cbaace0 nmethod 6987 0x000001ce600e6790 code [0x000001ce600e6940, 0x000001ce600e6b88]
Event: 4.899 Thread 0x000001ce7caee880 nmethod 6988 0x000001ce600aa510 code [0x000001ce600aa720, 0x000001ce600aacf8]
Event: 4.899 Thread 0x000001ce7cc1d010 nmethod 6989 0x000001ce60503490 code [0x000001ce605036c0, 0x000001ce60503f38]
Event: 4.901 Thread 0x000001ce7caee880 6990   !   3       org.gradle.internal.event.AbstractBroadcastDispatch::dispatch (194 bytes)
Event: 4.901 Thread 0x000001ce7caee880 nmethod 6990 0x000001ce6037f690 code [0x000001ce6037fa00, 0x000001ce60381688]
Event: 4.914 Thread 0x000001ce7caee880 6991       3       java.nio.channels.spi.AbstractSelectableChannel::isBlocking (13 bytes)
Event: 4.914 Thread 0x000001ce7caee880 nmethod 6991 0x000001ce5ffe6a10 code [0x000001ce5ffe6ba0, 0x000001ce5ffe6d18]

GC Heap History (20 events):
Event: 3.516 GC heap after
{Heap after GC invocations=17 (full 0):
 garbage-first heap   total 301056K, used 41334K [0x0000000700000000, 0x0000000800000000)
  region size 2048K, 6 young (12288K), 6 survivors (12288K)
 Metaspace       used 45370K, committed 45952K, reserved 1114112K
  class space    used 6281K, committed 6528K, reserved 1048576K
}
Event: 3.664 GC heap before
{Heap before GC invocations=17 (full 0):
 garbage-first heap   total 301056K, used 207222K [0x0000000700000000, 0x0000000800000000)
  region size 2048K, 88 young (180224K), 6 survivors (12288K)
 Metaspace       used 45399K, committed 45952K, reserved 1114112K
  class space    used 6288K, committed 6528K, reserved 1048576K
}
Event: 3.666 GC heap after
{Heap after GC invocations=18 (full 0):
 garbage-first heap   total 301056K, used 42335K [0x0000000700000000, 0x0000000800000000)
  region size 2048K, 7 young (14336K), 7 survivors (14336K)
 Metaspace       used 45399K, committed 45952K, reserved 1114112K
  class space    used 6288K, committed 6528K, reserved 1048576K
}
Event: 3.799 GC heap before
{Heap before GC invocations=18 (full 0):
 garbage-first heap   total 301056K, used 208223K [0x0000000700000000, 0x0000000800000000)
  region size 2048K, 88 young (180224K), 7 survivors (14336K)
 Metaspace       used 45401K, committed 45952K, reserved 1114112K
  class space    used 6288K, committed 6528K, reserved 1048576K
}
Event: 3.802 GC heap after
{Heap after GC invocations=19 (full 0):
 garbage-first heap   total 362496K, used 43410K [0x0000000700000000, 0x0000000800000000)
  region size 2048K, 6 young (12288K), 6 survivors (12288K)
 Metaspace       used 45401K, committed 45952K, reserved 1114112K
  class space    used 6288K, committed 6528K, reserved 1048576K
}
Event: 4.032 GC heap before
{Heap before GC invocations=19 (full 0):
 garbage-first heap   total 362496K, used 248210K [0x0000000700000000, 0x0000000800000000)
  region size 2048K, 106 young (217088K), 6 survivors (12288K)
 Metaspace       used 45412K, committed 45952K, reserved 1114112K
  class space    used 6290K, committed 6528K, reserved 1048576K
}
Event: 4.036 GC heap after
{Heap after GC invocations=20 (full 0):
 garbage-first heap   total 362496K, used 44437K [0x0000000700000000, 0x0000000800000000)
  region size 2048K, 7 young (14336K), 7 survivors (14336K)
 Metaspace       used 45412K, committed 45952K, reserved 1114112K
  class space    used 6290K, committed 6528K, reserved 1048576K
}
Event: 4.213 GC heap before
{Heap before GC invocations=20 (full 0):
 garbage-first heap   total 362496K, used 247189K [0x0000000700000000, 0x0000000800000000)
  region size 2048K, 106 young (217088K), 7 survivors (14336K)
 Metaspace       used 45417K, committed 45952K, reserved 1114112K
  class space    used 6290K, committed 6528K, reserved 1048576K
}
Event: 4.217 GC heap after
{Heap after GC invocations=21 (full 0):
 garbage-first heap   total 362496K, used 46012K [0x0000000700000000, 0x0000000800000000)
  region size 2048K, 8 young (16384K), 8 survivors (16384K)
 Metaspace       used 45417K, committed 45952K, reserved 1114112K
  class space    used 6290K, committed 6528K, reserved 1048576K
}
Event: 4.309 GC heap before
{Heap before GC invocations=21 (full 0):
 garbage-first heap   total 362496K, used 246716K [0x0000000700000000, 0x0000000800000000)
  region size 2048K, 106 young (217088K), 8 survivors (16384K)
 Metaspace       used 45429K, committed 45952K, reserved 1114112K
  class space    used 6290K, committed 6528K, reserved 1048576K
}
Event: 4.313 GC heap after
{Heap after GC invocations=22 (full 0):
 garbage-first heap   total 362496K, used 46032K [0x0000000700000000, 0x0000000800000000)
  region size 2048K, 8 young (16384K), 8 survivors (16384K)
 Metaspace       used 45429K, committed 45952K, reserved 1114112K
  class space    used 6290K, committed 6528K, reserved 1048576K
}
Event: 4.416 GC heap before
{Heap before GC invocations=22 (full 0):
 garbage-first heap   total 362496K, used 246736K [0x0000000700000000, 0x0000000800000000)
  region size 2048K, 106 young (217088K), 8 survivors (16384K)
 Metaspace       used 45436K, committed 45952K, reserved 1114112K
  class space    used 6290K, committed 6528K, reserved 1048576K
}
Event: 4.421 GC heap after
{Heap after GC invocations=23 (full 0):
 garbage-first heap   total 436224K, used 47506K [0x0000000700000000, 0x0000000800000000)
  region size 2048K, 8 young (16384K), 8 survivors (16384K)
 Metaspace       used 45436K, committed 45952K, reserved 1114112K
  class space    used 6290K, committed 6528K, reserved 1048576K
}
Event: 4.564 GC heap before
{Heap before GC invocations=23 (full 0):
 garbage-first heap   total 436224K, used 291218K [0x0000000700000000, 0x0000000800000000)
  region size 2048K, 127 young (260096K), 8 survivors (16384K)
 Metaspace       used 45439K, committed 45952K, reserved 1114112K
  class space    used 6290K, committed 6528K, reserved 1048576K
}
Event: 4.569 GC heap after
{Heap after GC invocations=24 (full 0):
 garbage-first heap   total 436224K, used 49054K [0x0000000700000000, 0x0000000800000000)
  region size 2048K, 9 young (18432K), 9 survivors (18432K)
 Metaspace       used 45439K, committed 45952K, reserved 1114112K
  class space    used 6290K, committed 6528K, reserved 1048576K
}
Event: 4.703 GC heap before
{Heap before GC invocations=24 (full 0):
 garbage-first heap   total 436224K, used 290718K [0x0000000700000000, 0x0000000800000000)
  region size 2048K, 127 young (260096K), 9 survivors (18432K)
 Metaspace       used 45452K, committed 45952K, reserved 1114112K
  class space    used 6290K, committed 6528K, reserved 1048576K
}
Event: 4.708 GC heap after
{Heap after GC invocations=25 (full 0):
 garbage-first heap   total 436224K, used 50709K [0x0000000700000000, 0x0000000800000000)
  region size 2048K, 10 young (20480K), 10 survivors (20480K)
 Metaspace       used 45452K, committed 45952K, reserved 1114112K
  class space    used 6290K, committed 6528K, reserved 1048576K
}
Event: 4.830 GC heap before
{Heap before GC invocations=25 (full 0):
 garbage-first heap   total 436224K, used 290325K [0x0000000700000000, 0x0000000800000000)
  region size 2048K, 127 young (260096K), 10 survivors (20480K)
 Metaspace       used 45453K, committed 45952K, reserved 1114112K
  class space    used 6290K, committed 6528K, reserved 1048576K
}
Event: 4.836 GC heap after
{Heap after GC invocations=26 (full 0):
 garbage-first heap   total 436224K, used 52384K [0x0000000700000000, 0x0000000800000000)
  region size 2048K, 10 young (20480K), 10 survivors (20480K)
 Metaspace       used 45453K, committed 45952K, reserved 1114112K
  class space    used 6290K, committed 6528K, reserved 1048576K
}
Event: 4.948 GC heap before
{Heap before GC invocations=26 (full 0):
 garbage-first heap   total 436224K, used 292000K [0x0000000700000000, 0x0000000800000000)
  region size 2048K, 127 young (260096K), 10 survivors (20480K)
 Metaspace       used 45455K, committed 45952K, reserved 1114112K
  class space    used 6290K, committed 6528K, reserved 1048576K
}

Deoptimization events (20 events):
Event: 3.904 Thread 0x000001ce450b1ab0 Uncommon trap: trap_request=0xffffffec fr.pc=0x000001ce67e5e808 relative=0x00000000000005c8
Event: 3.904 Thread 0x000001ce450b1ab0 Uncommon trap: reason=null_assert_or_unreached0 action=make_not_entrant pc=0x000001ce67e5e808 method=org.gradle.api.internal.runtimeshaded.RuntimeShadedJarCreator$ShadingClassRemapper.visitField(ILjava/lang/String;Ljava/lang/String;Ljava/lang/String;Ljava
Event: 3.904 Thread 0x000001ce450b1ab0 DEOPT PACKING pc=0x000001ce67e5e808 sp=0x000000a853af7cd0
Event: 3.904 Thread 0x000001ce450b1ab0 DEOPT UNPACKING pc=0x000001ce67275ba3 sp=0x000000a853af7ca8 mode 2
Event: 3.904 Thread 0x000001ce450b1ab0 Uncommon trap: trap_request=0xffffffec fr.pc=0x000001ce67dc8018 relative=0x0000000000000278
Event: 3.904 Thread 0x000001ce450b1ab0 Uncommon trap: reason=null_assert_or_unreached0 action=make_not_entrant pc=0x000001ce67dc8018 method=org.gradle.api.internal.runtimeshaded.RuntimeShadedJarCreator$ShadingClassRemapper$1.visitFieldInsn(ILjava/lang/String;Ljava/lang/String;Ljava/lang/String
Event: 3.904 Thread 0x000001ce450b1ab0 DEOPT PACKING pc=0x000001ce67dc8018 sp=0x000000a853af7a70
Event: 3.904 Thread 0x000001ce450b1ab0 DEOPT UNPACKING pc=0x000001ce67275ba3 sp=0x000000a853af7a38 mode 2
Event: 3.904 Thread 0x000001ce450b1ab0 Uncommon trap: trap_request=0xffffff54 fr.pc=0x000001ce67e11bfc relative=0x000000000000025c
Event: 3.904 Thread 0x000001ce450b1ab0 Uncommon trap: reason=speculate_null_assert action=make_not_entrant pc=0x000001ce67e11bfc method=org.gradle.api.internal.runtimeshaded.RuntimeShadedJarCreator$ShadingClassRemapper$1.visitLdcInsn(Ljava/lang/Object;)V @ 25 c2
Event: 3.904 Thread 0x000001ce450b1ab0 DEOPT PACKING pc=0x000001ce67e11bfc sp=0x000000a853af7a60
Event: 3.904 Thread 0x000001ce450b1ab0 DEOPT UNPACKING pc=0x000001ce67275ba3 sp=0x000000a853af7a58 mode 2
Event: 3.933 Thread 0x000001ce450b1ab0 Uncommon trap: trap_request=0xffffff3d fr.pc=0x000001ce67e71b90 relative=0x0000000000000c10
Event: 3.933 Thread 0x000001ce450b1ab0 Uncommon trap: reason=unstable_fused_if action=reinterpret pc=0x000001ce67e71b90 method=org.objectweb.asm.MethodWriter.visitIincInsn(II)V @ 21 c2
Event: 3.933 Thread 0x000001ce450b1ab0 DEOPT PACKING pc=0x000001ce67e71b90 sp=0x000000a853af7a40
Event: 3.933 Thread 0x000001ce450b1ab0 DEOPT UNPACKING pc=0x000001ce67275ba3 sp=0x000000a853af7960 mode 2
Event: 4.170 Thread 0x000001ce450b1ab0 Uncommon trap: trap_request=0xffffff45 fr.pc=0x000001ce67e38880 relative=0x0000000000001ae0
Event: 4.170 Thread 0x000001ce450b1ab0 Uncommon trap: reason=unstable_if action=reinterpret pc=0x000001ce67e38880 method=org.apache.commons.compress.archivers.zip.StreamCompressor.writeDeflated([BII)V @ 95 c2
Event: 4.170 Thread 0x000001ce450b1ab0 DEOPT PACKING pc=0x000001ce67e38880 sp=0x000000a853af82f0
Event: 4.170 Thread 0x000001ce450b1ab0 DEOPT UNPACKING pc=0x000001ce67275ba3 sp=0x000000a853af82d8 mode 2

Classes unloaded (0 events):
No events

Classes redefined (0 events):
No events

Internal exceptions (20 events):
Event: 2.775 Thread 0x000001ce450b1ab0 Exception <a 'java/lang/ClassNotFoundException'{0x00000007106ff468}: org/gradle/invocation/DefaultGradleCustomizer> (0x00000007106ff468) 
thrown [s\open\src\hotspot\share\classfile\systemDictionary.cpp, line 256]
Event: 2.777 Thread 0x000001ce450b1ab0 Exception <a 'java/lang/ClassNotFoundException'{0x0000000710740980}: org/gradle/invocation/DefaultGradle_DecoratedCustomizer> (0x0000000710740980) 
thrown [s\open\src\hotspot\share\classfile\systemDictionary.cpp, line 256]
Event: 2.802 Thread 0x000001ce450b1ab0 Exception <a 'sun/nio/fs/WindowsException'{0x00000007105eec38}> (0x00000007105eec38) 
thrown [s\open\src\hotspot\share\prims\jni.cpp, line 516]
Event: 2.802 Thread 0x000001ce450b1ab0 Exception <a 'sun/nio/fs/WindowsException'{0x00000007105f01c0}> (0x00000007105f01c0) 
thrown [s\open\src\hotspot\share\prims\jni.cpp, line 516]
Event: 2.802 Thread 0x000001ce450b1ab0 Exception <a 'sun/nio/fs/WindowsException'{0x00000007105f1718}> (0x00000007105f1718) 
thrown [s\open\src\hotspot\share\prims\jni.cpp, line 516]
Event: 2.803 Thread 0x000001ce450b1ab0 Exception <a 'sun/nio/fs/WindowsException'{0x00000007105f2c78}> (0x00000007105f2c78) 
thrown [s\open\src\hotspot\share\prims\jni.cpp, line 516]
Event: 2.808 Thread 0x000001ce450b1ab0 Exception <a 'java/lang/NoSuchMethodError'{0x00000007102b2080}: 'java.lang.Object java.lang.invoke.Invokers$Holder.invoker(java.lang.Object, java.lang.Object, java.lang.Object, java.lang.Object, java.lang.Object, java.lang.Object)'> (0x00000007102b2080) 
thrown [s\open\src\hotspot\share\interpreter\linkResolver.cpp, line 759]
Event: 2.815 Thread 0x000001ce450b1ab0 Exception <a 'java/lang/NoSuchMethodError'{0x0000000710359460}: 'java.lang.Object java.lang.invoke.DelegatingMethodHandle$Holder.reinvoke_L(java.lang.Object, java.lang.Object, java.lang.Object, java.lang.Object, java.lang.Object, java.lang.Object, java.lang.Object, java.lang.Object, java.lang.Object, java.lang.Object, java.lang.Object, java.lang.Object, java.lang.Object, java.lang.Object, java.lang.Object, java.lang.Object, java.lang.Object, java.lang.Object, java.lang.Object, java.lang.Object, java.lang.O
Event: 2.816 Thread 0x000001ce450b1ab0 Exception <a 'java/lang/NoSuchMethodError'{0x0000000710365768}: 'java.lang.Object java.lang.invoke.Invokers$Holder.invoker(java.lang.Object, java.lang.Object, java.lang.Object, java.lang.Object, java.lang.Object, java.lang.Object, java.lang.Object, java.lang.Object, java.lang.Object, java.lang.Object, java.lang.Object, java.lang.Object, java.lang.Object, java.lang.Object, java.lang.Object, java.lang.Object, java.lang.Object, java.lang.Object, java.lang.Object, java.lang.Object, java.lang.Object, java.lang.
Event: 2.816 Thread 0x000001ce450b1ab0 Exception <a 'java/lang/NoSuchMethodError'{0x000000071036c388}: 'java.lang.Object java.lang.invoke.DelegatingMethodHandle$Holder.delegate(java.lang.Object, java.lang.Object, java.lang.Object, java.lang.Object, java.lang.Object, java.lang.Object, java.lang.Object, java.lang.Object, java.lang.Object, java.lang.Object, java.lang.Object, java.lang.Object, java.lang.Object, java.lang.Object, java.lang.Object, java.lang.Object, java.lang.Object, java.lang.Object, java.lang.Object, java.lang.Object, java.lang.Obj
Event: 2.821 Thread 0x000001ce450b1ab0 Exception <a 'java/lang/NoSuchMethodError'{0x000000071003bd10}: 'java.lang.Object java.lang.invoke.DirectMethodHandle$Holder.invokeStatic(java.lang.Object, java.lang.Object, java.lang.Object, java.lang.Object, java.lang.Object, java.lang.Object, java.lang.Object, java.lang.Object, java.lang.Object, java.lang.Object, java.lang.Object, java.lang.Object, java.lang.Object, java.lang.Object, java.lang.Object, java.lang.Object, java.lang.Object, java.lang.Object, java.lang.Object, java.lang.Object, java.lang.Obj
Event: 2.822 Thread 0x000001ce450b1ab0 Exception <a 'java/lang/NoSuchMethodError'{0x0000000710070310}: 'java.lang.Object java.lang.invoke.DirectMethodHandle$Holder.invokeStatic(java.lang.Object, java.lang.Object, java.lang.Object, java.lang.Object, java.lang.Object, java.lang.Object, java.lang.Object, java.lang.Object, java.lang.Object, java.lang.Object, java.lang.Object, java.lang.Object, java.lang.Object, java.lang.Object, java.lang.Object, java.lang.Object, java.lang.Object, java.lang.Object, java.lang.Object, java.lang.Object, java.lang.Obj
Event: 2.823 Thread 0x000001ce450b1ab0 Exception <a 'java/lang/NoSuchMethodError'{0x00000007100a6238}: 'java.lang.Object java.lang.invoke.DirectMethodHandle$Holder.invokeStatic(java.lang.Object, java.lang.Object, java.lang.Object, java.lang.Object, java.lang.Object, java.lang.Object, java.lang.Object, java.lang.Object, java.lang.Object, java.lang.Object, java.lang.Object, java.lang.Object, java.lang.Object, java.lang.Object, java.lang.Object, java.lang.Object, java.lang.Object, java.lang.Object, java.lang.Object, java.lang.Object, java.lang.Obj
Event: 2.840 Thread 0x000001ce450b1ab0 Exception <a 'java/lang/NoSuchMethodError'{0x000000070feb3878}: 'java.lang.Object java.lang.invoke.DirectMethodHandle$Holder.invokeStatic(java.lang.Object, java.lang.Object, java.lang.Object, java.lang.Object, java.lang.Object, java.lang.Object, int, java.lang.Object)'> (0x000000070feb3878) 
thrown [s\open\src\hotspot\share\interpreter\linkResolver.cpp, line 759]
Event: 2.841 Thread 0x000001ce450b1ab0 Exception <a 'java/lang/NoSuchMethodError'{0x000000070febe4a8}: 'java.lang.Object java.lang.invoke.DirectMethodHandle$Holder.newInvokeSpecial(java.lang.Object, java.lang.Object, java.lang.Object, java.lang.Object, java.lang.Object, java.lang.Object, int)'> (0x000000070febe4a8) 
thrown [s\open\src\hotspot\share\interpreter\linkResolver.cpp, line 759]
Event: 2.841 Thread 0x000001ce450b1ab0 Exception <a 'java/lang/NoSuchMethodError'{0x000000070fec3858}: 'java.lang.Object java.lang.invoke.DirectMethodHandle$Holder.invokeSpecial(java.lang.Object, java.lang.Object, java.lang.Object, java.lang.Object, java.lang.Object, java.lang.Object, java.lang.Object, int)'> (0x000000070fec3858) 
thrown [s\open\src\hotspot\share\interpreter\linkResolver.cpp, line 759]
Event: 2.841 Thread 0x000001ce450b1ab0 Exception <a 'java/lang/NoSuchMethodError'{0x000000070fec84e8}: 'java.lang.Object java.lang.invoke.Invokers$Holder.linkToTargetMethod(java.lang.Object, java.lang.Object, java.lang.Object, java.lang.Object, java.lang.Object, int, java.lang.Object)'> (0x000000070fec84e8) 
thrown [s\open\src\hotspot\share\interpreter\linkResolver.cpp, line 759]
Event: 2.889 Thread 0x000001ce450b1ab0 Exception <a 'sun/nio/fs/WindowsException'{0x000000070e396fb0}> (0x000000070e396fb0) 
thrown [s\open\src\hotspot\share\prims\jni.cpp, line 516]
Event: 2.889 Thread 0x000001ce450b1ab0 Exception <a 'sun/nio/fs/WindowsException'{0x000000070e398548}> (0x000000070e398548) 
thrown [s\open\src\hotspot\share\prims\jni.cpp, line 516]
Event: 3.628 Thread 0x000001ce450b1ab0 Implicit null exception at 0x000001ce67e1d9f7 to 0x000001ce67e1e9a0

VM Operations (20 events):
Event: 3.767 Executing VM operation: HandshakeAllThreads done
Event: 3.777 Executing VM operation: HandshakeAllThreads
Event: 3.777 Executing VM operation: HandshakeAllThreads done
Event: 3.799 Executing VM operation: G1CollectForAllocation
Event: 3.802 Executing VM operation: G1CollectForAllocation done
Event: 4.032 Executing VM operation: G1CollectForAllocation
Event: 4.036 Executing VM operation: G1CollectForAllocation done
Event: 4.213 Executing VM operation: G1CollectForAllocation
Event: 4.217 Executing VM operation: G1CollectForAllocation done
Event: 4.309 Executing VM operation: G1CollectForAllocation
Event: 4.313 Executing VM operation: G1CollectForAllocation done
Event: 4.416 Executing VM operation: G1CollectForAllocation
Event: 4.421 Executing VM operation: G1CollectForAllocation done
Event: 4.564 Executing VM operation: G1CollectForAllocation
Event: 4.569 Executing VM operation: G1CollectForAllocation done
Event: 4.703 Executing VM operation: G1CollectForAllocation
Event: 4.708 Executing VM operation: G1CollectForAllocation done
Event: 4.830 Executing VM operation: G1CollectForAllocation
Event: 4.836 Executing VM operation: G1CollectForAllocation done
Event: 4.948 Executing VM operation: G1CollectForAllocation

Events (20 events):
Event: 3.786 Thread 0x000001ce7caf11a0 flushing nmethod 0x000001ce608bd090
Event: 3.786 Thread 0x000001ce7caf11a0 flushing nmethod 0x000001ce608c6e90
Event: 3.786 Thread 0x000001ce7caf11a0 flushing nmethod 0x000001ce608e6a90
Event: 3.786 Thread 0x000001ce7caf11a0 flushing nmethod 0x000001ce608f4210
Event: 3.786 Thread 0x000001ce7caf11a0 flushing nmethod 0x000001ce608f4890
Event: 3.786 Thread 0x000001ce7caf11a0 flushing nmethod 0x000001ce608fa410
Event: 3.786 Thread 0x000001ce7caf11a0 flushing nmethod 0x000001ce608fad90
Event: 3.786 Thread 0x000001ce7caf11a0 flushing nmethod 0x000001ce608fe410
Event: 3.786 Thread 0x000001ce7caf11a0 flushing nmethod 0x000001ce60901b10
Event: 3.786 Thread 0x000001ce7caf11a0 flushing nmethod 0x000001ce60906e10
Event: 3.786 Thread 0x000001ce7caf11a0 flushing nmethod 0x000001ce60907990
Event: 3.786 Thread 0x000001ce7caf11a0 flushing nmethod 0x000001ce60934590
Event: 3.833 loading class jdk/internal/misc/ScopedMemoryAccess$Scope$Handle
Event: 3.833 loading class jdk/internal/misc/ScopedMemoryAccess$Scope$Handle done
Event: 4.342 Thread 0x000001ce469fee50 Thread exited: 0x000001ce469fee50
Event: 4.342 Thread 0x000001ce469fe3b0 Thread exited: 0x000001ce469fe3b0
Event: 4.364 Thread 0x000001ce469ffe40 Thread exited: 0x000001ce469ffe40
Event: 4.386 Thread 0x000001ce7cf43250 Thread exited: 0x000001ce7cf43250
Event: 4.576 Thread 0x000001ce7d045250 Thread exited: 0x000001ce7d045250
Event: 4.579 Thread 0x000001ce7cc3ec00 Thread exited: 0x000001ce7cc3ec00


Dynamic libraries:
0x00007ff61da50000 - 0x00007ff61da60000 	C:\Program Files\Java\jdk-17\bin\java.exe
0x00007ffbc4e70000 - 0x00007ffbc5068000 	C:\Windows\SYSTEM32\ntdll.dll
0x00007ffbc4140000 - 0x00007ffbc4202000 	C:\Windows\System32\KERNEL32.DLL
0x00007ffbc25f0000 - 0x00007ffbc28e6000 	C:\Windows\System32\KERNELBASE.dll
0x00007ffbc2990000 - 0x00007ffbc2a90000 	C:\Windows\System32\ucrtbase.dll
0x00007ffb52850000 - 0x00007ffb52869000 	C:\Program Files\Java\jdk-17\bin\jli.dll
0x00007ffb9dd80000 - 0x00007ffb9dd9b000 	C:\Program Files\Java\jdk-17\bin\VCRUNTIME140.dll
0x00007ffbc3cc0000 - 0x00007ffbc3d71000 	C:\Windows\System32\ADVAPI32.dll
0x00007ffbc3410000 - 0x00007ffbc34ae000 	C:\Windows\System32\msvcrt.dll
0x00007ffbc2e90000 - 0x00007ffbc2f2f000 	C:\Windows\System32\sechost.dll
0x00007ffbc4210000 - 0x00007ffbc4330000 	C:\Windows\System32\RPCRT4.dll
0x00007ffbc2530000 - 0x00007ffbc2557000 	C:\Windows\System32\bcrypt.dll
0x00007ffbc3160000 - 0x00007ffbc3301000 	C:\Windows\System32\USER32.dll
0x00007ffbc2500000 - 0x00007ffbc2522000 	C:\Windows\System32\win32u.dll
0x00007ffba67c0000 - 0x00007ffba6a5b000 	C:\Windows\WinSxS\amd64_microsoft.windows.common-controls_6595b64144ccf1df_6.0.19041.6456_none_60b8a6cb71f64256\COMCTL32.dll
0x00007ffbc4b90000 - 0x00007ffbc4bbb000 	C:\Windows\System32\GDI32.dll
0x00007ffbc2b60000 - 0x00007ffbc2c79000 	C:\Windows\System32\gdi32full.dll
0x00007ffbc28f0000 - 0x00007ffbc298d000 	C:\Windows\System32\msvcp_win.dll
0x00007ffbbc530000 - 0x00007ffbbc53a000 	C:\Windows\SYSTEM32\VERSION.dll
0x00007ffbc3310000 - 0x00007ffbc333f000 	C:\Windows\System32\IMM32.DLL
0x00007ffbb74d0000 - 0x00007ffbb74dc000 	C:\Program Files\Java\jdk-17\bin\vcruntime140_1.dll
0x00007ffaf7e40000 - 0x00007ffaf7ece000 	C:\Program Files\Java\jdk-17\bin\msvcp140.dll
0x00007ffa67fa0000 - 0x00007ffa68b80000 	C:\Program Files\Java\jdk-17\bin\server\jvm.dll
0x00007ffbc3340000 - 0x00007ffbc3348000 	C:\Windows\System32\PSAPI.DLL
0x00007ffbbd400000 - 0x00007ffbbd409000 	C:\Windows\SYSTEM32\WSOCK32.dll
0x00007ffbb9fe0000 - 0x00007ffbba007000 	C:\Windows\SYSTEM32\WINMM.dll
0x00007ffbc3af0000 - 0x00007ffbc3b5b000 	C:\Windows\System32\WS2_32.dll
0x00007ffbc0390000 - 0x00007ffbc03a2000 	C:\Windows\SYSTEM32\kernel.appcore.dll
0x00007ffb6aa90000 - 0x00007ffb6aa9a000 	C:\Program Files\Java\jdk-17\bin\jimage.dll
0x00007ffbbb3c0000 - 0x00007ffbbb5c1000 	C:\Windows\SYSTEM32\DBGHELP.DLL
0x00007ffba25c0000 - 0x00007ffba25f4000 	C:\Windows\SYSTEM32\dbgcore.DLL
0x00007ffbc2560000 - 0x00007ffbc25e2000 	C:\Windows\System32\bcryptPrimitives.dll
0x00007ffb6a0b0000 - 0x00007ffb6a0be000 	C:\Program Files\Java\jdk-17\bin\instrument.dll
0x00007ffaf85d0000 - 0x00007ffaf85f5000 	C:\Program Files\Java\jdk-17\bin\java.dll
0x00007ffaf7d60000 - 0x00007ffaf7e37000 	C:\Program Files\Java\jdk-17\bin\jsvml.dll
0x00007ffbc4350000 - 0x00007ffbc4ac0000 	C:\Windows\System32\SHELL32.dll
0x00007ffbc0590000 - 0x00007ffbc0d35000 	C:\Windows\SYSTEM32\windows.storage.dll
0x00007ffbc3de0000 - 0x00007ffbc4134000 	C:\Windows\System32\combase.dll
0x00007ffbc1f30000 - 0x00007ffbc1f5b000 	C:\Windows\SYSTEM32\Wldp.dll
0x00007ffbc4ac0000 - 0x00007ffbc4b8d000 	C:\Windows\System32\OLEAUT32.dll
0x00007ffbc4d80000 - 0x00007ffbc4e2d000 	C:\Windows\System32\SHCORE.dll
0x00007ffbc3d80000 - 0x00007ffbc3ddb000 	C:\Windows\System32\shlwapi.dll
0x00007ffbc2430000 - 0x00007ffbc2454000 	C:\Windows\SYSTEM32\profapi.dll
0x00007ffb33600000 - 0x00007ffb33618000 	C:\Program Files\Java\jdk-17\bin\zip.dll
0x00007ffaf85b0000 - 0x00007ffaf85c9000 	C:\Program Files\Java\jdk-17\bin\net.dll
0x00007ffbbd2d0000 - 0x00007ffbbd3da000 	C:\Windows\SYSTEM32\WINHTTP.dll
0x00007ffbc1c90000 - 0x00007ffbc1cfa000 	C:\Windows\system32\mswsock.dll
0x00007ffaf8590000 - 0x00007ffaf85a6000 	C:\Program Files\Java\jdk-17\bin\nio.dll
0x00007ffb31bd0000 - 0x00007ffb31be0000 	C:\Program Files\Java\jdk-17\bin\verify.dll
0x00007ffb1a690000 - 0x00007ffb1a6b7000 	C:\Users\rc\.gradle\native\1def1411415f61bf3af743bc5b6707747c0891f09f0c88961ee8f79bc544acac\windows-amd64\native-platform.dll
0x00007ffaf8090000 - 0x00007ffaf8107000 	C:\Users\rc\.gradle\native\0.2.8\x86_64-windows-gnu\gradle-fileevents.dll
0x00007ffb2dd40000 - 0x00007ffb2dd4a000 	C:\Program Files\Java\jdk-17\bin\management.dll
0x00007ffb2d680000 - 0x00007ffb2d68b000 	C:\Program Files\Java\jdk-17\bin\management_ext.dll
0x00007ffbc1920000 - 0x00007ffbc195b000 	C:\Windows\SYSTEM32\IPHLPAPI.DLL
0x00007ffbc3ae0000 - 0x00007ffbc3ae8000 	C:\Windows\System32\NSI.dll
0x00007ffbbcaf0000 - 0x00007ffbbcb07000 	C:\Windows\SYSTEM32\dhcpcsvc6.DLL
0x00007ffbbcad0000 - 0x00007ffbbcaed000 	C:\Windows\SYSTEM32\dhcpcsvc.DLL
0x00007ffbc1970000 - 0x00007ffbc1a3a000 	C:\Windows\SYSTEM32\DNSAPI.dll
0x00007ffbc1e80000 - 0x00007ffbc1e98000 	C:\Windows\SYSTEM32\CRYPTSP.dll
0x00007ffbc1540000 - 0x00007ffbc1578000 	C:\Windows\system32\rsaenh.dll
0x00007ffbc23f0000 - 0x00007ffbc241e000 	C:\Windows\SYSTEM32\USERENV.dll
0x00007ffbc1ea0000 - 0x00007ffbc1eac000 	C:\Windows\SYSTEM32\CRYPTBASE.dll
0x00007ffb27460000 - 0x00007ffb2746e000 	C:\Program Files\Java\jdk-17\bin\sunmscapi.dll
0x00007ffbc2d30000 - 0x00007ffbc2e8d000 	C:\Windows\System32\CRYPT32.dll
0x00007ffbc1fa0000 - 0x00007ffbc1fc7000 	C:\Windows\SYSTEM32\ncrypt.dll
0x00007ffbc1f60000 - 0x00007ffbc1f9b000 	C:\Windows\SYSTEM32\NTASN1.dll
0x00007ffb94390000 - 0x00007ffb94397000 	C:\Windows\system32\wshunix.dll

dbghelp: loaded successfully - version: 4.0.5 - missing functions: none
symbol engine: initialized successfully - sym options: 0x614 - pdb path: .;C:\Program Files\Java\jdk-17\bin;C:\Windows\SYSTEM32;C:\Windows\WinSxS\amd64_microsoft.windows.common-controls_6595b64144ccf1df_6.0.19041.6456_none_60b8a6cb71f64256;C:\Program Files\Java\jdk-17\bin\server;C:\Users\rc\.gradle\native\1def1411415f61bf3af743bc5b6707747c0891f09f0c88961ee8f79bc544acac\windows-amd64;C:\Users\rc\.gradle\native\0.2.8\x86_64-windows-gnu

VM Arguments:
jvm_args: --add-opens=java.base/java.lang=ALL-UNNAMED --add-opens=java.base/java.lang.invoke=ALL-UNNAMED --add-opens=java.base/java.util=ALL-UNNAMED --add-opens=java.prefs/java.util.prefs=ALL-UNNAMED --add-exports=jdk.compiler/com.sun.tools.javac.api=ALL-UNNAMED --add-exports=jdk.compiler/com.sun.tools.javac.util=ALL-UNNAMED --add-opens=java.base/java.util=ALL-UNNAMED --add-opens=java.prefs/java.util.prefs=ALL-UNNAMED --add-opens=java.base/java.nio.charset=ALL-UNNAMED --add-opens=java.base/java.net=ALL-UNNAMED --add-opens=java.base/java.util.concurrent=ALL-UNNAMED --add-opens=java.base/java.util.concurrent.atomic=ALL-UNNAMED --add-opens=java.xml/javax.xml.namespace=ALL-UNNAMED --add-opens=java.base/java.time=ALL-UNNAMED -Xmx4096m -Dfile.encoding=UTF-8 -Duser.country=KR -Duser.language=ko -Duser.variant -javaagent:C:\Users\rc\.gradle\wrapper\dists\gradle-9.1.0-bin\9agqghryom9wkf8r80qlhnts3\gradle-9.1.0\lib\agents\gradle-instrumentation-agent-9.1.0.jar 
java_command: org.gradle.launcher.daemon.bootstrap.GradleDaemon 9.1.0
java_class_path (initial): C:\Users\rc\.gradle\wrapper\dists\gradle-9.1.0-bin\9agqghryom9wkf8r80qlhnts3\gradle-9.1.0\lib\gradle-daemon-main-9.1.0.jar
Launcher Type: SUN_STANDARD

[Global flags]
     intx CICompilerCount                          = 12                                        {product} {ergonomic}
     uint ConcGCThreads                            = 5                                         {product} {ergonomic}
     uint G1ConcRefinementThreads                  = 18                                        {product} {ergonomic}
   size_t G1HeapRegionSize                         = 2097152                                   {product} {ergonomic}
    uintx GCDrainStackTargetSize                   = 64                                        {product} {ergonomic}
   size_t InitialHeapSize                          = 522190848                                 {product} {ergonomic}
   size_t MarkStackSize                            = 4194304                                   {product} {ergonomic}
   size_t MaxHeapSize                              = 4294967296                                {product} {command line}
   size_t MaxNewSize                               = 2575302656                                {product} {ergonomic}
   size_t MinHeapDeltaBytes                        = 2097152                                   {product} {ergonomic}
   size_t MinHeapSize                              = 8388608                                   {product} {ergonomic}
    uintx NonNMethodCodeHeapSize                   = 7602480                                {pd product} {ergonomic}
    uintx NonProfiledCodeHeapSize                  = 122027880                              {pd product} {ergonomic}
    uintx ProfiledCodeHeapSize                     = 122027880                              {pd product} {ergonomic}
    uintx ReservedCodeCacheSize                    = 251658240                              {pd product} {ergonomic}
     bool SegmentedCodeCache                       = true                                      {product} {ergonomic}
   size_t SoftMaxHeapSize                          = 4294967296                             {manageable} {ergonomic}
     bool UseCompressedClassPointers               = true                           {product lp64_product} {ergonomic}
     bool UseCompressedOops                        = true                           {product lp64_product} {ergonomic}
     bool UseG1GC                                  = true                                      {product} {ergonomic}
     bool UseLargePagesIndividualAllocation        = false                                  {pd product} {ergonomic}

Logging:
Log output configuration:
 #0: stdout all=warning uptime,level,tags
 #1: stderr all=off uptime,level,tags

Environment Variables:
PATH=C:\Program Files\Common Files\Oracle\Java\javapath;C:\Windows\system32;C:\Windows;C:\Windows\System32\Wbem;C:\Windows\System32\WindowsPowerShell\v1.0\;C:\Windows\System32\OpenSSH\;C:\Program Files\NVIDIA Corporation\NVIDIA App\NvDLISR;C:\Program Files (x86)\NVIDIA Corporation\PhysX\Common;C:\Program Files\cursor\resources\app\bin;C:\Program Files\Microsoft SQL Server\150\Tools\Binn\;C:\Program Files\Microsoft SQL Server\Client SDK\ODBC\170\Tools\Binn\;C:\Program Files\dotnet\;C:\Program Files\Bandizip\;C:\Program Files\Git\cmd;C:\Program Files\nodejs\;C:\ProgramData\chocolatey\bin;C:\Program Files\PuTTY\;C:\Users\rc\AppData\Local\Programs\Python\Python310\Scripts\;C:\Users\rc\AppData\Local\Programs\Python\Python310\;C:\rc\flutter\flutter\bin\;C:\Windows\system32;C:\Windows;C:\Windows\System32\Wbem;C:\Windows\System32\WindowsPowerShell\v1.0\;C:\Windows\System32\OpenSSH\;C:\Program Files\NVIDIA Corporation\NVIDIA App\NvDLISR;C:\Program Files (x86)\NVIDIA Corporation\PhysX\Common;C:\Program Files\cursor\resources\app\bin;C:\Program Files\Microsoft SQL Server\150\Tools\Binn\;C:\Program Files\Microsoft SQL Server\Client SDK\ODBC\170\Tools\Binn\;C:\Program Files\dotnet\;C:\Program Files\Bandizip\;C:\Program Files\Git\cmd;C:\Users\rc\AppData\Local\Programs\Python\Python313\Scripts\;C:\Users\rc\AppData\Local\Programs\Python\Python313\;C:\Users\rc\AppData\Local\Microsoft\WindowsApps;C:\Users\rc\.dotnet\tools;C:\Users\rc\AppData\Local\GitHubDesktop\bin;C:\rc\flutter\flutter\bin;C:\Program Files\Git\cmd;C:\Android\cmdline-tools\latest\bin;C:\Android\platform-tools;C:\Users\rc\AppData\Roaming\npm;C:\Users\rc\AppData\Local\Android\Sdk\platform-tools
USERNAME=rc
OS=Windows_NT
PROCESSOR_IDENTIFIER=AMD64 Family 26 Model 68 Stepping 0, AuthenticAMD



---------------  S Y S T E M  ---------------

OS:
 Windows 10 , 64 bit Build 19041 (10.0.19041.5915)
OS uptime: 4 days 6:30 hours

CPU: total 24 (initial active 24) (24 cores per cpu, 2 threads per core) family 26 model 68 stepping 0 microcode 0x0, cx8, cmov, fxsr, ht, mmx, 3dnowpref, sse, sse2, sse3, ssse3, sse4a, sse4.1, sse4.2, popcnt, lzcnt, tsc, tscinvbit, avx, avx2, aes, erms, clmul, bmi1, bmi2, adx, avx512f, avx512dq, avx512cd, avx512bw, avx512vl, sha, fma, vzeroupper, avx512_vpopcntdq, avx512_vpclmulqdq, avx512_vaes, avx512_vnni, clflush, clflushopt, avx512_vbmi2, avx512_vbmi

Memory: 4k page, system-wide physical 31830M (1039M free)
TotalPageFile size 62268M (AvailPageFile size 58M)
current process WorkingSet (physical memory assigned to process): 625M, peak: 625M
current process commit charge ("private bytes"): 729M, peak: 801M

vm_info: Java HotSpot(TM) 64-Bit Server VM (17.0.12+8-LTS-286) for windows-amd64 JRE (17.0.12+8-LTS-286), built on Jun  5 2024 06:46:59 by "mach5one" with MS VC++ 17.6 (VS2022)

END.
